<?xml version="1.0" encoding="UTF-8"?>
<testsuite xmlns:xsi="http://www.w3.org/2001/XMLSchema-instance" xsi:noNamespaceSchemaLocation="https://maven.apache.org/surefire/maven-surefire-plugin/xsd/surefire-test-report-3.0.xsd" version="3.0" name="de.neuefische.backend.controllers.UserControllerIntegrationTest" time="8.763" tests="6" errors="0" skipped="0" failures="0">
  <properties>
[...]
</properties>
  <testcase name="logout_expect_200" classname="de.neuefische.backend.controllers.UserControllerIntegrationTest" time="0.061">
    <system-out><![CDATA[2024-05-25T09:14:22.839+02:00  INFO 14127 --- [           main] t.c.s.AnnotationConfigContextLoaderUtils : Could not detect default configuration classes for test class [de.neuefische.backend.controllers.UserControllerIntegrationTest]: UserControllerIntegrationTest does not declare any static, non-private, non-final, nested classes annotated with @Configuration.
2024-05-25T09:14:22.848+02:00  INFO 14127 --- [           main] .b.t.c.SpringBootTestContextBootstrapper : Found @SpringBootConfiguration de.neuefische.backend.BackendApplication for test class de.neuefische.backend.controllers.UserControllerIntegrationTest
]]></system-out>
  </testcase>
  <testcase name="registerUser" classname="de.neuefische.backend.controllers.UserControllerIntegrationTest" time="1.23">
    <system-out><![CDATA[2024-05-25T09:14:23.769+02:00  INFO 14127 --- [      Thread-11] d.f.e.m.s.autoconfigure.EmbeddedMongo    : {"t":{"$date":"2024-05-25T09:14:23.768+02:00"},"s":"I",  "c":"NETWORK",  "id":22943,   "ctx":"listener","msg":"Connection accepted","attr":{"remote":"127.0.0.1:57366","uuid":"54dce9cd-6138-47e7-9e58-e34e61753988","connectionId":3,"connectionCount":3}}
2024-05-25T09:14:23.769+02:00  INFO 14127 --- [      Thread-11] d.f.e.m.s.autoconfigure.EmbeddedMongo    : {"t":{"$date":"2024-05-25T09:14:23.769+02:00"},"s":"I",  "c":"NETWORK",  "id":51800,   "ctx":"conn3","msg":"client metadata","attr":{"remote":"127.0.0.1:57366","client":"conn3","doc":{"driver":{"name":"mongo-java-driver|sync|spring-boot","version":"4.9.1"},"os":{"type":"Darwin","name":"Mac OS X","architecture":"aarch64","version":"14.5"},"platform":"Java/Amazon.com Inc./20.0.2+9-FR"}}}
2024-05-25T09:14:23.783+02:00  INFO 14127 --- [      Thread-11] d.f.e.m.s.autoconfigure.EmbeddedMongo    : {"t":{"$date":"2024-05-25T09:14:23.783+02:00"},"s":"I",  "c":"STORAGE",  "id":20320,   "ctx":"conn3","msg":"createCollection","attr":{"namespace":"test.users","uuidDisposition":"generated","uuid":{"uuid":{"$uuid":"ab353ea8-0f59-41d8-a5a0-b9a2b2fea336"}},"options":{}}}
2024-05-25T09:14:23.826+02:00  INFO 14127 --- [      Thread-11] d.f.e.m.s.autoconfigure.EmbeddedMongo    : {"t":{"$date":"2024-05-25T09:14:23.826+02:00"},"s":"I",  "c":"INDEX",    "id":20345,   "ctx":"conn3","msg":"Index build: done building","attr":{"buildUUID":null,"collectionUUID":{"uuid":{"$uuid":"ab353ea8-0f59-41d8-a5a0-b9a2b2fea336"}},"namespace":"test.users","index":"_id_","ident":"index-8--6141046946733447853","collectionIdent":"collection-7--6141046946733447853","commitTimestamp":null}}
2024-05-25T09:14:23.844+02:00  INFO 14127 --- [      Thread-11] d.f.e.m.s.autoconfigure.EmbeddedMongo    : {"t":{"$date":"2024-05-25T09:14:23.844+02:00"},"s":"I",  "c":"NETWORK",  "id":22944,   "ctx":"conn3","msg":"Connection ended","attr":{"remote":"127.0.0.1:57366","uuid":"54dce9cd-6138-47e7-9e58-e34e61753988","connectionId":3,"connectionCount":2}}
2024-05-25T09:14:23.845+02:00  INFO 14127 --- [      Thread-11] d.f.e.m.s.autoconfigure.EmbeddedMongo    : {"t":{"$date":"2024-05-25T09:14:23.844+02:00"},"s":"I",  "c":"NETWORK",  "id":22944,   "ctx":"conn2","msg":"Connection ended","attr":{"remote":"127.0.0.1:57344","uuid":"0ef4e717-f22a-480d-b293-387cd137973c","connectionId":2,"connectionCount":1}}
2024-05-25T09:14:23.845+02:00  INFO 14127 --- [      Thread-11] d.f.e.m.s.autoconfigure.EmbeddedMongo    : {"t":{"$date":"2024-05-25T09:14:23.845+02:00"},"s":"I",  "c":"NETWORK",  "id":22943,   "ctx":"listener","msg":"Connection accepted","attr":{"remote":"127.0.0.1:57367","uuid":"3e733625-77a8-4992-8940-2fd780cabf01","connectionId":4,"connectionCount":2}}
2024-05-25T09:14:23.845+02:00  INFO 14127 --- [      Thread-11] d.f.e.m.s.autoconfigure.EmbeddedMongo    : {"t":{"$date":"2024-05-25T09:14:23.845+02:00"},"s":"W",  "c":"COMMAND",  "id":5578800, "ctx":"conn4","msg":"Received wire protocol op code or command that is no longer supported. The client driver may require an upgrade. For more details see https://dochub.mongodb.org/core/legacy-opcode-removal","attr":{"op":"query","clientInfo":{"address":"127.0.0.1:57367"}}}
2024-05-25T09:14:23.845+02:00 ERROR 14127 --- [           main] d.flapdoodle.embed.mongo.runtime.Mongod  : Got some response, should be an error message
2024-05-25T09:14:23.845+02:00  INFO 14127 --- [      Thread-11] d.f.e.m.s.autoconfigure.EmbeddedMongo    : {"t":{"$date":"2024-05-25T09:14:23.845+02:00"},"s":"I",  "c":"NETWORK",  "id":22944,   "ctx":"conn4","msg":"Connection ended","attr":{"remote":"127.0.0.1:57367","uuid":"3e733625-77a8-4992-8940-2fd780cabf01","connectionId":4,"connectionCount":1}}
2024-05-25T09:14:23.947+02:00  INFO 14127 --- [      Thread-11] d.f.e.m.s.autoconfigure.EmbeddedMongo    : {"t":{"$date":"2024-05-25T09:14:23.946+02:00"},"s":"I",  "c":"NETWORK",  "id":22943,   "ctx":"listener","msg":"Connection accepted","attr":{"remote":"127.0.0.1:57368","uuid":"55919a8a-a18f-4315-bda8-7be100300581","connectionId":5,"connectionCount":2}}
2024-05-25T09:14:23.947+02:00  INFO 14127 --- [      Thread-11] d.f.e.m.s.autoconfigure.EmbeddedMongo    : {"t":{"$date":"2024-05-25T09:14:23.947+02:00"},"s":"I",  "c":"COMMAND",  "id":4695400, "ctx":"conn5","msg":"Terminating via shutdown command","attr":{"force":false,"timeoutMillis":15000}}
2024-05-25T09:14:23.947+02:00  INFO 14127 --- [      Thread-11] d.f.e.m.s.autoconfigure.EmbeddedMongo    : {"t":{"$date":"2024-05-25T09:14:23.947+02:00"},"s":"I",  "c":"REPL",     "id":4794602, "ctx":"thread31","msg":"Attempting to enter quiesce mode"}
2024-05-25T09:14:23.947+02:00  INFO 14127 --- [      Thread-11] d.f.e.m.s.autoconfigure.EmbeddedMongo    : {"t":{"$date":"2024-05-25T09:14:23.947+02:00"},"s":"I",  "c":"-",        "id":6371601, "ctx":"thread31","msg":"Shutting down the FLE Crud thread pool"}
2024-05-25T09:14:23.947+02:00  INFO 14127 --- [      Thread-11] d.f.e.m.s.autoconfigure.EmbeddedMongo    : {"t":{"$date":"2024-05-25T09:14:23.947+02:00"},"s":"I",  "c":"COMMAND",  "id":4784901, "ctx":"thread31","msg":"Shutting down the MirrorMaestro"}
2024-05-25T09:14:23.947+02:00  INFO 14127 --- [      Thread-11] d.f.e.m.s.autoconfigure.EmbeddedMongo    : {"t":{"$date":"2024-05-25T09:14:23.947+02:00"},"s":"I",  "c":"SHARDING", "id":4784902, "ctx":"thread31","msg":"Shutting down the WaitForMajorityService"}
2024-05-25T09:14:23.947+02:00  INFO 14127 --- [      Thread-11] d.f.e.m.s.autoconfigure.EmbeddedMongo    : {"t":{"$date":"2024-05-25T09:14:23.947+02:00"},"s":"I",  "c":"CONTROL",  "id":4784903, "ctx":"thread31","msg":"Shutting down the LogicalSessionCache"}
2024-05-25T09:14:23.947+02:00  INFO 14127 --- [      Thread-11] d.f.e.m.s.autoconfigure.EmbeddedMongo    : {"t":{"$date":"2024-05-25T09:14:23.947+02:00"},"s":"I",  "c":"NETWORK",  "id":20562,   "ctx":"thread31","msg":"Shutdown: going to close listening sockets"}
2024-05-25T09:14:23.947+02:00  INFO 14127 --- [      Thread-11] d.f.e.m.s.autoconfigure.EmbeddedMongo    : {"t":{"$date":"2024-05-25T09:14:23.947+02:00"},"s":"I",  "c":"NETWORK",  "id":23017,   "ctx":"listener","msg":"removing socket file","attr":{"path":"/tmp/mongodb-57338.sock"}}
2024-05-25T09:14:23.947+02:00  INFO 14127 --- [      Thread-11] d.f.e.m.s.autoconfigure.EmbeddedMongo    : {"t":{"$date":"2024-05-25T09:14:23.947+02:00"},"s":"I",  "c":"NETWORK",  "id":4784905, "ctx":"thread31","msg":"Shutting down the global connection pool"}
2024-05-25T09:14:23.947+02:00  INFO 14127 --- [      Thread-11] d.f.e.m.s.autoconfigure.EmbeddedMongo    : {"t":{"$date":"2024-05-25T09:14:23.947+02:00"},"s":"I",  "c":"CONTROL",  "id":4784906, "ctx":"thread31","msg":"Shutting down the FlowControlTicketholder"}
2024-05-25T09:14:23.948+02:00  INFO 14127 --- [      Thread-11] d.f.e.m.s.autoconfigure.EmbeddedMongo    : {"t":{"$date":"2024-05-25T09:14:23.947+02:00"},"s":"I",  "c":"-",        "id":20520,   "ctx":"thread31","msg":"Stopping further Flow Control ticket acquisitions."}
2024-05-25T09:14:23.948+02:00  INFO 14127 --- [      Thread-11] d.f.e.m.s.autoconfigure.EmbeddedMongo    : {"t":{"$date":"2024-05-25T09:14:23.947+02:00"},"s":"I",  "c":"CONTROL",  "id":4784908, "ctx":"thread31","msg":"Shutting down the PeriodicThreadToAbortExpiredTransactions"}
2024-05-25T09:14:23.948+02:00  INFO 14127 --- [      Thread-11] d.f.e.m.s.autoconfigure.EmbeddedMongo    : {"t":{"$date":"2024-05-25T09:14:23.947+02:00"},"s":"I",  "c":"REPL",     "id":4784909, "ctx":"thread31","msg":"Shutting down the ReplicationCoordinator"}
2024-05-25T09:14:23.948+02:00  INFO 14127 --- [      Thread-11] d.f.e.m.s.autoconfigure.EmbeddedMongo    : {"t":{"$date":"2024-05-25T09:14:23.947+02:00"},"s":"I",  "c":"SHARDING", "id":4784910, "ctx":"thread31","msg":"Shutting down the ShardingInitializationMongoD"}
2024-05-25T09:14:23.948+02:00  INFO 14127 --- [      Thread-11] d.f.e.m.s.autoconfigure.EmbeddedMongo    : {"t":{"$date":"2024-05-25T09:14:23.947+02:00"},"s":"I",  "c":"REPL",     "id":4784911, "ctx":"thread31","msg":"Enqueuing the ReplicationStateTransitionLock for shutdown"}
2024-05-25T09:14:23.948+02:00  INFO 14127 --- [      Thread-11] d.f.e.m.s.autoconfigure.EmbeddedMongo    : {"t":{"$date":"2024-05-25T09:14:23.947+02:00"},"s":"I",  "c":"-",        "id":4784912, "ctx":"thread31","msg":"Killing all operations for shutdown"}
2024-05-25T09:14:23.948+02:00  INFO 14127 --- [      Thread-11] d.f.e.m.s.autoconfigure.EmbeddedMongo    : {"t":{"$date":"2024-05-25T09:14:23.948+02:00"},"s":"I",  "c":"-",        "id":4695300, "ctx":"thread31","msg":"Interrupted all currently running operations","attr":{"opsKilled":4}}
2024-05-25T09:14:23.948+02:00  INFO 14127 --- [      Thread-11] d.f.e.m.s.autoconfigure.EmbeddedMongo    : {"t":{"$date":"2024-05-25T09:14:23.948+02:00"},"s":"I",  "c":"TENANT_M", "id":5093807, "ctx":"thread31","msg":"Shutting down all TenantMigrationAccessBlockers on global shutdown"}
2024-05-25T09:14:23.948+02:00  INFO 14127 --- [      Thread-11] d.f.e.m.s.autoconfigure.EmbeddedMongo    : {"t":{"$date":"2024-05-25T09:14:23.948+02:00"},"s":"I",  "c":"COMMAND",  "id":4784913, "ctx":"thread31","msg":"Shutting down all open transactions"}
2024-05-25T09:14:23.948+02:00  INFO 14127 --- [      Thread-11] d.f.e.m.s.autoconfigure.EmbeddedMongo    : {"t":{"$date":"2024-05-25T09:14:23.948+02:00"},"s":"I",  "c":"REPL",     "id":4784914, "ctx":"thread31","msg":"Acquiring the ReplicationStateTransitionLock for shutdown"}
2024-05-25T09:14:23.948+02:00  INFO 14127 --- [      Thread-11] d.f.e.m.s.autoconfigure.EmbeddedMongo    : {"t":{"$date":"2024-05-25T09:14:23.948+02:00"},"s":"I",  "c":"INDEX",    "id":4784915, "ctx":"thread31","msg":"Shutting down the IndexBuildsCoordinator"}
2024-05-25T09:14:23.948+02:00  INFO 14127 --- [      Thread-11] d.f.e.m.s.autoconfigure.EmbeddedMongo    : {"t":{"$date":"2024-05-25T09:14:23.948+02:00"},"s":"I",  "c":"NETWORK",  "id":4784918, "ctx":"thread31","msg":"Shutting down the ReplicaSetMonitor"}
2024-05-25T09:14:23.948+02:00  INFO 14127 --- [      Thread-11] d.f.e.m.s.autoconfigure.EmbeddedMongo    : {"t":{"$date":"2024-05-25T09:14:23.948+02:00"},"s":"I",  "c":"SHARDING", "id":4784921, "ctx":"thread31","msg":"Shutting down the MigrationUtilExecutor"}
2024-05-25T09:14:23.948+02:00  INFO 14127 --- [      Thread-11] d.f.e.m.s.autoconfigure.EmbeddedMongo    : {"t":{"$date":"2024-05-25T09:14:23.948+02:00"},"s":"I",  "c":"ASIO",     "id":22582,   "ctx":"MigrationUtil-TaskExecutor","msg":"Killing all outstanding egress activity."}
2024-05-25T09:14:23.948+02:00  INFO 14127 --- [      Thread-11] d.f.e.m.s.autoconfigure.EmbeddedMongo    : {"t":{"$date":"2024-05-25T09:14:23.948+02:00"},"s":"I",  "c":"COMMAND",  "id":4784923, "ctx":"thread31","msg":"Shutting down the ServiceEntryPoint"}
2024-05-25T09:14:23.948+02:00  INFO 14127 --- [      Thread-11] d.f.e.m.s.autoconfigure.EmbeddedMongo    : {"t":{"$date":"2024-05-25T09:14:23.948+02:00"},"s":"I",  "c":"CONTROL",  "id":4784925, "ctx":"thread31","msg":"Shutting down free monitoring"}
2024-05-25T09:14:23.948+02:00  INFO 14127 --- [      Thread-11] d.f.e.m.s.autoconfigure.EmbeddedMongo    : {"t":{"$date":"2024-05-25T09:14:23.948+02:00"},"s":"I",  "c":"CONTROL",  "id":20609,   "ctx":"thread31","msg":"Shutting down free monitoring"}
2024-05-25T09:14:23.948+02:00  INFO 14127 --- [      Thread-11] d.f.e.m.s.autoconfigure.EmbeddedMongo    : {"t":{"$date":"2024-05-25T09:14:23.948+02:00"},"s":"I",  "c":"CONTROL",  "id":4784927, "ctx":"thread31","msg":"Shutting down the HealthLog"}
2024-05-25T09:14:23.948+02:00  INFO 14127 --- [      Thread-11] d.f.e.m.s.autoconfigure.EmbeddedMongo    : {"t":{"$date":"2024-05-25T09:14:23.948+02:00"},"s":"I",  "c":"CONTROL",  "id":4784928, "ctx":"thread31","msg":"Shutting down the TTL monitor"}
2024-05-25T09:14:23.948+02:00  INFO 14127 --- [      Thread-11] d.f.e.m.s.autoconfigure.EmbeddedMongo    : {"t":{"$date":"2024-05-25T09:14:23.948+02:00"},"s":"I",  "c":"INDEX",    "id":3684100, "ctx":"thread31","msg":"Shutting down TTL collection monitor thread"}
2024-05-25T09:14:23.949+02:00  INFO 14127 --- [      Thread-11] d.f.e.m.s.autoconfigure.EmbeddedMongo    : {"t":{"$date":"2024-05-25T09:14:23.948+02:00"},"s":"I",  "c":"INDEX",    "id":3684101, "ctx":"thread31","msg":"Finished shutting down TTL collection monitor thread"}
2024-05-25T09:14:23.949+02:00  INFO 14127 --- [      Thread-11] d.f.e.m.s.autoconfigure.EmbeddedMongo    : {"t":{"$date":"2024-05-25T09:14:23.948+02:00"},"s":"I",  "c":"CONTROL",  "id":6278511, "ctx":"thread31","msg":"Shutting down the Change Stream Expired Pre-images Remover"}
2024-05-25T09:14:23.949+02:00  INFO 14127 --- [      Thread-11] d.f.e.m.s.autoconfigure.EmbeddedMongo    : {"t":{"$date":"2024-05-25T09:14:23.948+02:00"},"s":"I",  "c":"CONTROL",  "id":4784929, "ctx":"thread31","msg":"Acquiring the global lock for shutdown"}
2024-05-25T09:14:23.949+02:00  INFO 14127 --- [      Thread-11] d.f.e.m.s.autoconfigure.EmbeddedMongo    : {"t":{"$date":"2024-05-25T09:14:23.948+02:00"},"s":"I",  "c":"CONTROL",  "id":4784930, "ctx":"thread31","msg":"Shutting down the storage engine"}
2024-05-25T09:14:23.949+02:00  INFO 14127 --- [      Thread-11] d.f.e.m.s.autoconfigure.EmbeddedMongo    : {"t":{"$date":"2024-05-25T09:14:23.948+02:00"},"s":"I",  "c":"STORAGE",  "id":22320,   "ctx":"thread31","msg":"Shutting down journal flusher thread"}
2024-05-25T09:14:23.949+02:00  INFO 14127 --- [      Thread-11] d.f.e.m.s.autoconfigure.EmbeddedMongo    : {"t":{"$date":"2024-05-25T09:14:23.948+02:00"},"s":"I",  "c":"NETWORK",  "id":22944,   "ctx":"conn1","msg":"Connection ended","attr":{"remote":"127.0.0.1:57343","uuid":"4263ca0b-a90e-478e-a662-89f9bae38536","connectionId":1,"connectionCount":1}}
2024-05-25T09:14:24.004+02:00  INFO 14127 --- [      Thread-11] d.f.e.m.s.autoconfigure.EmbeddedMongo    : {"t":{"$date":"2024-05-25T09:14:24.004+02:00"},"s":"I",  "c":"STORAGE",  "id":22321,   "ctx":"thread31","msg":"Finished shutting down journal flusher thread"}
2024-05-25T09:14:24.005+02:00  INFO 14127 --- [      Thread-11] d.f.e.m.s.autoconfigure.EmbeddedMongo    : {"t":{"$date":"2024-05-25T09:14:24.004+02:00"},"s":"I",  "c":"STORAGE",  "id":22322,   "ctx":"thread31","msg":"Shutting down checkpoint thread"}
2024-05-25T09:14:24.005+02:00  INFO 14127 --- [      Thread-11] d.f.e.m.s.autoconfigure.EmbeddedMongo    : {"t":{"$date":"2024-05-25T09:14:24.004+02:00"},"s":"I",  "c":"STORAGE",  "id":22323,   "ctx":"thread31","msg":"Finished shutting down checkpoint thread"}
2024-05-25T09:14:24.005+02:00  INFO 14127 --- [      Thread-11] d.f.e.m.s.autoconfigure.EmbeddedMongo    : {"t":{"$date":"2024-05-25T09:14:24.004+02:00"},"s":"I",  "c":"STORAGE",  "id":20282,   "ctx":"thread31","msg":"Deregistering all the collections"}
2024-05-25T09:14:24.005+02:00  INFO 14127 --- [      Thread-11] d.f.e.m.s.autoconfigure.EmbeddedMongo    : {"t":{"$date":"2024-05-25T09:14:24.004+02:00"},"s":"I",  "c":"STORAGE",  "id":22261,   "ctx":"thread31","msg":"Timestamp monitor shutting down"}
2024-05-25T09:14:24.005+02:00  INFO 14127 --- [      Thread-11] d.f.e.m.s.autoconfigure.EmbeddedMongo    : {"t":{"$date":"2024-05-25T09:14:24.005+02:00"},"s":"I",  "c":"STORAGE",  "id":22317,   "ctx":"thread31","msg":"WiredTigerKVEngine shutting down"}
2024-05-25T09:14:24.005+02:00  INFO 14127 --- [      Thread-11] d.f.e.m.s.autoconfigure.EmbeddedMongo    : {"t":{"$date":"2024-05-25T09:14:24.005+02:00"},"s":"I",  "c":"STORAGE",  "id":22318,   "ctx":"thread31","msg":"Shutting down session sweeper thread"}
2024-05-25T09:14:24.005+02:00  INFO 14127 --- [      Thread-11] d.f.e.m.s.autoconfigure.EmbeddedMongo    : {"t":{"$date":"2024-05-25T09:14:24.005+02:00"},"s":"I",  "c":"STORAGE",  "id":22319,   "ctx":"thread31","msg":"Finished shutting down session sweeper thread"}
2024-05-25T09:14:24.005+02:00  INFO 14127 --- [      Thread-11] d.f.e.m.s.autoconfigure.EmbeddedMongo    : {"t":{"$date":"2024-05-25T09:14:24.005+02:00"},"s":"I",  "c":"STORAGE",  "id":4795902, "ctx":"thread31","msg":"Closing WiredTiger","attr":{"closeConfig":"leak_memory=true,"}}
2024-05-25T09:14:24.033+02:00  INFO 14127 --- [      Thread-11] d.f.e.m.s.autoconfigure.EmbeddedMongo    : {"t":{"$date":"2024-05-25T09:14:24.033+02:00"},"s":"I",  "c":"STORAGE",  "id":4795901, "ctx":"thread31","msg":"WiredTiger closed","attr":{"durationMillis":28}}
2024-05-25T09:14:24.034+02:00  INFO 14127 --- [      Thread-11] d.f.e.m.s.autoconfigure.EmbeddedMongo    : {"t":{"$date":"2024-05-25T09:14:24.033+02:00"},"s":"I",  "c":"STORAGE",  "id":22279,   "ctx":"thread31","msg":"shutdown: removing fs lock..."}
2024-05-25T09:14:24.034+02:00  INFO 14127 --- [      Thread-11] d.f.e.m.s.autoconfigure.EmbeddedMongo    : {"t":{"$date":"2024-05-25T09:14:24.033+02:00"},"s":"I",  "c":"-",        "id":4784931, "ctx":"thread31","msg":"Dropping the scope cache for shutdown"}
2024-05-25T09:14:24.034+02:00  INFO 14127 --- [      Thread-11] d.f.e.m.s.autoconfigure.EmbeddedMongo    : {"t":{"$date":"2024-05-25T09:14:24.033+02:00"},"s":"I",  "c":"FTDC",     "id":20626,   "ctx":"thread31","msg":"Shutting down full-time diagnostic data capture"}
2024-05-25T09:14:24.034+02:00  INFO 14127 --- [      Thread-11] d.f.e.m.s.autoconfigure.EmbeddedMongo    : {"t":{"$date":"2024-05-25T09:14:24.034+02:00"},"s":"I",  "c":"CONTROL",  "id":20565,   "ctx":"thread31","msg":"Now exiting"}
2024-05-25T09:14:24.035+02:00  INFO 14127 --- [      Thread-11] d.f.e.m.s.autoconfigure.EmbeddedMongo    : {"t":{"$date":"2024-05-25T09:14:24.035+02:00"},"s":"I",  "c":"CONTROL",  "id":23138,   "ctx":"thread31","msg":"Shutting down","attr":{"exitCode":0}}
2024-05-25T09:14:24.145+02:00  INFO 14127 --- [           main] j.LocalContainerEntityManagerFactoryBean : Closing JPA EntityManagerFactory for persistence unit 'default'
2024-05-25T09:14:24.146+02:00  INFO 14127 --- [           main] com.zaxxer.hikari.HikariDataSource       : HikariPool-3 - Shutdown initiated...
2024-05-25T09:14:24.147+02:00  INFO 14127 --- [           main] com.zaxxer.hikari.HikariDataSource       : HikariPool-3 - Shutdown completed.
]]></system-out>
  </testcase>
  <testcase name="loginUser_thenReturnStatus200" classname="de.neuefische.backend.controllers.UserControllerIntegrationTest" time="0.3">
    <system-out><![CDATA[
  .   ____          _            __ _ _
 /\\ / ___'_ __ _ _(_)_ __  __ _ \ \ \ \
( ( )\___ | '_ | '_| | '_ \/ _` | \ \ \ \
 \\/  ___)| |_)| | | | | || (_| |  ) ) ) )
  '  |____| .__|_| |_|_| |_\__, | / / / /
 =========|_|==============|___/=/_/_/_/
 :: Spring Boot ::                (v3.1.0)

2024-05-25T09:14:24.164+02:00  INFO 14127 --- [           main] d.n.b.c.UserControllerIntegrationTest    : Starting UserControllerIntegrationTest using Java 20.0.2 with PID 14127 (started by paffen in /Users/paffen/IdeaProjects/capstone-foodspot/backend)
2024-05-25T09:14:24.164+02:00  INFO 14127 --- [           main] d.n.b.c.UserControllerIntegrationTest    : No active profile set, falling back to 1 default profile: "default"
2024-05-25T09:14:24.329+02:00  INFO 14127 --- [           main] .s.d.r.c.RepositoryConfigurationDelegate : Multiple Spring Data modules found, entering strict repository configuration mode
2024-05-25T09:14:24.329+02:00  INFO 14127 --- [           main] .s.d.r.c.RepositoryConfigurationDelegate : Bootstrapping Spring Data JPA repositories in DEFAULT mode.
2024-05-25T09:14:24.333+02:00  INFO 14127 --- [           main] .RepositoryConfigurationExtensionSupport : Spring Data JPA - Could not safely identify store assignment for repository candidate interface de.neuefische.backend.repos.FoodSpotRepo; If you want this repository to be a JPA repository, consider annotating your entities with one of these annotations: jakarta.persistence.Entity, jakarta.persistence.MappedSuperclass (preferred), or consider extending one of the following types with your repository: org.springframework.data.jpa.repository.JpaRepository
2024-05-25T09:14:24.333+02:00  INFO 14127 --- [           main] .RepositoryConfigurationExtensionSupport : Spring Data JPA - Could not safely identify store assignment for repository candidate interface de.neuefische.backend.repos.UserRepo; If you want this repository to be a JPA repository, consider annotating your entities with one of these annotations: jakarta.persistence.Entity, jakarta.persistence.MappedSuperclass (preferred), or consider extending one of the following types with your repository: org.springframework.data.jpa.repository.JpaRepository
2024-05-25T09:14:24.333+02:00  INFO 14127 --- [           main] .s.d.r.c.RepositoryConfigurationDelegate : Finished Spring Data repository scanning in 4 ms. Found 0 JPA repository interfaces.
2024-05-25T09:14:24.337+02:00  INFO 14127 --- [           main] .s.d.r.c.RepositoryConfigurationDelegate : Multiple Spring Data modules found, entering strict repository configuration mode
2024-05-25T09:14:24.337+02:00  INFO 14127 --- [           main] .s.d.r.c.RepositoryConfigurationDelegate : Bootstrapping Spring Data MongoDB repositories in DEFAULT mode.
2024-05-25T09:14:24.341+02:00  INFO 14127 --- [           main] .s.d.r.c.RepositoryConfigurationDelegate : Finished Spring Data repository scanning in 3 ms. Found 2 MongoDB repository interfaces.
2024-05-25T09:14:24.370+02:00  INFO 14127 --- [           main] trationDelegate$BeanPostProcessorChecker : Bean 'de.flapdoodle.embed.mongo.spring.autoconfigure.EmbeddedMongoAutoConfiguration' of type [de.flapdoodle.embed.mongo.spring.autoconfigure.EmbeddedMongoAutoConfiguration] is not eligible for getting processed by all BeanPostProcessors (for example: not eligible for auto-proxying)
2024-05-25T09:14:24.373+02:00  INFO 14127 --- [           main] trationDelegate$BeanPostProcessorChecker : Bean 'de.flapdoodle.mongodb.embedded-de.flapdoodle.embed.mongo.spring.autoconfigure.EmbeddedMongoProperties' of type [de.flapdoodle.embed.mongo.spring.autoconfigure.EmbeddedMongoProperties] is not eligible for getting processed by all BeanPostProcessors (for example: not eligible for auto-proxying)
2024-05-25T09:14:24.374+02:00  INFO 14127 --- [           main] trationDelegate$BeanPostProcessorChecker : Bean 'spring.data.mongodb-org.springframework.boot.autoconfigure.mongo.MongoProperties' of type [org.springframework.boot.autoconfigure.mongo.MongoProperties] is not eligible for getting processed by all BeanPostProcessors (for example: not eligible for auto-proxying)
2024-05-25T09:14:24.389+02:00  INFO 14127 --- [           main] com.zaxxer.hikari.HikariDataSource       : HikariPool-4 - Starting...
2024-05-25T09:14:24.392+02:00  INFO 14127 --- [           main] com.zaxxer.hikari.pool.HikariPool        : HikariPool-4 - Added connection conn30: url=jdbc:h2:mem:9bf7b8b2-3988-4a5e-a7b6-7b3170343283 user=SA
2024-05-25T09:14:24.392+02:00  INFO 14127 --- [           main] com.zaxxer.hikari.HikariDataSource       : HikariPool-4 - Start completed.
2024-05-25T09:14:24.393+02:00  INFO 14127 --- [           main] o.hibernate.jpa.internal.util.LogHelper  : HHH000204: Processing PersistenceUnitInfo [name: default]
2024-05-25T09:14:24.397+02:00  INFO 14127 --- [           main] o.h.b.i.BytecodeProviderInitiator        : HHH000021: Bytecode provider name : bytebuddy
2024-05-25T09:14:24.397+02:00  INFO 14127 --- [           main] o.s.o.j.p.SpringPersistenceUnitInfo      : No LoadTimeWeaver setup: ignoring JPA class transformer
2024-05-25T09:14:24.398+02:00  INFO 14127 --- [           main] org.hibernate.orm.dialect                : HHH035001: Using dialect: org.hibernate.dialect.H2Dialect, version: 1.4.200
2024-05-25T09:14:24.401+02:00  INFO 14127 --- [           main] o.h.b.i.BytecodeProviderInitiator        : HHH000021: Bytecode provider name : bytebuddy
2024-05-25T09:14:24.405+02:00  INFO 14127 --- [           main] o.h.e.t.j.p.i.JtaPlatformInitiator       : HHH000490: Using JtaPlatform implementation: [org.hibernate.engine.transaction.jta.platform.internal.NoJtaPlatform]
2024-05-25T09:14:24.406+02:00  INFO 14127 --- [           main] j.LocalContainerEntityManagerFactoryBean : Initialized JPA EntityManagerFactory for persistence unit 'default'
2024-05-25T09:14:24.430+02:00  INFO 14127 --- [           main] d.f.e.m.s.a.SyncClientServerFactory      : sync server factory
2024-05-25T09:14:24.537+02:00  INFO 14127 --- [      Thread-15] d.f.e.m.s.autoconfigure.EmbeddedMongo    : {"t":{"$date":"2024-05-25T09:14:24.537+02:00"},"s":"I",  "c":"CONTROL",  "id":23285,   "ctx":"-","msg":"Automatically disabling TLS 1.0, to force-enable TLS 1.0 specify --sslDisabledProtocols 'none'"}
2024-05-25T09:14:24.538+02:00  INFO 14127 --- [      Thread-15] d.f.e.m.s.autoconfigure.EmbeddedMongo    : {"t":{"$date":"2024-05-25T09:14:24.537+02:00"},"s":"I",  "c":"NETWORK",  "id":4915701, "ctx":"-","msg":"Initialized wire specification","attr":{"spec":{"incomingExternalClient":{"minWireVersion":0,"maxWireVersion":17},"incomingInternalClient":{"minWireVersion":0,"maxWireVersion":17},"outgoing":{"minWireVersion":6,"maxWireVersion":17},"isInternalClient":true}}}
2024-05-25T09:14:24.539+02:00  INFO 14127 --- [      Thread-15] d.f.e.m.s.autoconfigure.EmbeddedMongo    : {"t":{"$date":"2024-05-25T09:14:24.539+02:00"},"s":"I",  "c":"NETWORK",  "id":4648602, "ctx":"main","msg":"Implicit TCP FastOpen in use."}
2024-05-25T09:14:24.540+02:00  INFO 14127 --- [      Thread-15] d.f.e.m.s.autoconfigure.EmbeddedMongo    : {"t":{"$date":"2024-05-25T09:14:24.540+02:00"},"s":"I",  "c":"REPL",     "id":5123008, "ctx":"main","msg":"Successfully registered PrimaryOnlyService","attr":{"service":"TenantMigrationDonorService","namespace":"config.tenantMigrationDonors"}}
2024-05-25T09:14:24.540+02:00  INFO 14127 --- [      Thread-15] d.f.e.m.s.autoconfigure.EmbeddedMongo    : {"t":{"$date":"2024-05-25T09:14:24.540+02:00"},"s":"I",  "c":"REPL",     "id":5123008, "ctx":"main","msg":"Successfully registered PrimaryOnlyService","attr":{"service":"TenantMigrationRecipientService","namespace":"config.tenantMigrationRecipients"}}
2024-05-25T09:14:24.540+02:00  INFO 14127 --- [      Thread-15] d.f.e.m.s.autoconfigure.EmbeddedMongo    : {"t":{"$date":"2024-05-25T09:14:24.540+02:00"},"s":"I",  "c":"REPL",     "id":5123008, "ctx":"main","msg":"Successfully registered PrimaryOnlyService","attr":{"service":"ShardSplitDonorService","namespace":"config.tenantSplitDonors"}}
2024-05-25T09:14:24.540+02:00  INFO 14127 --- [      Thread-15] d.f.e.m.s.autoconfigure.EmbeddedMongo    : {"t":{"$date":"2024-05-25T09:14:24.540+02:00"},"s":"I",  "c":"CONTROL",  "id":5945603, "ctx":"main","msg":"Multi threading initialized"}
2024-05-25T09:14:24.540+02:00  INFO 14127 --- [      Thread-15] d.f.e.m.s.autoconfigure.EmbeddedMongo    : {"t":{"$date":"2024-05-25T09:14:24.540+02:00"},"s":"I",  "c":"CONTROL",  "id":4615611, "ctx":"initandlisten","msg":"MongoDB starting","attr":{"pid":14155,"port":57369,"dbPath":"/var/folders/dr/fk5c4mdx63g076r3v55pvq740000gn/T/temp--982cfe3a-50fb-499a-a159-fac0054c33ce/mongod-database12317627064903089695","architecture":"64-bit","host":"Pavel-laptop.fritz.box"}}
2024-05-25T09:14:24.540+02:00  INFO 14127 --- [      Thread-15] d.f.e.m.s.autoconfigure.EmbeddedMongo    : {"t":{"$date":"2024-05-25T09:14:24.540+02:00"},"s":"I",  "c":"CONTROL",  "id":23352,   "ctx":"initandlisten","msg":"Unable to resolve sysctl {sysctlName} (number) ","attr":{"sysctlName":"hw.cpufrequency"}}
2024-05-25T09:14:24.540+02:00  INFO 14127 --- [      Thread-15] d.f.e.m.s.autoconfigure.EmbeddedMongo    : {"t":{"$date":"2024-05-25T09:14:24.540+02:00"},"s":"I",  "c":"CONTROL",  "id":23351,   "ctx":"initandlisten","msg":"{sysctlName} unavailable","attr":{"sysctlName":"machdep.cpu.features"}}
2024-05-25T09:14:24.540+02:00  INFO 14127 --- [      Thread-15] d.f.e.m.s.autoconfigure.EmbeddedMongo    : {"t":{"$date":"2024-05-25T09:14:24.540+02:00"},"s":"I",  "c":"CONTROL",  "id":23403,   "ctx":"initandlisten","msg":"Build Info","attr":{"buildInfo":{"version":"6.0.1","gitVersion":"32f0f9c88dc44a2c8073a5bd47cf779d4bfdee6b","modules":[],"allocator":"system","environment":{"distarch":"aarch64","target_arch":"aarch64"}}}}
2024-05-25T09:14:24.540+02:00  INFO 14127 --- [      Thread-15] d.f.e.m.s.autoconfigure.EmbeddedMongo    : {"t":{"$date":"2024-05-25T09:14:24.540+02:00"},"s":"I",  "c":"CONTROL",  "id":51765,   "ctx":"initandlisten","msg":"Operating System","attr":{"os":{"name":"Mac OS X","version":"23.5.0"}}}
2024-05-25T09:14:24.540+02:00  INFO 14127 --- [      Thread-15] d.f.e.m.s.autoconfigure.EmbeddedMongo    : {"t":{"$date":"2024-05-25T09:14:24.540+02:00"},"s":"I",  "c":"CONTROL",  "id":21951,   "ctx":"initandlisten","msg":"Options set by command line","attr":{"options":{"net":{"bindIp":"127.0.0.1","port":57369},"security":{"authorization":"disabled"},"storage":{"dbPath":"/var/folders/dr/fk5c4mdx63g076r3v55pvq740000gn/T/temp--982cfe3a-50fb-499a-a159-fac0054c33ce/mongod-database12317627064903089695","journal":{"enabled":false},"syncPeriodSecs":0}}}}
2024-05-25T09:14:24.541+02:00  INFO 14127 --- [      Thread-15] d.f.e.m.s.autoconfigure.EmbeddedMongo    : {"t":{"$date":"2024-05-25T09:14:24.540+02:00"},"s":"I",  "c":"NETWORK",  "id":5693100, "ctx":"initandlisten","msg":"Asio socket.set_option failed with std::system_error","attr":{"note":"acceptor TCP fast open","option":{"level":6,"name":261,"data":"00 04 00 00"},"error":{"what":"set_option: Invalid argument","message":"Invalid argument","category":"asio.system","value":22}}}
2024-05-25T09:14:24.541+02:00  INFO 14127 --- [      Thread-15] d.f.e.m.s.autoconfigure.EmbeddedMongo    : {"t":{"$date":"2024-05-25T09:14:24.541+02:00"},"s":"I",  "c":"STORAGE",  "id":22315,   "ctx":"initandlisten","msg":"Opening WiredTiger","attr":{"config":"create,cache_size=3584M,session_max=33000,eviction=(threads_min=4,threads_max=4),config_base=false,statistics=(fast),log=(enabled=true,remove=true,path=journal,compressor=snappy),builtin_extension_config=(zstd=(compression_level=6)),file_manager=(close_idle_time=600,close_scan_interval=10,close_handle_minimum=2000),statistics_log=(wait=0),json_output=(error,message),verbose=[recovery_progress:1,checkpoint_progress:1,compact_progress:1,backup:0,checkpoint:0,compact:0,evict:0,history_store:0,recovery:0,rts:0,salvage:0,tiered:0,timestamp:0,transaction:0,verify:0,log:0],,log=(enabled=false),"}}
2024-05-25T09:14:25.587+02:00  INFO 14127 --- [      Thread-15] d.f.e.m.s.autoconfigure.EmbeddedMongo    : {"t":{"$date":"2024-05-25T09:14:25.587+02:00"},"s":"I",  "c":"STORAGE",  "id":4795906, "ctx":"initandlisten","msg":"WiredTiger opened","attr":{"durationMillis":1046}}
2024-05-25T09:14:25.587+02:00  INFO 14127 --- [      Thread-15] d.f.e.m.s.autoconfigure.EmbeddedMongo    : {"t":{"$date":"2024-05-25T09:14:25.587+02:00"},"s":"I",  "c":"RECOVERY", "id":23987,   "ctx":"initandlisten","msg":"WiredTiger recoveryTimestamp","attr":{"recoveryTimestamp":{"$timestamp":{"t":0,"i":0}}}}
2024-05-25T09:14:25.623+02:00  INFO 14127 --- [      Thread-15] d.f.e.m.s.autoconfigure.EmbeddedMongo    : {"t":{"$date":"2024-05-25T09:14:25.623+02:00"},"s":"I",  "c":"WT",       "id":4366408, "ctx":"initandlisten","msg":"No table logging settings modifications are required for existing WiredTiger tables","attr":{"loggingEnabled":true}}
2024-05-25T09:14:25.624+02:00  INFO 14127 --- [      Thread-15] d.f.e.m.s.autoconfigure.EmbeddedMongo    : {"t":{"$date":"2024-05-25T09:14:25.624+02:00"},"s":"W",  "c":"CONTROL",  "id":22184,   "ctx":"initandlisten","msg":"Soft rlimits for open file descriptors too low","attr":{"currentValue":10240,"recommendedMinimum":64000},"tags":["startupWarnings"]}
2024-05-25T09:14:25.624+02:00  INFO 14127 --- [      Thread-15] d.f.e.m.s.autoconfigure.EmbeddedMongo    : {"t":{"$date":"2024-05-25T09:14:25.624+02:00"},"s":"I",  "c":"STORAGE",  "id":20320,   "ctx":"initandlisten","msg":"createCollection","attr":{"namespace":"admin.system.version","uuidDisposition":"provided","uuid":{"uuid":{"$uuid":"88579aa9-a630-4bb8-8433-f3fea110f93b"}},"options":{"uuid":{"$uuid":"88579aa9-a630-4bb8-8433-f3fea110f93b"}}}}
2024-05-25T09:14:25.664+02:00  INFO 14127 --- [      Thread-15] d.f.e.m.s.autoconfigure.EmbeddedMongo    : {"t":{"$date":"2024-05-25T09:14:25.664+02:00"},"s":"I",  "c":"INDEX",    "id":20345,   "ctx":"initandlisten","msg":"Index build: done building","attr":{"buildUUID":null,"collectionUUID":{"uuid":{"$uuid":"88579aa9-a630-4bb8-8433-f3fea110f93b"}},"namespace":"admin.system.version","index":"_id_","ident":"index-1--7793334309202092168","collectionIdent":"collection-0--7793334309202092168","commitTimestamp":null}}
2024-05-25T09:14:25.664+02:00  INFO 14127 --- [      Thread-15] d.f.e.m.s.autoconfigure.EmbeddedMongo    : {"t":{"$date":"2024-05-25T09:14:25.664+02:00"},"s":"I",  "c":"REPL",     "id":20459,   "ctx":"initandlisten","msg":"Setting featureCompatibilityVersion","attr":{"newVersion":"6.0"}}
2024-05-25T09:14:25.664+02:00  INFO 14127 --- [      Thread-15] d.f.e.m.s.autoconfigure.EmbeddedMongo    : {"t":{"$date":"2024-05-25T09:14:25.664+02:00"},"s":"I",  "c":"REPL",     "id":5853300, "ctx":"initandlisten","msg":"current featureCompatibilityVersion value","attr":{"featureCompatibilityVersion":"6.0","context":"setFCV"}}
2024-05-25T09:14:25.664+02:00  INFO 14127 --- [      Thread-15] d.f.e.m.s.autoconfigure.EmbeddedMongo    : {"t":{"$date":"2024-05-25T09:14:25.664+02:00"},"s":"I",  "c":"NETWORK",  "id":4915702, "ctx":"initandlisten","msg":"Updated wire specification","attr":{"oldSpec":{"incomingExternalClient":{"minWireVersion":0,"maxWireVersion":17},"incomingInternalClient":{"minWireVersion":0,"maxWireVersion":17},"outgoing":{"minWireVersion":6,"maxWireVersion":17},"isInternalClient":true},"newSpec":{"incomingExternalClient":{"minWireVersion":0,"maxWireVersion":17},"incomingInternalClient":{"minWireVersion":17,"maxWireVersion":17},"outgoing":{"minWireVersion":17,"maxWireVersion":17},"isInternalClient":true}}}
2024-05-25T09:14:25.664+02:00  INFO 14127 --- [      Thread-15] d.f.e.m.s.autoconfigure.EmbeddedMongo    : {"t":{"$date":"2024-05-25T09:14:25.664+02:00"},"s":"I",  "c":"NETWORK",  "id":4915702, "ctx":"initandlisten","msg":"Updated wire specification","attr":{"oldSpec":{"incomingExternalClient":{"minWireVersion":0,"maxWireVersion":17},"incomingInternalClient":{"minWireVersion":17,"maxWireVersion":17},"outgoing":{"minWireVersion":17,"maxWireVersion":17},"isInternalClient":true},"newSpec":{"incomingExternalClient":{"minWireVersion":0,"maxWireVersion":17},"incomingInternalClient":{"minWireVersion":17,"maxWireVersion":17},"outgoing":{"minWireVersion":17,"maxWireVersion":17},"isInternalClient":true}}}
2024-05-25T09:14:25.664+02:00  INFO 14127 --- [      Thread-15] d.f.e.m.s.autoconfigure.EmbeddedMongo    : {"t":{"$date":"2024-05-25T09:14:25.664+02:00"},"s":"I",  "c":"REPL",     "id":5853300, "ctx":"initandlisten","msg":"current featureCompatibilityVersion value","attr":{"featureCompatibilityVersion":"6.0","context":"startup"}}
2024-05-25T09:14:25.664+02:00  INFO 14127 --- [      Thread-15] d.f.e.m.s.autoconfigure.EmbeddedMongo    : {"t":{"$date":"2024-05-25T09:14:25.664+02:00"},"s":"I",  "c":"STORAGE",  "id":5071100, "ctx":"initandlisten","msg":"Clearing temp directory"}
2024-05-25T09:14:25.664+02:00  INFO 14127 --- [      Thread-15] d.f.e.m.s.autoconfigure.EmbeddedMongo    : {"t":{"$date":"2024-05-25T09:14:25.664+02:00"},"s":"I",  "c":"CONTROL",  "id":20536,   "ctx":"initandlisten","msg":"Flow Control is enabled on this deployment"}
2024-05-25T09:14:25.664+02:00  INFO 14127 --- [      Thread-15] d.f.e.m.s.autoconfigure.EmbeddedMongo    : {"t":{"$date":"2024-05-25T09:14:25.664+02:00"},"s":"I",  "c":"FTDC",     "id":20625,   "ctx":"initandlisten","msg":"Initializing full-time diagnostic data capture","attr":{"dataDirectory":"/var/folders/dr/fk5c4mdx63g076r3v55pvq740000gn/T/temp--982cfe3a-50fb-499a-a159-fac0054c33ce/mongod-database12317627064903089695/diagnostic.data"}}
2024-05-25T09:14:25.665+02:00  INFO 14127 --- [      Thread-15] d.f.e.m.s.autoconfigure.EmbeddedMongo    : {"t":{"$date":"2024-05-25T09:14:25.664+02:00"},"s":"I",  "c":"STORAGE",  "id":20320,   "ctx":"initandlisten","msg":"createCollection","attr":{"namespace":"local.startup_log","uuidDisposition":"generated","uuid":{"uuid":{"$uuid":"34c2b5db-de64-49b6-b27f-508793c01d00"}},"options":{"capped":true,"size":10485760}}}
2024-05-25T09:14:25.700+02:00  INFO 14127 --- [      Thread-15] d.f.e.m.s.autoconfigure.EmbeddedMongo    : {"t":{"$date":"2024-05-25T09:14:25.700+02:00"},"s":"I",  "c":"INDEX",    "id":20345,   "ctx":"initandlisten","msg":"Index build: done building","attr":{"buildUUID":null,"collectionUUID":{"uuid":{"$uuid":"34c2b5db-de64-49b6-b27f-508793c01d00"}},"namespace":"local.startup_log","index":"_id_","ident":"index-3--7793334309202092168","collectionIdent":"collection-2--7793334309202092168","commitTimestamp":null}}
2024-05-25T09:14:25.700+02:00  INFO 14127 --- [      Thread-15] d.f.e.m.s.autoconfigure.EmbeddedMongo    : {"t":{"$date":"2024-05-25T09:14:25.700+02:00"},"s":"I",  "c":"REPL",     "id":6015317, "ctx":"initandlisten","msg":"Setting new configuration state","attr":{"newState":"ConfigReplicationDisabled","oldState":"ConfigPreStart"}}
2024-05-25T09:14:25.700+02:00  INFO 14127 --- [      Thread-15] d.f.e.m.s.autoconfigure.EmbeddedMongo    : {"t":{"$date":"2024-05-25T09:14:25.700+02:00"},"s":"I",  "c":"STORAGE",  "id":22262,   "ctx":"initandlisten","msg":"Timestamp monitor starting"}
2024-05-25T09:14:25.701+02:00  INFO 14127 --- [      Thread-15] d.f.e.m.s.autoconfigure.EmbeddedMongo    : {"t":{"$date":"2024-05-25T09:14:25.701+02:00"},"s":"I",  "c":"CONTROL",  "id":20712,   "ctx":"LogicalSessionCacheReap","msg":"Sessions collection is not set up; waiting until next sessions reap interval","attr":{"error":"NamespaceNotFound: config.system.sessions does not exist"}}
2024-05-25T09:14:25.701+02:00  INFO 14127 --- [      Thread-15] d.f.e.m.s.autoconfigure.EmbeddedMongo    : {"t":{"$date":"2024-05-25T09:14:25.701+02:00"},"s":"I",  "c":"STORAGE",  "id":20320,   "ctx":"LogicalSessionCacheRefresh","msg":"createCollection","attr":{"namespace":"config.system.sessions","uuidDisposition":"generated","uuid":{"uuid":{"$uuid":"db0d044a-6128-4e67-aec7-abc804dfc4a1"}},"options":{}}}
2024-05-25T09:14:25.701+02:00  INFO 14127 --- [      Thread-15] d.f.e.m.s.autoconfigure.EmbeddedMongo    : {"t":{"$date":"2024-05-25T09:14:25.701+02:00"},"s":"I",  "c":"NETWORK",  "id":23015,   "ctx":"listener","msg":"Listening on","attr":{"address":"/tmp/mongodb-57369.sock"}}
2024-05-25T09:14:25.701+02:00  INFO 14127 --- [      Thread-15] d.f.e.m.s.autoconfigure.EmbeddedMongo    : {"t":{"$date":"2024-05-25T09:14:25.701+02:00"},"s":"I",  "c":"NETWORK",  "id":23015,   "ctx":"listener","msg":"Listening on","attr":{"address":"127.0.0.1"}}
2024-05-25T09:14:25.701+02:00  INFO 14127 --- [      Thread-15] d.f.e.m.s.autoconfigure.EmbeddedMongo    : {"t":{"$date":"2024-05-25T09:14:25.701+02:00"},"s":"I",  "c":"NETWORK",  "id":23016,   "ctx":"listener","msg":"Waiting for connections","attr":{"port":57369,"ssl":"off"}}
2024-05-25T09:14:25.707+02:00  INFO 14127 --- [           main] org.mongodb.driver.client                : MongoClient with metadata {"driver": {"name": "mongo-java-driver|sync|spring-boot", "version": "4.9.1"}, "os": {"type": "Darwin", "name": "Mac OS X", "architecture": "aarch64", "version": "14.5"}, "platform": "Java/Amazon.com Inc./20.0.2+9-FR"} created with settings MongoClientSettings{readPreference=primary, writeConcern=WriteConcern{w=null, wTimeout=null ms, journal=null}, retryWrites=true, retryReads=true, readConcern=ReadConcern{level=null}, credential=null, streamFactoryFactory=null, commandListeners=[], codecRegistry=ProvidersCodecRegistry{codecProviders=[ValueCodecProvider{}, BsonValueCodecProvider{}, DBRefCodecProvider{}, DBObjectCodecProvider{}, DocumentCodecProvider{}, CollectionCodecProvider{}, IterableCodecProvider{}, MapCodecProvider{}, GeoJsonCodecProvider{}, GridFSFileCodecProvider{}, Jsr310CodecProvider{}, JsonObjectCodecProvider{}, BsonCodecProvider{}, EnumCodecProvider{}, com.mongodb.client.model.mql.ExpressionCodecProvider@5205f975, com.mongodb.Jep395RecordCodecProvider@5d39ef56]}, loggerSettings=LoggerSettings{maxDocumentLength=1000}, clusterSettings={hosts=[localhost:57369], srvServiceName=mongodb, mode=SINGLE, requiredClusterType=UNKNOWN, requiredReplicaSetName='null', serverSelector='null', clusterListeners='[]', serverSelectionTimeout='30000 ms', localThreshold='30000 ms'}, socketSettings=SocketSettings{connectTimeoutMS=10000, readTimeoutMS=0, receiveBufferSize=0, sendBufferSize=0}, heartbeatSocketSettings=SocketSettings{connectTimeoutMS=10000, readTimeoutMS=10000, receiveBufferSize=0, sendBufferSize=0}, connectionPoolSettings=ConnectionPoolSettings{maxSize=100, minSize=0, maxWaitTimeMS=120000, maxConnectionLifeTimeMS=0, maxConnectionIdleTimeMS=0, maintenanceInitialDelayMS=0, maintenanceFrequencyMS=60000, connectionPoolListeners=[], maxConnecting=2}, serverSettings=ServerSettings{heartbeatFrequencyMS=10000, minHeartbeatFrequencyMS=500, serverListeners='[]', serverMonitorListeners='[]'}, sslSettings=SslSettings{enabled=false, invalidHostNameAllowed=false, context=null}, applicationName='null', compressorList=[], uuidRepresentation=JAVA_LEGACY, serverApi=null, autoEncryptionSettings=null, contextProvider=null}
2024-05-25T09:14:25.707+02:00  INFO 14127 --- [      Thread-15] d.f.e.m.s.autoconfigure.EmbeddedMongo    : {"t":{"$date":"2024-05-25T09:14:25.707+02:00"},"s":"I",  "c":"NETWORK",  "id":22943,   "ctx":"listener","msg":"Connection accepted","attr":{"remote":"127.0.0.1:57370","uuid":"0464efe1-79ba-4aa4-9bec-36e06fc73f43","connectionId":1,"connectionCount":1}}
2024-05-25T09:14:25.707+02:00  INFO 14127 --- [      Thread-15] d.f.e.m.s.autoconfigure.EmbeddedMongo    : {"t":{"$date":"2024-05-25T09:14:25.707+02:00"},"s":"I",  "c":"NETWORK",  "id":22943,   "ctx":"listener","msg":"Connection accepted","attr":{"remote":"127.0.0.1:57371","uuid":"bc80912a-413d-4111-9150-440523baf2c3","connectionId":2,"connectionCount":2}}
2024-05-25T09:14:25.708+02:00  INFO 14127 --- [      Thread-15] d.f.e.m.s.autoconfigure.EmbeddedMongo    : {"t":{"$date":"2024-05-25T09:14:25.708+02:00"},"s":"I",  "c":"NETWORK",  "id":51800,   "ctx":"conn2","msg":"client metadata","attr":{"remote":"127.0.0.1:57371","client":"conn2","doc":{"driver":{"name":"mongo-java-driver|sync|spring-boot","version":"4.9.1"},"os":{"type":"Darwin","name":"Mac OS X","architecture":"aarch64","version":"14.5"},"platform":"Java/Amazon.com Inc./20.0.2+9-FR"}}}
2024-05-25T09:14:25.708+02:00  INFO 14127 --- [      Thread-15] d.f.e.m.s.autoconfigure.EmbeddedMongo    : {"t":{"$date":"2024-05-25T09:14:25.708+02:00"},"s":"I",  "c":"NETWORK",  "id":51800,   "ctx":"conn1","msg":"client metadata","attr":{"remote":"127.0.0.1:57370","client":"conn1","doc":{"driver":{"name":"mongo-java-driver|sync|spring-boot","version":"4.9.1"},"os":{"type":"Darwin","name":"Mac OS X","architecture":"aarch64","version":"14.5"},"platform":"Java/Amazon.com Inc./20.0.2+9-FR"}}}
2024-05-25T09:14:25.708+02:00  INFO 14127 --- [localhost:57369] org.mongodb.driver.cluster               : Monitor thread successfully connected to server with description ServerDescription{address=localhost:57369, type=STANDALONE, state=CONNECTED, ok=true, minWireVersion=0, maxWireVersion=17, maxDocumentSize=16777216, logicalSessionTimeoutMinutes=30, roundTripTimeNanos=1558458}
2024-05-25T09:14:25.744+02:00  WARN 14127 --- [           main] JpaBaseConfiguration$JpaWebConfiguration : spring.jpa.open-in-view is enabled by default. Therefore, database queries may be performed during view rendering. Explicitly configure spring.jpa.open-in-view to disable this warning
2024-05-25T09:14:25.751+02:00  INFO 14127 --- [           main] o.s.b.a.w.s.WelcomePageHandlerMapping    : Adding welcome page: class path resource [static/index.html]
2024-05-25T09:14:25.757+02:00  INFO 14127 --- [      Thread-15] d.f.e.m.s.autoconfigure.EmbeddedMongo    : {"t":{"$date":"2024-05-25T09:14:25.757+02:00"},"s":"I",  "c":"INDEX",    "id":20345,   "ctx":"LogicalSessionCacheRefresh","msg":"Index build: done building","attr":{"buildUUID":null,"collectionUUID":{"uuid":{"$uuid":"db0d044a-6128-4e67-aec7-abc804dfc4a1"}},"namespace":"config.system.sessions","index":"_id_","ident":"index-5--7793334309202092168","collectionIdent":"collection-4--7793334309202092168","commitTimestamp":null}}
2024-05-25T09:14:25.757+02:00  INFO 14127 --- [      Thread-15] d.f.e.m.s.autoconfigure.EmbeddedMongo    : {"t":{"$date":"2024-05-25T09:14:25.757+02:00"},"s":"I",  "c":"INDEX",    "id":20345,   "ctx":"LogicalSessionCacheRefresh","msg":"Index build: done building","attr":{"buildUUID":null,"collectionUUID":{"uuid":{"$uuid":"db0d044a-6128-4e67-aec7-abc804dfc4a1"}},"namespace":"config.system.sessions","index":"lsidTTLIndex","ident":"index-6--7793334309202092168","collectionIdent":"collection-4--7793334309202092168","commitTimestamp":null}}
2024-05-25T09:14:26.120+02:00  INFO 14127 --- [           main] o.s.s.web.DefaultSecurityFilterChain     : Will secure any request with [org.springframework.security.web.session.DisableEncodeUrlFilter@3f6375ee, org.springframework.security.web.session.ForceEagerSessionCreationFilter@1411e3e4, org.springframework.security.web.context.request.async.WebAsyncManagerIntegrationFilter@1bc98d22, org.springframework.security.web.context.SecurityContextHolderFilter@82a748b, org.springframework.security.web.header.HeaderWriterFilter@340c7419, org.springframework.security.web.csrf.CsrfFilter@6ba8e841, org.springframework.security.web.authentication.logout.LogoutFilter@46347cba, org.springframework.security.web.authentication.www.BasicAuthenticationFilter@6a18283e, org.springframework.security.web.savedrequest.RequestCacheAwareFilter@de42c9e, org.springframework.security.web.servletapi.SecurityContextHolderAwareRequestFilter@5a9f2d87, org.springframework.security.web.authentication.AnonymousAuthenticationFilter@7961477a, org.springframework.security.web.session.SessionManagementFilter@24ec7ab7, org.springframework.security.web.access.ExceptionTranslationFilter@5d5b0202, org.springframework.security.web.access.intercept.AuthorizationFilter@5a5703b2]
2024-05-25T09:14:26.204+02:00  INFO 14127 --- [           main] o.s.b.t.m.w.SpringBootMockServletContext : Initializing Spring TestDispatcherServlet ''
2024-05-25T09:14:26.204+02:00  INFO 14127 --- [           main] o.s.t.web.servlet.TestDispatcherServlet  : Initializing Servlet ''
2024-05-25T09:14:26.205+02:00  INFO 14127 --- [           main] o.s.t.web.servlet.TestDispatcherServlet  : Completed initialization in 1 ms
2024-05-25T09:14:26.211+02:00  INFO 14127 --- [           main] d.n.b.c.UserControllerIntegrationTest    : Started UserControllerIntegrationTest in 2.062 seconds (process running for 21.954)
2024-05-25T09:14:26.229+02:00  INFO 14127 --- [      Thread-15] d.f.e.m.s.autoconfigure.EmbeddedMongo    : {"t":{"$date":"2024-05-25T09:14:26.228+02:00"},"s":"I",  "c":"NETWORK",  "id":22944,   "ctx":"conn2","msg":"Connection ended","attr":{"remote":"127.0.0.1:57371","uuid":"bc80912a-413d-4111-9150-440523baf2c3","connectionId":2,"connectionCount":1}}
2024-05-25T09:14:26.229+02:00  INFO 14127 --- [      Thread-15] d.f.e.m.s.autoconfigure.EmbeddedMongo    : {"t":{"$date":"2024-05-25T09:14:26.229+02:00"},"s":"I",  "c":"NETWORK",  "id":22943,   "ctx":"listener","msg":"Connection accepted","attr":{"remote":"127.0.0.1:57372","uuid":"48f8b192-58c8-4653-b3dc-6b71d8d6e330","connectionId":3,"connectionCount":2}}
2024-05-25T09:14:26.229+02:00  INFO 14127 --- [      Thread-15] d.f.e.m.s.autoconfigure.EmbeddedMongo    : {"t":{"$date":"2024-05-25T09:14:26.229+02:00"},"s":"W",  "c":"COMMAND",  "id":5578800, "ctx":"conn3","msg":"Received wire protocol op code or command that is no longer supported. The client driver may require an upgrade. For more details see https://dochub.mongodb.org/core/legacy-opcode-removal","attr":{"op":"query","clientInfo":{"address":"127.0.0.1:57372"}}}
2024-05-25T09:14:26.229+02:00 ERROR 14127 --- [           main] d.flapdoodle.embed.mongo.runtime.Mongod  : Got some response, should be an error message
2024-05-25T09:14:26.230+02:00  INFO 14127 --- [      Thread-15] d.f.e.m.s.autoconfigure.EmbeddedMongo    : {"t":{"$date":"2024-05-25T09:14:26.230+02:00"},"s":"I",  "c":"NETWORK",  "id":22944,   "ctx":"conn3","msg":"Connection ended","attr":{"remote":"127.0.0.1:57372","uuid":"48f8b192-58c8-4653-b3dc-6b71d8d6e330","connectionId":3,"connectionCount":1}}
2024-05-25T09:14:26.332+02:00  INFO 14127 --- [      Thread-15] d.f.e.m.s.autoconfigure.EmbeddedMongo    : {"t":{"$date":"2024-05-25T09:14:26.332+02:00"},"s":"I",  "c":"NETWORK",  "id":22943,   "ctx":"listener","msg":"Connection accepted","attr":{"remote":"127.0.0.1:57373","uuid":"d74b5383-be19-4a8d-9f5d-a4df021f92bb","connectionId":4,"connectionCount":2}}
2024-05-25T09:14:26.332+02:00  INFO 14127 --- [      Thread-15] d.f.e.m.s.autoconfigure.EmbeddedMongo    : {"t":{"$date":"2024-05-25T09:14:26.332+02:00"},"s":"I",  "c":"COMMAND",  "id":4695400, "ctx":"conn4","msg":"Terminating via shutdown command","attr":{"force":false,"timeoutMillis":15000}}
2024-05-25T09:14:26.332+02:00  INFO 14127 --- [      Thread-15] d.f.e.m.s.autoconfigure.EmbeddedMongo    : {"t":{"$date":"2024-05-25T09:14:26.332+02:00"},"s":"I",  "c":"REPL",     "id":4794602, "ctx":"thread30","msg":"Attempting to enter quiesce mode"}
2024-05-25T09:14:26.332+02:00  INFO 14127 --- [      Thread-15] d.f.e.m.s.autoconfigure.EmbeddedMongo    : {"t":{"$date":"2024-05-25T09:14:26.332+02:00"},"s":"I",  "c":"-",        "id":6371601, "ctx":"thread30","msg":"Shutting down the FLE Crud thread pool"}
2024-05-25T09:14:26.332+02:00  INFO 14127 --- [      Thread-15] d.f.e.m.s.autoconfigure.EmbeddedMongo    : {"t":{"$date":"2024-05-25T09:14:26.332+02:00"},"s":"I",  "c":"COMMAND",  "id":4784901, "ctx":"thread30","msg":"Shutting down the MirrorMaestro"}
2024-05-25T09:14:26.332+02:00  INFO 14127 --- [      Thread-15] d.f.e.m.s.autoconfigure.EmbeddedMongo    : {"t":{"$date":"2024-05-25T09:14:26.332+02:00"},"s":"I",  "c":"SHARDING", "id":4784902, "ctx":"thread30","msg":"Shutting down the WaitForMajorityService"}
2024-05-25T09:14:26.332+02:00  INFO 14127 --- [      Thread-15] d.f.e.m.s.autoconfigure.EmbeddedMongo    : {"t":{"$date":"2024-05-25T09:14:26.332+02:00"},"s":"I",  "c":"CONTROL",  "id":4784903, "ctx":"thread30","msg":"Shutting down the LogicalSessionCache"}
2024-05-25T09:14:26.332+02:00  INFO 14127 --- [      Thread-15] d.f.e.m.s.autoconfigure.EmbeddedMongo    : {"t":{"$date":"2024-05-25T09:14:26.332+02:00"},"s":"I",  "c":"NETWORK",  "id":20562,   "ctx":"thread30","msg":"Shutdown: going to close listening sockets"}
2024-05-25T09:14:26.332+02:00  INFO 14127 --- [      Thread-15] d.f.e.m.s.autoconfigure.EmbeddedMongo    : {"t":{"$date":"2024-05-25T09:14:26.332+02:00"},"s":"I",  "c":"NETWORK",  "id":23017,   "ctx":"listener","msg":"removing socket file","attr":{"path":"/tmp/mongodb-57369.sock"}}
2024-05-25T09:14:26.332+02:00  INFO 14127 --- [      Thread-15] d.f.e.m.s.autoconfigure.EmbeddedMongo    : {"t":{"$date":"2024-05-25T09:14:26.332+02:00"},"s":"I",  "c":"NETWORK",  "id":4784905, "ctx":"thread30","msg":"Shutting down the global connection pool"}
2024-05-25T09:14:26.332+02:00  INFO 14127 --- [      Thread-15] d.f.e.m.s.autoconfigure.EmbeddedMongo    : {"t":{"$date":"2024-05-25T09:14:26.332+02:00"},"s":"I",  "c":"CONTROL",  "id":4784906, "ctx":"thread30","msg":"Shutting down the FlowControlTicketholder"}
2024-05-25T09:14:26.332+02:00  INFO 14127 --- [      Thread-15] d.f.e.m.s.autoconfigure.EmbeddedMongo    : {"t":{"$date":"2024-05-25T09:14:26.332+02:00"},"s":"I",  "c":"-",        "id":20520,   "ctx":"thread30","msg":"Stopping further Flow Control ticket acquisitions."}
2024-05-25T09:14:26.332+02:00  INFO 14127 --- [      Thread-15] d.f.e.m.s.autoconfigure.EmbeddedMongo    : {"t":{"$date":"2024-05-25T09:14:26.332+02:00"},"s":"I",  "c":"CONTROL",  "id":4784908, "ctx":"thread30","msg":"Shutting down the PeriodicThreadToAbortExpiredTransactions"}
2024-05-25T09:14:26.332+02:00  INFO 14127 --- [      Thread-15] d.f.e.m.s.autoconfigure.EmbeddedMongo    : {"t":{"$date":"2024-05-25T09:14:26.332+02:00"},"s":"I",  "c":"REPL",     "id":4784909, "ctx":"thread30","msg":"Shutting down the ReplicationCoordinator"}
2024-05-25T09:14:26.332+02:00  INFO 14127 --- [      Thread-15] d.f.e.m.s.autoconfigure.EmbeddedMongo    : {"t":{"$date":"2024-05-25T09:14:26.332+02:00"},"s":"I",  "c":"SHARDING", "id":4784910, "ctx":"thread30","msg":"Shutting down the ShardingInitializationMongoD"}
2024-05-25T09:14:26.333+02:00  INFO 14127 --- [      Thread-15] d.f.e.m.s.autoconfigure.EmbeddedMongo    : {"t":{"$date":"2024-05-25T09:14:26.332+02:00"},"s":"I",  "c":"REPL",     "id":4784911, "ctx":"thread30","msg":"Enqueuing the ReplicationStateTransitionLock for shutdown"}
2024-05-25T09:14:26.333+02:00  INFO 14127 --- [      Thread-15] d.f.e.m.s.autoconfigure.EmbeddedMongo    : {"t":{"$date":"2024-05-25T09:14:26.332+02:00"},"s":"I",  "c":"-",        "id":4784912, "ctx":"thread30","msg":"Killing all operations for shutdown"}
2024-05-25T09:14:26.333+02:00  INFO 14127 --- [      Thread-15] d.f.e.m.s.autoconfigure.EmbeddedMongo    : {"t":{"$date":"2024-05-25T09:14:26.332+02:00"},"s":"I",  "c":"-",        "id":4695300, "ctx":"thread30","msg":"Interrupted all currently running operations","attr":{"opsKilled":4}}
2024-05-25T09:14:26.333+02:00  INFO 14127 --- [      Thread-15] d.f.e.m.s.autoconfigure.EmbeddedMongo    : {"t":{"$date":"2024-05-25T09:14:26.332+02:00"},"s":"I",  "c":"TENANT_M", "id":5093807, "ctx":"thread30","msg":"Shutting down all TenantMigrationAccessBlockers on global shutdown"}
2024-05-25T09:14:26.333+02:00  INFO 14127 --- [      Thread-15] d.f.e.m.s.autoconfigure.EmbeddedMongo    : {"t":{"$date":"2024-05-25T09:14:26.332+02:00"},"s":"I",  "c":"COMMAND",  "id":4784913, "ctx":"thread30","msg":"Shutting down all open transactions"}
2024-05-25T09:14:26.333+02:00  INFO 14127 --- [      Thread-15] d.f.e.m.s.autoconfigure.EmbeddedMongo    : {"t":{"$date":"2024-05-25T09:14:26.332+02:00"},"s":"I",  "c":"REPL",     "id":4784914, "ctx":"thread30","msg":"Acquiring the ReplicationStateTransitionLock for shutdown"}
2024-05-25T09:14:26.333+02:00  INFO 14127 --- [      Thread-15] d.f.e.m.s.autoconfigure.EmbeddedMongo    : {"t":{"$date":"2024-05-25T09:14:26.332+02:00"},"s":"I",  "c":"INDEX",    "id":4784915, "ctx":"thread30","msg":"Shutting down the IndexBuildsCoordinator"}
2024-05-25T09:14:26.333+02:00  INFO 14127 --- [      Thread-15] d.f.e.m.s.autoconfigure.EmbeddedMongo    : {"t":{"$date":"2024-05-25T09:14:26.332+02:00"},"s":"I",  "c":"NETWORK",  "id":4784918, "ctx":"thread30","msg":"Shutting down the ReplicaSetMonitor"}
2024-05-25T09:14:26.333+02:00  INFO 14127 --- [      Thread-15] d.f.e.m.s.autoconfigure.EmbeddedMongo    : {"t":{"$date":"2024-05-25T09:14:26.332+02:00"},"s":"I",  "c":"SHARDING", "id":4784921, "ctx":"thread30","msg":"Shutting down the MigrationUtilExecutor"}
2024-05-25T09:14:26.333+02:00  INFO 14127 --- [      Thread-15] d.f.e.m.s.autoconfigure.EmbeddedMongo    : {"t":{"$date":"2024-05-25T09:14:26.332+02:00"},"s":"I",  "c":"ASIO",     "id":22582,   "ctx":"MigrationUtil-TaskExecutor","msg":"Killing all outstanding egress activity."}
2024-05-25T09:14:26.333+02:00  INFO 14127 --- [      Thread-15] d.f.e.m.s.autoconfigure.EmbeddedMongo    : {"t":{"$date":"2024-05-25T09:14:26.333+02:00"},"s":"I",  "c":"COMMAND",  "id":4784923, "ctx":"thread30","msg":"Shutting down the ServiceEntryPoint"}
2024-05-25T09:14:26.333+02:00  INFO 14127 --- [      Thread-15] d.f.e.m.s.autoconfigure.EmbeddedMongo    : {"t":{"$date":"2024-05-25T09:14:26.333+02:00"},"s":"I",  "c":"CONTROL",  "id":4784925, "ctx":"thread30","msg":"Shutting down free monitoring"}
2024-05-25T09:14:26.333+02:00  INFO 14127 --- [      Thread-15] d.f.e.m.s.autoconfigure.EmbeddedMongo    : {"t":{"$date":"2024-05-25T09:14:26.333+02:00"},"s":"I",  "c":"CONTROL",  "id":20609,   "ctx":"thread30","msg":"Shutting down free monitoring"}
2024-05-25T09:14:26.333+02:00  INFO 14127 --- [      Thread-15] d.f.e.m.s.autoconfigure.EmbeddedMongo    : {"t":{"$date":"2024-05-25T09:14:26.333+02:00"},"s":"I",  "c":"CONTROL",  "id":4784927, "ctx":"thread30","msg":"Shutting down the HealthLog"}
2024-05-25T09:14:26.333+02:00  INFO 14127 --- [      Thread-15] d.f.e.m.s.autoconfigure.EmbeddedMongo    : {"t":{"$date":"2024-05-25T09:14:26.333+02:00"},"s":"I",  "c":"CONTROL",  "id":4784928, "ctx":"thread30","msg":"Shutting down the TTL monitor"}
2024-05-25T09:14:26.333+02:00  INFO 14127 --- [      Thread-15] d.f.e.m.s.autoconfigure.EmbeddedMongo    : {"t":{"$date":"2024-05-25T09:14:26.333+02:00"},"s":"I",  "c":"INDEX",    "id":3684100, "ctx":"thread30","msg":"Shutting down TTL collection monitor thread"}
2024-05-25T09:14:26.333+02:00  INFO 14127 --- [      Thread-15] d.f.e.m.s.autoconfigure.EmbeddedMongo    : {"t":{"$date":"2024-05-25T09:14:26.333+02:00"},"s":"I",  "c":"INDEX",    "id":3684101, "ctx":"thread30","msg":"Finished shutting down TTL collection monitor thread"}
2024-05-25T09:14:26.333+02:00  INFO 14127 --- [      Thread-15] d.f.e.m.s.autoconfigure.EmbeddedMongo    : {"t":{"$date":"2024-05-25T09:14:26.333+02:00"},"s":"I",  "c":"CONTROL",  "id":6278511, "ctx":"thread30","msg":"Shutting down the Change Stream Expired Pre-images Remover"}
2024-05-25T09:14:26.333+02:00  INFO 14127 --- [      Thread-15] d.f.e.m.s.autoconfigure.EmbeddedMongo    : {"t":{"$date":"2024-05-25T09:14:26.333+02:00"},"s":"I",  "c":"CONTROL",  "id":4784929, "ctx":"thread30","msg":"Acquiring the global lock for shutdown"}
2024-05-25T09:14:26.333+02:00  INFO 14127 --- [      Thread-15] d.f.e.m.s.autoconfigure.EmbeddedMongo    : {"t":{"$date":"2024-05-25T09:14:26.333+02:00"},"s":"I",  "c":"CONTROL",  "id":4784930, "ctx":"thread30","msg":"Shutting down the storage engine"}
2024-05-25T09:14:26.333+02:00  INFO 14127 --- [      Thread-15] d.f.e.m.s.autoconfigure.EmbeddedMongo    : {"t":{"$date":"2024-05-25T09:14:26.333+02:00"},"s":"I",  "c":"STORAGE",  "id":22320,   "ctx":"thread30","msg":"Shutting down journal flusher thread"}
2024-05-25T09:14:26.333+02:00  INFO 14127 --- [      Thread-15] d.f.e.m.s.autoconfigure.EmbeddedMongo    : {"t":{"$date":"2024-05-25T09:14:26.333+02:00"},"s":"I",  "c":"NETWORK",  "id":22944,   "ctx":"conn1","msg":"Connection ended","attr":{"remote":"127.0.0.1:57370","uuid":"0464efe1-79ba-4aa4-9bec-36e06fc73f43","connectionId":1,"connectionCount":1}}
2024-05-25T09:14:26.370+02:00  INFO 14127 --- [      Thread-15] d.f.e.m.s.autoconfigure.EmbeddedMongo    : {"t":{"$date":"2024-05-25T09:14:26.370+02:00"},"s":"I",  "c":"STORAGE",  "id":22321,   "ctx":"thread30","msg":"Finished shutting down journal flusher thread"}
2024-05-25T09:14:26.370+02:00  INFO 14127 --- [      Thread-15] d.f.e.m.s.autoconfigure.EmbeddedMongo    : {"t":{"$date":"2024-05-25T09:14:26.370+02:00"},"s":"I",  "c":"STORAGE",  "id":22322,   "ctx":"thread30","msg":"Shutting down checkpoint thread"}
2024-05-25T09:14:26.370+02:00  INFO 14127 --- [      Thread-15] d.f.e.m.s.autoconfigure.EmbeddedMongo    : {"t":{"$date":"2024-05-25T09:14:26.370+02:00"},"s":"I",  "c":"STORAGE",  "id":22323,   "ctx":"thread30","msg":"Finished shutting down checkpoint thread"}
2024-05-25T09:14:26.370+02:00  INFO 14127 --- [      Thread-15] d.f.e.m.s.autoconfigure.EmbeddedMongo    : {"t":{"$date":"2024-05-25T09:14:26.370+02:00"},"s":"I",  "c":"STORAGE",  "id":20282,   "ctx":"thread30","msg":"Deregistering all the collections"}
2024-05-25T09:14:26.370+02:00  INFO 14127 --- [      Thread-15] d.f.e.m.s.autoconfigure.EmbeddedMongo    : {"t":{"$date":"2024-05-25T09:14:26.370+02:00"},"s":"I",  "c":"STORAGE",  "id":22261,   "ctx":"thread30","msg":"Timestamp monitor shutting down"}
2024-05-25T09:14:26.370+02:00  INFO 14127 --- [      Thread-15] d.f.e.m.s.autoconfigure.EmbeddedMongo    : {"t":{"$date":"2024-05-25T09:14:26.370+02:00"},"s":"I",  "c":"STORAGE",  "id":22317,   "ctx":"thread30","msg":"WiredTigerKVEngine shutting down"}
2024-05-25T09:14:26.370+02:00  INFO 14127 --- [      Thread-15] d.f.e.m.s.autoconfigure.EmbeddedMongo    : {"t":{"$date":"2024-05-25T09:14:26.370+02:00"},"s":"I",  "c":"STORAGE",  "id":22318,   "ctx":"thread30","msg":"Shutting down session sweeper thread"}
2024-05-25T09:14:26.370+02:00  INFO 14127 --- [      Thread-15] d.f.e.m.s.autoconfigure.EmbeddedMongo    : {"t":{"$date":"2024-05-25T09:14:26.370+02:00"},"s":"I",  "c":"STORAGE",  "id":22319,   "ctx":"thread30","msg":"Finished shutting down session sweeper thread"}
2024-05-25T09:14:26.370+02:00  INFO 14127 --- [      Thread-15] d.f.e.m.s.autoconfigure.EmbeddedMongo    : {"t":{"$date":"2024-05-25T09:14:26.370+02:00"},"s":"I",  "c":"STORAGE",  "id":4795902, "ctx":"thread30","msg":"Closing WiredTiger","attr":{"closeConfig":"leak_memory=true,"}}
2024-05-25T09:14:26.400+02:00  INFO 14127 --- [      Thread-15] d.f.e.m.s.autoconfigure.EmbeddedMongo    : {"t":{"$date":"2024-05-25T09:14:26.400+02:00"},"s":"I",  "c":"STORAGE",  "id":4795901, "ctx":"thread30","msg":"WiredTiger closed","attr":{"durationMillis":30}}
2024-05-25T09:14:26.400+02:00  INFO 14127 --- [      Thread-15] d.f.e.m.s.autoconfigure.EmbeddedMongo    : {"t":{"$date":"2024-05-25T09:14:26.400+02:00"},"s":"I",  "c":"STORAGE",  "id":22279,   "ctx":"thread30","msg":"shutdown: removing fs lock..."}
2024-05-25T09:14:26.400+02:00  INFO 14127 --- [      Thread-15] d.f.e.m.s.autoconfigure.EmbeddedMongo    : {"t":{"$date":"2024-05-25T09:14:26.400+02:00"},"s":"I",  "c":"-",        "id":4784931, "ctx":"thread30","msg":"Dropping the scope cache for shutdown"}
2024-05-25T09:14:26.400+02:00  INFO 14127 --- [      Thread-15] d.f.e.m.s.autoconfigure.EmbeddedMongo    : {"t":{"$date":"2024-05-25T09:14:26.400+02:00"},"s":"I",  "c":"FTDC",     "id":20626,   "ctx":"thread30","msg":"Shutting down full-time diagnostic data capture"}
2024-05-25T09:14:26.402+02:00  INFO 14127 --- [      Thread-15] d.f.e.m.s.autoconfigure.EmbeddedMongo    : {"t":{"$date":"2024-05-25T09:14:26.402+02:00"},"s":"I",  "c":"CONTROL",  "id":20565,   "ctx":"thread30","msg":"Now exiting"}
2024-05-25T09:14:26.402+02:00  INFO 14127 --- [      Thread-15] d.f.e.m.s.autoconfigure.EmbeddedMongo    : {"t":{"$date":"2024-05-25T09:14:26.402+02:00"},"s":"I",  "c":"CONTROL",  "id":23138,   "ctx":"thread30","msg":"Shutting down","attr":{"exitCode":0}}
2024-05-25T09:14:26.511+02:00  INFO 14127 --- [           main] j.LocalContainerEntityManagerFactoryBean : Closing JPA EntityManagerFactory for persistence unit 'default'
2024-05-25T09:14:26.512+02:00  INFO 14127 --- [           main] com.zaxxer.hikari.HikariDataSource       : HikariPool-4 - Shutdown initiated...
2024-05-25T09:14:26.513+02:00  INFO 14127 --- [           main] com.zaxxer.hikari.HikariDataSource       : HikariPool-4 - Shutdown completed.
]]></system-out>
  </testcase>
  <testcase name="userLogin_returnStatus200" classname="de.neuefische.backend.controllers.UserControllerIntegrationTest" time="0.618">
    <system-out><![CDATA[
  .   ____          _            __ _ _
 /\\ / ___'_ __ _ _(_)_ __  __ _ \ \ \ \
( ( )\___ | '_ | '_| | '_ \/ _` | \ \ \ \
 \\/  ___)| |_)| | | | | || (_| |  ) ) ) )
  '  |____| .__|_| |_|_| |_\__, | / / / /
 =========|_|==============|___/=/_/_/_/
 :: Spring Boot ::                (v3.1.0)

2024-05-25T09:14:26.532+02:00  INFO 14127 --- [           main] d.n.b.c.UserControllerIntegrationTest    : Starting UserControllerIntegrationTest using Java 20.0.2 with PID 14127 (started by paffen in /Users/paffen/IdeaProjects/capstone-foodspot/backend)
2024-05-25T09:14:26.532+02:00  INFO 14127 --- [           main] d.n.b.c.UserControllerIntegrationTest    : No active profile set, falling back to 1 default profile: "default"
2024-05-25T09:14:26.673+02:00  INFO 14127 --- [           main] .s.d.r.c.RepositoryConfigurationDelegate : Multiple Spring Data modules found, entering strict repository configuration mode
2024-05-25T09:14:26.673+02:00  INFO 14127 --- [           main] .s.d.r.c.RepositoryConfigurationDelegate : Bootstrapping Spring Data JPA repositories in DEFAULT mode.
2024-05-25T09:14:26.676+02:00  INFO 14127 --- [           main] .RepositoryConfigurationExtensionSupport : Spring Data JPA - Could not safely identify store assignment for repository candidate interface de.neuefische.backend.repos.FoodSpotRepo; If you want this repository to be a JPA repository, consider annotating your entities with one of these annotations: jakarta.persistence.Entity, jakarta.persistence.MappedSuperclass (preferred), or consider extending one of the following types with your repository: org.springframework.data.jpa.repository.JpaRepository
2024-05-25T09:14:26.677+02:00  INFO 14127 --- [           main] .RepositoryConfigurationExtensionSupport : Spring Data JPA - Could not safely identify store assignment for repository candidate interface de.neuefische.backend.repos.UserRepo; If you want this repository to be a JPA repository, consider annotating your entities with one of these annotations: jakarta.persistence.Entity, jakarta.persistence.MappedSuperclass (preferred), or consider extending one of the following types with your repository: org.springframework.data.jpa.repository.JpaRepository
2024-05-25T09:14:26.677+02:00  INFO 14127 --- [           main] .s.d.r.c.RepositoryConfigurationDelegate : Finished Spring Data repository scanning in 3 ms. Found 0 JPA repository interfaces.
2024-05-25T09:14:26.680+02:00  INFO 14127 --- [           main] .s.d.r.c.RepositoryConfigurationDelegate : Multiple Spring Data modules found, entering strict repository configuration mode
2024-05-25T09:14:26.680+02:00  INFO 14127 --- [           main] .s.d.r.c.RepositoryConfigurationDelegate : Bootstrapping Spring Data MongoDB repositories in DEFAULT mode.
2024-05-25T09:14:26.683+02:00  INFO 14127 --- [           main] .s.d.r.c.RepositoryConfigurationDelegate : Finished Spring Data repository scanning in 3 ms. Found 2 MongoDB repository interfaces.
2024-05-25T09:14:26.709+02:00  INFO 14127 --- [           main] trationDelegate$BeanPostProcessorChecker : Bean 'de.flapdoodle.embed.mongo.spring.autoconfigure.EmbeddedMongoAutoConfiguration' of type [de.flapdoodle.embed.mongo.spring.autoconfigure.EmbeddedMongoAutoConfiguration] is not eligible for getting processed by all BeanPostProcessors (for example: not eligible for auto-proxying)
2024-05-25T09:14:26.711+02:00  INFO 14127 --- [           main] trationDelegate$BeanPostProcessorChecker : Bean 'de.flapdoodle.mongodb.embedded-de.flapdoodle.embed.mongo.spring.autoconfigure.EmbeddedMongoProperties' of type [de.flapdoodle.embed.mongo.spring.autoconfigure.EmbeddedMongoProperties] is not eligible for getting processed by all BeanPostProcessors (for example: not eligible for auto-proxying)
2024-05-25T09:14:26.712+02:00  INFO 14127 --- [           main] trationDelegate$BeanPostProcessorChecker : Bean 'spring.data.mongodb-org.springframework.boot.autoconfigure.mongo.MongoProperties' of type [org.springframework.boot.autoconfigure.mongo.MongoProperties] is not eligible for getting processed by all BeanPostProcessors (for example: not eligible for auto-proxying)
2024-05-25T09:14:26.726+02:00  INFO 14127 --- [           main] com.zaxxer.hikari.HikariDataSource       : HikariPool-5 - Starting...
2024-05-25T09:14:26.729+02:00  INFO 14127 --- [           main] com.zaxxer.hikari.pool.HikariPool        : HikariPool-5 - Added connection conn40: url=jdbc:h2:mem:b5bebc2a-0f2f-4f0a-b648-844404fa62dc user=SA
2024-05-25T09:14:26.729+02:00  INFO 14127 --- [           main] com.zaxxer.hikari.HikariDataSource       : HikariPool-5 - Start completed.
2024-05-25T09:14:26.730+02:00  INFO 14127 --- [           main] o.hibernate.jpa.internal.util.LogHelper  : HHH000204: Processing PersistenceUnitInfo [name: default]
2024-05-25T09:14:26.734+02:00  INFO 14127 --- [           main] o.h.b.i.BytecodeProviderInitiator        : HHH000021: Bytecode provider name : bytebuddy
2024-05-25T09:14:26.734+02:00  INFO 14127 --- [           main] o.s.o.j.p.SpringPersistenceUnitInfo      : No LoadTimeWeaver setup: ignoring JPA class transformer
2024-05-25T09:14:26.735+02:00  INFO 14127 --- [           main] org.hibernate.orm.dialect                : HHH035001: Using dialect: org.hibernate.dialect.H2Dialect, version: 1.4.200
2024-05-25T09:14:26.738+02:00  INFO 14127 --- [           main] o.h.b.i.BytecodeProviderInitiator        : HHH000021: Bytecode provider name : bytebuddy
2024-05-25T09:14:26.742+02:00  INFO 14127 --- [           main] o.h.e.t.j.p.i.JtaPlatformInitiator       : HHH000490: Using JtaPlatform implementation: [org.hibernate.engine.transaction.jta.platform.internal.NoJtaPlatform]
2024-05-25T09:14:26.742+02:00  INFO 14127 --- [           main] j.LocalContainerEntityManagerFactoryBean : Initialized JPA EntityManagerFactory for persistence unit 'default'
2024-05-25T09:14:26.752+02:00  INFO 14127 --- [           main] d.f.e.m.s.a.SyncClientServerFactory      : sync server factory
2024-05-25T09:14:26.862+02:00  INFO 14127 --- [      Thread-19] d.f.e.m.s.autoconfigure.EmbeddedMongo    : {"t":{"$date":"2024-05-25T09:14:26.862+02:00"},"s":"I",  "c":"CONTROL",  "id":23285,   "ctx":"-","msg":"Automatically disabling TLS 1.0, to force-enable TLS 1.0 specify --sslDisabledProtocols 'none'"}
2024-05-25T09:14:26.863+02:00  INFO 14127 --- [      Thread-19] d.f.e.m.s.autoconfigure.EmbeddedMongo    : {"t":{"$date":"2024-05-25T09:14:26.862+02:00"},"s":"I",  "c":"NETWORK",  "id":4915701, "ctx":"main","msg":"Initialized wire specification","attr":{"spec":{"incomingExternalClient":{"minWireVersion":0,"maxWireVersion":17},"incomingInternalClient":{"minWireVersion":0,"maxWireVersion":17},"outgoing":{"minWireVersion":6,"maxWireVersion":17},"isInternalClient":true}}}
2024-05-25T09:14:26.864+02:00  INFO 14127 --- [      Thread-19] d.f.e.m.s.autoconfigure.EmbeddedMongo    : {"t":{"$date":"2024-05-25T09:14:26.864+02:00"},"s":"I",  "c":"NETWORK",  "id":4648602, "ctx":"main","msg":"Implicit TCP FastOpen in use."}
2024-05-25T09:14:26.865+02:00  INFO 14127 --- [      Thread-19] d.f.e.m.s.autoconfigure.EmbeddedMongo    : {"t":{"$date":"2024-05-25T09:14:26.865+02:00"},"s":"I",  "c":"REPL",     "id":5123008, "ctx":"main","msg":"Successfully registered PrimaryOnlyService","attr":{"service":"TenantMigrationDonorService","namespace":"config.tenantMigrationDonors"}}
2024-05-25T09:14:26.865+02:00  INFO 14127 --- [      Thread-19] d.f.e.m.s.autoconfigure.EmbeddedMongo    : {"t":{"$date":"2024-05-25T09:14:26.865+02:00"},"s":"I",  "c":"REPL",     "id":5123008, "ctx":"main","msg":"Successfully registered PrimaryOnlyService","attr":{"service":"TenantMigrationRecipientService","namespace":"config.tenantMigrationRecipients"}}
2024-05-25T09:14:26.865+02:00  INFO 14127 --- [      Thread-19] d.f.e.m.s.autoconfigure.EmbeddedMongo    : {"t":{"$date":"2024-05-25T09:14:26.865+02:00"},"s":"I",  "c":"REPL",     "id":5123008, "ctx":"main","msg":"Successfully registered PrimaryOnlyService","attr":{"service":"ShardSplitDonorService","namespace":"config.tenantSplitDonors"}}
2024-05-25T09:14:26.865+02:00  INFO 14127 --- [      Thread-19] d.f.e.m.s.autoconfigure.EmbeddedMongo    : {"t":{"$date":"2024-05-25T09:14:26.865+02:00"},"s":"I",  "c":"CONTROL",  "id":5945603, "ctx":"main","msg":"Multi threading initialized"}
2024-05-25T09:14:26.865+02:00  INFO 14127 --- [      Thread-19] d.f.e.m.s.autoconfigure.EmbeddedMongo    : {"t":{"$date":"2024-05-25T09:14:26.865+02:00"},"s":"I",  "c":"CONTROL",  "id":4615611, "ctx":"initandlisten","msg":"MongoDB starting","attr":{"pid":14158,"port":57374,"dbPath":"/var/folders/dr/fk5c4mdx63g076r3v55pvq740000gn/T/temp--91162e47-07a9-4edf-9768-fe6652011ea6/mongod-database8696935054040439401","architecture":"64-bit","host":"Pavel-laptop.fritz.box"}}
2024-05-25T09:14:26.865+02:00  INFO 14127 --- [      Thread-19] d.f.e.m.s.autoconfigure.EmbeddedMongo    : {"t":{"$date":"2024-05-25T09:14:26.865+02:00"},"s":"I",  "c":"CONTROL",  "id":23352,   "ctx":"initandlisten","msg":"Unable to resolve sysctl {sysctlName} (number) ","attr":{"sysctlName":"hw.cpufrequency"}}
2024-05-25T09:14:26.865+02:00  INFO 14127 --- [      Thread-19] d.f.e.m.s.autoconfigure.EmbeddedMongo    : {"t":{"$date":"2024-05-25T09:14:26.865+02:00"},"s":"I",  "c":"CONTROL",  "id":23351,   "ctx":"initandlisten","msg":"{sysctlName} unavailable","attr":{"sysctlName":"machdep.cpu.features"}}
2024-05-25T09:14:26.865+02:00  INFO 14127 --- [      Thread-19] d.f.e.m.s.autoconfigure.EmbeddedMongo    : {"t":{"$date":"2024-05-25T09:14:26.865+02:00"},"s":"I",  "c":"CONTROL",  "id":23403,   "ctx":"initandlisten","msg":"Build Info","attr":{"buildInfo":{"version":"6.0.1","gitVersion":"32f0f9c88dc44a2c8073a5bd47cf779d4bfdee6b","modules":[],"allocator":"system","environment":{"distarch":"aarch64","target_arch":"aarch64"}}}}
2024-05-25T09:14:26.865+02:00  INFO 14127 --- [      Thread-19] d.f.e.m.s.autoconfigure.EmbeddedMongo    : {"t":{"$date":"2024-05-25T09:14:26.865+02:00"},"s":"I",  "c":"CONTROL",  "id":51765,   "ctx":"initandlisten","msg":"Operating System","attr":{"os":{"name":"Mac OS X","version":"23.5.0"}}}
2024-05-25T09:14:26.865+02:00  INFO 14127 --- [      Thread-19] d.f.e.m.s.autoconfigure.EmbeddedMongo    : {"t":{"$date":"2024-05-25T09:14:26.865+02:00"},"s":"I",  "c":"CONTROL",  "id":21951,   "ctx":"initandlisten","msg":"Options set by command line","attr":{"options":{"net":{"bindIp":"127.0.0.1","port":57374},"security":{"authorization":"disabled"},"storage":{"dbPath":"/var/folders/dr/fk5c4mdx63g076r3v55pvq740000gn/T/temp--91162e47-07a9-4edf-9768-fe6652011ea6/mongod-database8696935054040439401","journal":{"enabled":false},"syncPeriodSecs":0}}}}
2024-05-25T09:14:26.866+02:00  INFO 14127 --- [      Thread-19] d.f.e.m.s.autoconfigure.EmbeddedMongo    : {"t":{"$date":"2024-05-25T09:14:26.866+02:00"},"s":"I",  "c":"NETWORK",  "id":5693100, "ctx":"initandlisten","msg":"Asio socket.set_option failed with std::system_error","attr":{"note":"acceptor TCP fast open","option":{"level":6,"name":261,"data":"00 04 00 00"},"error":{"what":"set_option: Invalid argument","message":"Invalid argument","category":"asio.system","value":22}}}
2024-05-25T09:14:26.866+02:00  INFO 14127 --- [      Thread-19] d.f.e.m.s.autoconfigure.EmbeddedMongo    : {"t":{"$date":"2024-05-25T09:14:26.866+02:00"},"s":"I",  "c":"STORAGE",  "id":22315,   "ctx":"initandlisten","msg":"Opening WiredTiger","attr":{"config":"create,cache_size=3584M,session_max=33000,eviction=(threads_min=4,threads_max=4),config_base=false,statistics=(fast),log=(enabled=true,remove=true,path=journal,compressor=snappy),builtin_extension_config=(zstd=(compression_level=6)),file_manager=(close_idle_time=600,close_scan_interval=10,close_handle_minimum=2000),statistics_log=(wait=0),json_output=(error,message),verbose=[recovery_progress:1,checkpoint_progress:1,compact_progress:1,backup:0,checkpoint:0,compact:0,evict:0,history_store:0,recovery:0,rts:0,salvage:0,tiered:0,timestamp:0,transaction:0,verify:0,log:0],,log=(enabled=false),"}}
2024-05-25T09:14:27.913+02:00  INFO 14127 --- [      Thread-19] d.f.e.m.s.autoconfigure.EmbeddedMongo    : {"t":{"$date":"2024-05-25T09:14:27.913+02:00"},"s":"I",  "c":"STORAGE",  "id":4795906, "ctx":"initandlisten","msg":"WiredTiger opened","attr":{"durationMillis":1047}}
2024-05-25T09:14:27.913+02:00  INFO 14127 --- [      Thread-19] d.f.e.m.s.autoconfigure.EmbeddedMongo    : {"t":{"$date":"2024-05-25T09:14:27.913+02:00"},"s":"I",  "c":"RECOVERY", "id":23987,   "ctx":"initandlisten","msg":"WiredTiger recoveryTimestamp","attr":{"recoveryTimestamp":{"$timestamp":{"t":0,"i":0}}}}
2024-05-25T09:14:27.951+02:00  INFO 14127 --- [      Thread-19] d.f.e.m.s.autoconfigure.EmbeddedMongo    : {"t":{"$date":"2024-05-25T09:14:27.951+02:00"},"s":"I",  "c":"WT",       "id":4366408, "ctx":"initandlisten","msg":"No table logging settings modifications are required for existing WiredTiger tables","attr":{"loggingEnabled":true}}
2024-05-25T09:14:27.952+02:00  INFO 14127 --- [      Thread-19] d.f.e.m.s.autoconfigure.EmbeddedMongo    : {"t":{"$date":"2024-05-25T09:14:27.952+02:00"},"s":"W",  "c":"CONTROL",  "id":22184,   "ctx":"initandlisten","msg":"Soft rlimits for open file descriptors too low","attr":{"currentValue":10240,"recommendedMinimum":64000},"tags":["startupWarnings"]}
2024-05-25T09:14:27.952+02:00  INFO 14127 --- [      Thread-19] d.f.e.m.s.autoconfigure.EmbeddedMongo    : {"t":{"$date":"2024-05-25T09:14:27.952+02:00"},"s":"I",  "c":"STORAGE",  "id":20320,   "ctx":"initandlisten","msg":"createCollection","attr":{"namespace":"admin.system.version","uuidDisposition":"provided","uuid":{"uuid":{"$uuid":"3a49bcdf-23a4-46ac-85c5-cfc27f04d026"}},"options":{"uuid":{"$uuid":"3a49bcdf-23a4-46ac-85c5-cfc27f04d026"}}}}
2024-05-25T09:14:27.988+02:00  INFO 14127 --- [      Thread-19] d.f.e.m.s.autoconfigure.EmbeddedMongo    : {"t":{"$date":"2024-05-25T09:14:27.988+02:00"},"s":"I",  "c":"INDEX",    "id":20345,   "ctx":"initandlisten","msg":"Index build: done building","attr":{"buildUUID":null,"collectionUUID":{"uuid":{"$uuid":"3a49bcdf-23a4-46ac-85c5-cfc27f04d026"}},"namespace":"admin.system.version","index":"_id_","ident":"index-1-7430795503434244455","collectionIdent":"collection-0-7430795503434244455","commitTimestamp":null}}
2024-05-25T09:14:27.989+02:00  INFO 14127 --- [      Thread-19] d.f.e.m.s.autoconfigure.EmbeddedMongo    : {"t":{"$date":"2024-05-25T09:14:27.988+02:00"},"s":"I",  "c":"REPL",     "id":20459,   "ctx":"initandlisten","msg":"Setting featureCompatibilityVersion","attr":{"newVersion":"6.0"}}
2024-05-25T09:14:27.989+02:00  INFO 14127 --- [      Thread-19] d.f.e.m.s.autoconfigure.EmbeddedMongo    : {"t":{"$date":"2024-05-25T09:14:27.988+02:00"},"s":"I",  "c":"REPL",     "id":5853300, "ctx":"initandlisten","msg":"current featureCompatibilityVersion value","attr":{"featureCompatibilityVersion":"6.0","context":"setFCV"}}
2024-05-25T09:14:27.989+02:00  INFO 14127 --- [      Thread-19] d.f.e.m.s.autoconfigure.EmbeddedMongo    : {"t":{"$date":"2024-05-25T09:14:27.988+02:00"},"s":"I",  "c":"NETWORK",  "id":4915702, "ctx":"initandlisten","msg":"Updated wire specification","attr":{"oldSpec":{"incomingExternalClient":{"minWireVersion":0,"maxWireVersion":17},"incomingInternalClient":{"minWireVersion":0,"maxWireVersion":17},"outgoing":{"minWireVersion":6,"maxWireVersion":17},"isInternalClient":true},"newSpec":{"incomingExternalClient":{"minWireVersion":0,"maxWireVersion":17},"incomingInternalClient":{"minWireVersion":17,"maxWireVersion":17},"outgoing":{"minWireVersion":17,"maxWireVersion":17},"isInternalClient":true}}}
[...]
2024-05-25T09:14:30.912+02:00  INFO 14127 --- [           main] o.s.b.t.m.w.SpringBootMockServletContext : Initializing Spring TestDispatcherServlet ''
2024-05-25T09:14:30.912+02:00  INFO 14127 --- [           main] o.s.t.web.servlet.TestDispatcherServlet  : Initializing Servlet ''
2024-05-25T09:14:30.912+02:00  INFO 14127 --- [           main] o.s.t.web.servlet.TestDispatcherServlet  : Completed initialization in 0 ms
2024-05-25T09:14:30.918+02:00  INFO 14127 --- [           main] d.n.b.c.UserControllerIntegrationTest    : Started UserControllerIntegrationTest in 1.908 seconds (process running for 26.661)
]]></system-out>
  </testcase>
  <testcase name="registerUser_thenReturnStatus200" classname="de.neuefische.backend.controllers.UserControllerIntegrationTest" time="0.669">
    <system-out><![CDATA[2024-05-25T09:14:31.231+02:00  INFO 14127 --- [      Thread-23] d.f.e.m.s.autoconfigure.EmbeddedMongo    : {"t":{"$date":"2024-05-25T09:14:31.231+02:00"},"s":"I",  "c":"NETWORK",  "id":22943,   "ctx":"listener","msg":"Connection accepted","attr":{"remote":"127.0.0.1:57383","uuid":"b4a77a26-ec1a-4bf4-a5aa-79b69a7dc06e","connectionId":3,"connectionCount":3}}
2024-05-25T09:14:31.232+02:00  INFO 14127 --- [      Thread-23] d.f.e.m.s.autoconfigure.EmbeddedMongo    : {"t":{"$date":"2024-05-25T09:14:31.232+02:00"},"s":"I",  "c":"NETWORK",  "id":51800,   "ctx":"conn3","msg":"client metadata","attr":{"remote":"127.0.0.1:57383","client":"conn3","doc":{"driver":{"name":"mongo-java-driver|sync|spring-boot","version":"4.9.1"},"os":{"type":"Darwin","name":"Mac OS X","architecture":"aarch64","version":"14.5"},"platform":"Java/Amazon.com Inc./20.0.2+9-FR"}}}
2024-05-25T09:14:31.242+02:00  INFO 14127 --- [      Thread-23] d.f.e.m.s.autoconfigure.EmbeddedMongo    : {"t":{"$date":"2024-05-25T09:14:31.242+02:00"},"s":"I",  "c":"STORAGE",  "id":20320,   "ctx":"conn3","msg":"createCollection","attr":{"namespace":"test.users","uuidDisposition":"generated","uuid":{"uuid":{"$uuid":"0c76bc9c-9bc4-469e-a78a-5233e2ece369"}},"options":{}}}
2024-05-25T09:14:31.279+02:00  INFO 14127 --- [      Thread-23] d.f.e.m.s.autoconfigure.EmbeddedMongo    : {"t":{"$date":"2024-05-25T09:14:31.279+02:00"},"s":"I",  "c":"INDEX",    "id":20345,   "ctx":"conn3","msg":"Index build: done building","attr":{"buildUUID":null,"collectionUUID":{"uuid":{"$uuid":"0c76bc9c-9bc4-469e-a78a-5233e2ece369"}},"namespace":"test.users","index":"_id_","ident":"index-8--5440614253574798510","collectionIdent":"collection-7--5440614253574798510","commitTimestamp":null}}
2024-05-25T09:14:31.312+02:00  INFO 14127 --- [      Thread-23] d.f.e.m.s.autoconfigure.EmbeddedMongo    : {"t":{"$date":"2024-05-25T09:14:31.311+02:00"},"s":"I",  "c":"NETWORK",  "id":22944,   "ctx":"conn3","msg":"Connection ended","attr":{"remote":"127.0.0.1:57383","uuid":"b4a77a26-ec1a-4bf4-a5aa-79b69a7dc06e","connectionId":3,"connectionCount":2}}
2024-05-25T09:14:31.312+02:00  INFO 14127 --- [      Thread-23] d.f.e.m.s.autoconfigure.EmbeddedMongo    : {"t":{"$date":"2024-05-25T09:14:31.311+02:00"},"s":"I",  "c":"NETWORK",  "id":22944,   "ctx":"conn2","msg":"Connection ended","attr":{"remote":"127.0.0.1:57382","uuid":"ae7d0160-29f9-48c1-a044-464704a6ebef","connectionId":2,"connectionCount":1}}
2024-05-25T09:14:31.312+02:00  INFO 14127 --- [      Thread-23] d.f.e.m.s.autoconfigure.EmbeddedMongo    : {"t":{"$date":"2024-05-25T09:14:31.312+02:00"},"s":"I",  "c":"NETWORK",  "id":22943,   "ctx":"listener","msg":"Connection accepted","attr":{"remote":"127.0.0.1:57384","uuid":"680aba0f-eff1-4600-8c75-b69015593d58","connectionId":4,"connectionCount":2}}
2024-05-25T09:14:31.312+02:00  INFO 14127 --- [      Thread-23] d.f.e.m.s.autoconfigure.EmbeddedMongo    : {"t":{"$date":"2024-05-25T09:14:31.312+02:00"},"s":"W",  "c":"COMMAND",  "id":5578800, "ctx":"conn4","msg":"Received wire protocol op code or command that is no longer supported. The client driver may require an upgrade. For more details see https://dochub.mongodb.org/core/legacy-opcode-removal","attr":{"op":"query","clientInfo":{"address":"127.0.0.1:57384"}}}
2024-05-25T09:14:31.312+02:00 ERROR 14127 --- [           main] d.flapdoodle.embed.mongo.runtime.Mongod  : Got some response, should be an error message
2024-05-25T09:14:31.312+02:00  INFO 14127 --- [      Thread-23] d.f.e.m.s.autoconfigure.EmbeddedMongo    : {"t":{"$date":"2024-05-25T09:14:31.312+02:00"},"s":"I",  "c":"NETWORK",  "id":22944,   "ctx":"conn4","msg":"Connection ended","attr":{"remote":"127.0.0.1:57384","uuid":"680aba0f-eff1-4600-8c75-b69015593d58","connectionId":4,"connectionCount":1}}
2024-05-25T09:14:31.415+02:00  INFO 14127 --- [      Thread-23] d.f.e.m.s.autoconfigure.EmbeddedMongo    : {"t":{"$date":"2024-05-25T09:14:31.415+02:00"},"s":"I",  "c":"NETWORK",  "id":22943,   "ctx":"listener","msg":"Connection accepted","attr":{"remote":"127.0.0.1:57385","uuid":"5c2549d2-1ace-4973-b4f4-a3a0fa989506","connectionId":5,"connectionCount":2}}
2024-05-25T09:14:31.415+02:00  INFO 14127 --- [      Thread-23] d.f.e.m.s.autoconfigure.EmbeddedMongo    : {"t":{"$date":"2024-05-25T09:14:31.415+02:00"},"s":"I",  "c":"COMMAND",  "id":4695400, "ctx":"conn5","msg":"Terminating via shutdown command","attr":{"force":false,"timeoutMillis":15000}}
2024-05-25T09:14:31.415+02:00  INFO 14127 --- [      Thread-23] d.f.e.m.s.autoconfigure.EmbeddedMongo    : {"t":{"$date":"2024-05-25T09:14:31.415+02:00"},"s":"I",  "c":"REPL",     "id":4794602, "ctx":"thread31","msg":"Attempting to enter quiesce mode"}
2024-05-25T09:14:31.415+02:00  INFO 14127 --- [      Thread-23] d.f.e.m.s.autoconfigure.EmbeddedMongo    : {"t":{"$date":"2024-05-25T09:14:31.415+02:00"},"s":"I",  "c":"-",        "id":6371601, "ctx":"thread31","msg":"Shutting down the FLE Crud thread pool"}
2024-05-25T09:14:31.415+02:00  INFO 14127 --- [      Thread-23] d.f.e.m.s.autoconfigure.EmbeddedMongo    : {"t":{"$date":"2024-05-25T09:14:31.415+02:00"},"s":"I",  "c":"COMMAND",  "id":4784901, "ctx":"thread31","msg":"Shutting down the MirrorMaestro"}
2024-05-25T09:14:31.415+02:00  INFO 14127 --- [      Thread-23] d.f.e.m.s.autoconfigure.EmbeddedMongo    : {"t":{"$date":"2024-05-25T09:14:31.415+02:00"},"s":"I",  "c":"SHARDING", "id":4784902, "ctx":"thread31","msg":"Shutting down the WaitForMajorityService"}
2024-05-25T09:14:31.415+02:00  INFO 14127 --- [      Thread-23] d.f.e.m.s.autoconfigure.EmbeddedMongo    : {"t":{"$date":"2024-05-25T09:14:31.415+02:00"},"s":"I",  "c":"CONTROL",  "id":4784903, "ctx":"thread31","msg":"Shutting down the LogicalSessionCache"}
2024-05-25T09:14:31.415+02:00  INFO 14127 --- [      Thread-23] d.f.e.m.s.autoconfigure.EmbeddedMongo    : {"t":{"$date":"2024-05-25T09:14:31.415+02:00"},"s":"I",  "c":"NETWORK",  "id":20562,   "ctx":"thread31","msg":"Shutdown: going to close listening sockets"}
2024-05-25T09:14:31.415+02:00  INFO 14127 --- [      Thread-23] d.f.e.m.s.autoconfigure.EmbeddedMongo    : {"t":{"$date":"2024-05-25T09:14:31.415+02:00"},"s":"I",  "c":"NETWORK",  "id":23017,   "ctx":"listener","msg":"removing socket file","attr":{"path":"/tmp/mongodb-57380.sock"}}
2024-05-25T09:14:31.416+02:00  INFO 14127 --- [      Thread-23] d.f.e.m.s.autoconfigure.EmbeddedMongo    : {"t":{"$date":"2024-05-25T09:14:31.416+02:00"},"s":"I",  "c":"NETWORK",  "id":4784905, "ctx":"thread31","msg":"Shutting down the global connection pool"}
2024-05-25T09:14:31.416+02:00  INFO 14127 --- [      Thread-23] d.f.e.m.s.autoconfigure.EmbeddedMongo    : {"t":{"$date":"2024-05-25T09:14:31.416+02:00"},"s":"I",  "c":"CONTROL",  "id":4784906, "ctx":"thread31","msg":"Shutting down the FlowControlTicketholder"}
2024-05-25T09:14:31.416+02:00  INFO 14127 --- [      Thread-23] d.f.e.m.s.autoconfigure.EmbeddedMongo    : {"t":{"$date":"2024-05-25T09:14:31.416+02:00"},"s":"I",  "c":"-",        "id":20520,   "ctx":"thread31","msg":"Stopping further Flow Control ticket acquisitions."}
2024-05-25T09:14:31.416+02:00  INFO 14127 --- [      Thread-23] d.f.e.m.s.autoconfigure.EmbeddedMongo    : {"t":{"$date":"2024-05-25T09:14:31.416+02:00"},"s":"I",  "c":"CONTROL",  "id":4784908, "ctx":"thread31","msg":"Shutting down the PeriodicThreadToAbortExpiredTransactions"}
2024-05-25T09:14:31.416+02:00  INFO 14127 --- [      Thread-23] d.f.e.m.s.autoconfigure.EmbeddedMongo    : {"t":{"$date":"2024-05-25T09:14:31.416+02:00"},"s":"I",  "c":"REPL",     "id":4784909, "ctx":"thread31","msg":"Shutting down the ReplicationCoordinator"}
2024-05-25T09:14:31.416+02:00  INFO 14127 --- [      Thread-23] d.f.e.m.s.autoconfigure.EmbeddedMongo    : {"t":{"$date":"2024-05-25T09:14:31.416+02:00"},"s":"I",  "c":"SHARDING", "id":4784910, "ctx":"thread31","msg":"Shutting down the ShardingInitializationMongoD"}
2024-05-25T09:14:31.416+02:00  INFO 14127 --- [      Thread-23] d.f.e.m.s.autoconfigure.EmbeddedMongo    : {"t":{"$date":"2024-05-25T09:14:31.416+02:00"},"s":"I",  "c":"REPL",     "id":4784911, "ctx":"thread31","msg":"Enqueuing the ReplicationStateTransitionLock for shutdown"}
2024-05-25T09:14:31.416+02:00  INFO 14127 --- [      Thread-23] d.f.e.m.s.autoconfigure.EmbeddedMongo    : {"t":{"$date":"2024-05-25T09:14:31.416+02:00"},"s":"I",  "c":"-",        "id":4784912, "ctx":"thread31","msg":"Killing all operations for shutdown"}
2024-05-25T09:14:31.416+02:00  INFO 14127 --- [      Thread-23] d.f.e.m.s.autoconfigure.EmbeddedMongo    : {"t":{"$date":"2024-05-25T09:14:31.416+02:00"},"s":"I",  "c":"-",        "id":4695300, "ctx":"thread31","msg":"Interrupted all currently running operations","attr":{"opsKilled":4}}
2024-05-25T09:14:31.416+02:00  INFO 14127 --- [      Thread-23] d.f.e.m.s.autoconfigure.EmbeddedMongo    : {"t":{"$date":"2024-05-25T09:14:31.416+02:00"},"s":"I",  "c":"TENANT_M", "id":5093807, "ctx":"thread31","msg":"Shutting down all TenantMigrationAccessBlockers on global shutdown"}
2024-05-25T09:14:31.416+02:00  INFO 14127 --- [      Thread-23] d.f.e.m.s.autoconfigure.EmbeddedMongo    : {"t":{"$date":"2024-05-25T09:14:31.416+02:00"},"s":"I",  "c":"COMMAND",  "id":4784913, "ctx":"thread31","msg":"Shutting down all open transactions"}
2024-05-25T09:14:31.416+02:00  INFO 14127 --- [      Thread-23] d.f.e.m.s.autoconfigure.EmbeddedMongo    : {"t":{"$date":"2024-05-25T09:14:31.416+02:00"},"s":"I",  "c":"REPL",     "id":4784914, "ctx":"thread31","msg":"Acquiring the ReplicationStateTransitionLock for shutdown"}
2024-05-25T09:14:31.416+02:00  INFO 14127 --- [      Thread-23] d.f.e.m.s.autoconfigure.EmbeddedMongo    : {"t":{"$date":"2024-05-25T09:14:31.416+02:00"},"s":"I",  "c":"INDEX",    "id":4784915, "ctx":"thread31","msg":"Shutting down the IndexBuildsCoordinator"}
2024-05-25T09:14:31.416+02:00  INFO 14127 --- [      Thread-23] d.f.e.m.s.autoconfigure.EmbeddedMongo    : {"t":{"$date":"2024-05-25T09:14:31.416+02:00"},"s":"I",  "c":"NETWORK",  "id":4784918, "ctx":"thread31","msg":"Shutting down the ReplicaSetMonitor"}
2024-05-25T09:14:31.416+02:00  INFO 14127 --- [      Thread-23] d.f.e.m.s.autoconfigure.EmbeddedMongo    : {"t":{"$date":"2024-05-25T09:14:31.416+02:00"},"s":"I",  "c":"SHARDING", "id":4784921, "ctx":"thread31","msg":"Shutting down the MigrationUtilExecutor"}
2024-05-25T09:14:31.416+02:00  INFO 14127 --- [      Thread-23] d.f.e.m.s.autoconfigure.EmbeddedMongo    : {"t":{"$date":"2024-05-25T09:14:31.416+02:00"},"s":"I",  "c":"ASIO",     "id":22582,   "ctx":"MigrationUtil-TaskExecutor","msg":"Killing all outstanding egress activity."}
2024-05-25T09:14:31.416+02:00  INFO 14127 --- [      Thread-23] d.f.e.m.s.autoconfigure.EmbeddedMongo    : {"t":{"$date":"2024-05-25T09:14:31.416+02:00"},"s":"I",  "c":"COMMAND",  "id":4784923, "ctx":"thread31","msg":"Shutting down the ServiceEntryPoint"}
2024-05-25T09:14:31.416+02:00  INFO 14127 --- [      Thread-23] d.f.e.m.s.autoconfigure.EmbeddedMongo    : {"t":{"$date":"2024-05-25T09:14:31.416+02:00"},"s":"I",  "c":"CONTROL",  "id":4784925, "ctx":"thread31","msg":"Shutting down free monitoring"}
2024-05-25T09:14:31.416+02:00  INFO 14127 --- [      Thread-23] d.f.e.m.s.autoconfigure.EmbeddedMongo    : {"t":{"$date":"2024-05-25T09:14:31.416+02:00"},"s":"I",  "c":"CONTROL",  "id":20609,   "ctx":"thread31","msg":"Shutting down free monitoring"}
2024-05-25T09:14:31.416+02:00  INFO 14127 --- [      Thread-23] d.f.e.m.s.autoconfigure.EmbeddedMongo    : {"t":{"$date":"2024-05-25T09:14:31.416+02:00"},"s":"I",  "c":"CONTROL",  "id":4784927, "ctx":"thread31","msg":"Shutting down the HealthLog"}
2024-05-25T09:14:31.416+02:00  INFO 14127 --- [      Thread-23] d.f.e.m.s.autoconfigure.EmbeddedMongo    : {"t":{"$date":"2024-05-25T09:14:31.416+02:00"},"s":"I",  "c":"CONTROL",  "id":4784928, "ctx":"thread31","msg":"Shutting down the TTL monitor"}
2024-05-25T09:14:31.416+02:00  INFO 14127 --- [      Thread-23] d.f.e.m.s.autoconfigure.EmbeddedMongo    : {"t":{"$date":"2024-05-25T09:14:31.416+02:00"},"s":"I",  "c":"INDEX",    "id":3684100, "ctx":"thread31","msg":"Shutting down TTL collection monitor thread"}
2024-05-25T09:14:31.416+02:00  INFO 14127 --- [      Thread-23] d.f.e.m.s.autoconfigure.EmbeddedMongo    : {"t":{"$date":"2024-05-25T09:14:31.416+02:00"},"s":"I",  "c":"INDEX",    "id":3684101, "ctx":"thread31","msg":"Finished shutting down TTL collection monitor thread"}
2024-05-25T09:14:31.416+02:00  INFO 14127 --- [      Thread-23] d.f.e.m.s.autoconfigure.EmbeddedMongo    : {"t":{"$date":"2024-05-25T09:14:31.416+02:00"},"s":"I",  "c":"CONTROL",  "id":6278511, "ctx":"thread31","msg":"Shutting down the Change Stream Expired Pre-images Remover"}
2024-05-25T09:14:31.416+02:00  INFO 14127 --- [      Thread-23] d.f.e.m.s.autoconfigure.EmbeddedMongo    : {"t":{"$date":"2024-05-25T09:14:31.416+02:00"},"s":"I",  "c":"CONTROL",  "id":4784929, "ctx":"thread31","msg":"Acquiring the global lock for shutdown"}
2024-05-25T09:14:31.416+02:00  INFO 14127 --- [      Thread-23] d.f.e.m.s.autoconfigure.EmbeddedMongo    : {"t":{"$date":"2024-05-25T09:14:31.416+02:00"},"s":"I",  "c":"CONTROL",  "id":4784930, "ctx":"thread31","msg":"Shutting down the storage engine"}
2024-05-25T09:14:31.416+02:00  INFO 14127 --- [      Thread-23] d.f.e.m.s.autoconfigure.EmbeddedMongo    : {"t":{"$date":"2024-05-25T09:14:31.416+02:00"},"s":"I",  "c":"STORAGE",  "id":22320,   "ctx":"thread31","msg":"Shutting down journal flusher thread"}
2024-05-25T09:14:31.416+02:00  INFO 14127 --- [      Thread-23] d.f.e.m.s.autoconfigure.EmbeddedMongo    : {"t":{"$date":"2024-05-25T09:14:31.416+02:00"},"s":"I",  "c":"NETWORK",  "id":22944,   "ctx":"conn1","msg":"Connection ended","attr":{"remote":"127.0.0.1:57381","uuid":"3292ed46-102d-490e-9bc6-d03c14870731","connectionId":1,"connectionCount":1}}
2024-05-25T09:14:31.456+02:00  INFO 14127 --- [      Thread-23] d.f.e.m.s.autoconfigure.EmbeddedMongo    : {"t":{"$date":"2024-05-25T09:14:31.455+02:00"},"s":"I",  "c":"STORAGE",  "id":22321,   "ctx":"thread31","msg":"Finished shutting down journal flusher thread"}
2024-05-25T09:14:31.456+02:00  INFO 14127 --- [      Thread-23] d.f.e.m.s.autoconfigure.EmbeddedMongo    : {"t":{"$date":"2024-05-25T09:14:31.455+02:00"},"s":"I",  "c":"STORAGE",  "id":22322,   "ctx":"thread31","msg":"Shutting down checkpoint thread"}
2024-05-25T09:14:31.456+02:00  INFO 14127 --- [      Thread-23] d.f.e.m.s.autoconfigure.EmbeddedMongo    : {"t":{"$date":"2024-05-25T09:14:31.455+02:00"},"s":"I",  "c":"STORAGE",  "id":22323,   "ctx":"thread31","msg":"Finished shutting down checkpoint thread"}
2024-05-25T09:14:31.456+02:00  INFO 14127 --- [      Thread-23] d.f.e.m.s.autoconfigure.EmbeddedMongo    : {"t":{"$date":"2024-05-25T09:14:31.455+02:00"},"s":"I",  "c":"STORAGE",  "id":20282,   "ctx":"thread31","msg":"Deregistering all the collections"}
2024-05-25T09:14:31.456+02:00  INFO 14127 --- [      Thread-23] d.f.e.m.s.autoconfigure.EmbeddedMongo    : {"t":{"$date":"2024-05-25T09:14:31.456+02:00"},"s":"I",  "c":"STORAGE",  "id":22261,   "ctx":"thread31","msg":"Timestamp monitor shutting down"}
2024-05-25T09:14:31.456+02:00  INFO 14127 --- [      Thread-23] d.f.e.m.s.autoconfigure.EmbeddedMongo    : {"t":{"$date":"2024-05-25T09:14:31.456+02:00"},"s":"I",  "c":"STORAGE",  "id":22317,   "ctx":"thread31","msg":"WiredTigerKVEngine shutting down"}
2024-05-25T09:14:31.456+02:00  INFO 14127 --- [      Thread-23] d.f.e.m.s.autoconfigure.EmbeddedMongo    : {"t":{"$date":"2024-05-25T09:14:31.456+02:00"},"s":"I",  "c":"STORAGE",  "id":22318,   "ctx":"thread31","msg":"Shutting down session sweeper thread"}
2024-05-25T09:14:31.456+02:00  INFO 14127 --- [      Thread-23] d.f.e.m.s.autoconfigure.EmbeddedMongo    : {"t":{"$date":"2024-05-25T09:14:31.456+02:00"},"s":"I",  "c":"STORAGE",  "id":22319,   "ctx":"thread31","msg":"Finished shutting down session sweeper thread"}
2024-05-25T09:14:31.456+02:00  INFO 14127 --- [      Thread-23] d.f.e.m.s.autoconfigure.EmbeddedMongo    : {"t":{"$date":"2024-05-25T09:14:31.456+02:00"},"s":"I",  "c":"STORAGE",  "id":4795902, "ctx":"thread31","msg":"Closing WiredTiger","attr":{"closeConfig":"leak_memory=true,"}}
2024-05-25T09:14:31.485+02:00  INFO 14127 --- [      Thread-23] d.f.e.m.s.autoconfigure.EmbeddedMongo    : {"t":{"$date":"2024-05-25T09:14:31.484+02:00"},"s":"I",  "c":"STORAGE",  "id":4795901, "ctx":"thread31","msg":"WiredTiger closed","attr":{"durationMillis":28}}
2024-05-25T09:14:31.485+02:00  INFO 14127 --- [      Thread-23] d.f.e.m.s.autoconfigure.EmbeddedMongo    : {"t":{"$date":"2024-05-25T09:14:31.485+02:00"},"s":"I",  "c":"STORAGE",  "id":22279,   "ctx":"thread31","msg":"shutdown: removing fs lock..."}
2024-05-25T09:14:31.485+02:00  INFO 14127 --- [      Thread-23] d.f.e.m.s.autoconfigure.EmbeddedMongo    : {"t":{"$date":"2024-05-25T09:14:31.485+02:00"},"s":"I",  "c":"-",        "id":4784931, "ctx":"thread31","msg":"Dropping the scope cache for shutdown"}
2024-05-25T09:14:31.485+02:00  INFO 14127 --- [      Thread-23] d.f.e.m.s.autoconfigure.EmbeddedMongo    : {"t":{"$date":"2024-05-25T09:14:31.485+02:00"},"s":"I",  "c":"FTDC",     "id":20626,   "ctx":"thread31","msg":"Shutting down full-time diagnostic data capture"}
2024-05-25T09:14:31.487+02:00  INFO 14127 --- [      Thread-23] d.f.e.m.s.autoconfigure.EmbeddedMongo    : {"t":{"$date":"2024-05-25T09:14:31.486+02:00"},"s":"I",  "c":"CONTROL",  "id":20565,   "ctx":"thread31","msg":"Now exiting"}
2024-05-25T09:14:31.487+02:00  INFO 14127 --- [      Thread-23] d.f.e.m.s.autoconfigure.EmbeddedMongo    : {"t":{"$date":"2024-05-25T09:14:31.487+02:00"},"s":"I",  "c":"CONTROL",  "id":23138,   "ctx":"thread31","msg":"Shutting down","attr":{"exitCode":0}}
2024-05-25T09:14:31.595+02:00  INFO 14127 --- [           main] j.LocalContainerEntityManagerFactoryBean : Closing JPA EntityManagerFactory for persistence unit 'default'
2024-05-25T09:14:31.595+02:00  INFO 14127 --- [           main] com.zaxxer.hikari.HikariDataSource       : HikariPool-6 - Shutdown initiated...
2024-05-25T09:14:31.596+02:00  INFO 14127 --- [           main] com.zaxxer.hikari.HikariDataSource       : HikariPool-6 - Shutdown completed.
]]></system-out>
  </testcase>
</testsuite>