<?xml version="1.0" encoding="UTF-8"?>
<testsuite xmlns:xsi="http://www.w3.org/2001/XMLSchema-instance" xsi:noNamespaceSchemaLocation="https://maven.apache.org/surefire/maven-surefire-plugin/xsd/surefire-test-report-3.0.xsd" version="3.0" name="de.neuefische.backend.controllers.UserControllerIntegrationTest" time="8.487" tests="6" errors="0" skipped="0" failures="0">
  <properties>
[...]
</properties>
  <testcase name="logout_expect_200" classname="de.neuefische.backend.controllers.UserControllerIntegrationTest" time="0.047">
    <system-out><![CDATA[2024-05-26T13:11:11.784+02:00  INFO 35525 --- [           main] t.c.s.AnnotationConfigContextLoaderUtils : Could not detect default configuration classes for test class [de.neuefische.backend.controllers.UserControllerIntegrationTest]: UserControllerIntegrationTest does not declare any static, non-private, non-final, nested classes annotated with @Configuration.
2024-05-26T13:11:11.788+02:00  INFO 35525 --- [           main] .b.t.c.SpringBootTestContextBootstrapper : Found @SpringBootConfiguration de.neuefische.backend.BackendApplication for test class de.neuefische.backend.controllers.UserControllerIntegrationTest
]]></system-out>
  </testcase>
  <testcase name="registerUser" classname="de.neuefische.backend.controllers.UserControllerIntegrationTest" time="0.915">
    <system-out><![CDATA[2024-05-26T13:11:12.405+02:00  INFO 35525 --- [      Thread-11] d.f.e.m.s.autoconfigure.EmbeddedMongo    : {"t":{"$date":"2024-05-26T13:11:12.405+02:00"},"s":"I",  "c":"NETWORK",  "id":22943,   "ctx":"listener","msg":"Connection accepted","attr":{"remote":"127.0.0.1:58906","uuid":"2b2f2691-520d-49a4-8c4e-9c3877e37cca","connectionId":3,"connectionCount":3}}
2024-05-26T13:11:12.405+02:00  INFO 35525 --- [      Thread-11] d.f.e.m.s.autoconfigure.EmbeddedMongo    : {"t":{"$date":"2024-05-26T13:11:12.405+02:00"},"s":"I",  "c":"NETWORK",  "id":51800,   "ctx":"conn3","msg":"client metadata","attr":{"remote":"127.0.0.1:58906","client":"conn3","doc":{"driver":{"name":"mongo-java-driver|sync|spring-boot","version":"4.9.1"},"os":{"type":"Darwin","name":"Mac OS X","architecture":"aarch64","version":"14.5"},"platform":"Java/Amazon.com Inc./20.0.2+9-FR"}}}
2024-05-26T13:11:12.420+02:00  INFO 35525 --- [      Thread-11] d.f.e.m.s.autoconfigure.EmbeddedMongo    : {"t":{"$date":"2024-05-26T13:11:12.420+02:00"},"s":"I",  "c":"STORAGE",  "id":20320,   "ctx":"conn3","msg":"createCollection","attr":{"namespace":"test.users","uuidDisposition":"generated","uuid":{"uuid":{"$uuid":"ac67c5f8-8096-41c5-8130-b9e9007ab63f"}},"options":{}}}
2024-05-26T13:11:12.456+02:00  INFO 35525 --- [      Thread-11] d.f.e.m.s.autoconfigure.EmbeddedMongo    : {"t":{"$date":"2024-05-26T13:11:12.456+02:00"},"s":"I",  "c":"INDEX",    "id":20345,   "ctx":"conn3","msg":"Index build: done building","attr":{"buildUUID":null,"collectionUUID":{"uuid":{"$uuid":"ac67c5f8-8096-41c5-8130-b9e9007ab63f"}},"namespace":"test.users","index":"_id_","ident":"index-8--877439872724263077","collectionIdent":"collection-7--877439872724263077","commitTimestamp":null}}
2024-05-26T13:11:12.467+02:00  INFO 35525 --- [      Thread-11] d.f.e.m.s.autoconfigure.EmbeddedMongo    : {"t":{"$date":"2024-05-26T13:11:12.467+02:00"},"s":"I",  "c":"NETWORK",  "id":22944,   "ctx":"conn3","msg":"Connection ended","attr":{"remote":"127.0.0.1:58906","uuid":"2b2f2691-520d-49a4-8c4e-9c3877e37cca","connectionId":3,"connectionCount":2}}
2024-05-26T13:11:12.467+02:00  INFO 35525 --- [      Thread-11] d.f.e.m.s.autoconfigure.EmbeddedMongo    : {"t":{"$date":"2024-05-26T13:11:12.467+02:00"},"s":"I",  "c":"NETWORK",  "id":22944,   "ctx":"conn2","msg":"Connection ended","attr":{"remote":"127.0.0.1:58905","uuid":"9e1254ae-8a97-45c2-989d-c9139e5a475e","connectionId":2,"connectionCount":1}}
2024-05-26T13:11:12.468+02:00  INFO 35525 --- [      Thread-11] d.f.e.m.s.autoconfigure.EmbeddedMongo    : {"t":{"$date":"2024-05-26T13:11:12.468+02:00"},"s":"I",  "c":"NETWORK",  "id":22943,   "ctx":"listener","msg":"Connection accepted","attr":{"remote":"127.0.0.1:58907","uuid":"668e4c83-6860-4886-800b-936fe97f62f6","connectionId":4,"connectionCount":2}}
2024-05-26T13:11:12.468+02:00  INFO 35525 --- [      Thread-11] d.f.e.m.s.autoconfigure.EmbeddedMongo    : {"t":{"$date":"2024-05-26T13:11:12.468+02:00"},"s":"W",  "c":"COMMAND",  "id":5578800, "ctx":"conn4","msg":"Received wire protocol op code or command that is no longer supported. The client driver may require an upgrade. For more details see https://dochub.mongodb.org/core/legacy-opcode-removal","attr":{"op":"query","clientInfo":{"address":"127.0.0.1:58907"}}}
2024-05-26T13:11:12.468+02:00 ERROR 35525 --- [           main] d.flapdoodle.embed.mongo.runtime.Mongod  : Got some response, should be an error message
2024-05-26T13:11:12.468+02:00  INFO 35525 --- [      Thread-11] d.f.e.m.s.autoconfigure.EmbeddedMongo    : {"t":{"$date":"2024-05-26T13:11:12.468+02:00"},"s":"I",  "c":"NETWORK",  "id":22944,   "ctx":"conn4","msg":"Connection ended","attr":{"remote":"127.0.0.1:58907","uuid":"668e4c83-6860-4886-800b-936fe97f62f6","connectionId":4,"connectionCount":1}}
2024-05-26T13:11:12.574+02:00  INFO 35525 --- [      Thread-11] d.f.e.m.s.autoconfigure.EmbeddedMongo    : {"t":{"$date":"2024-05-26T13:11:12.574+02:00"},"s":"I",  "c":"NETWORK",  "id":22943,   "ctx":"listener","msg":"Connection accepted","attr":{"remote":"127.0.0.1:58908","uuid":"b66dca8e-eeb3-46de-81c0-8ae1b3d68a1b","connectionId":5,"connectionCount":2}}
2024-05-26T13:11:12.574+02:00  INFO 35525 --- [      Thread-11] d.f.e.m.s.autoconfigure.EmbeddedMongo    : {"t":{"$date":"2024-05-26T13:11:12.574+02:00"},"s":"I",  "c":"COMMAND",  "id":4695400, "ctx":"conn5","msg":"Terminating via shutdown command","attr":{"force":false,"timeoutMillis":15000}}
2024-05-26T13:11:12.574+02:00  INFO 35525 --- [      Thread-11] d.f.e.m.s.autoconfigure.EmbeddedMongo    : {"t":{"$date":"2024-05-26T13:11:12.574+02:00"},"s":"I",  "c":"REPL",     "id":4794602, "ctx":"thread32","msg":"Attempting to enter quiesce mode"}
2024-05-26T13:11:12.574+02:00  INFO 35525 --- [      Thread-11] d.f.e.m.s.autoconfigure.EmbeddedMongo    : {"t":{"$date":"2024-05-26T13:11:12.574+02:00"},"s":"I",  "c":"-",        "id":6371601, "ctx":"thread32","msg":"Shutting down the FLE Crud thread pool"}
2024-05-26T13:11:12.575+02:00  INFO 35525 --- [      Thread-11] d.f.e.m.s.autoconfigure.EmbeddedMongo    : {"t":{"$date":"2024-05-26T13:11:12.574+02:00"},"s":"I",  "c":"COMMAND",  "id":4784901, "ctx":"thread32","msg":"Shutting down the MirrorMaestro"}
2024-05-26T13:11:12.575+02:00  INFO 35525 --- [      Thread-11] d.f.e.m.s.autoconfigure.EmbeddedMongo    : {"t":{"$date":"2024-05-26T13:11:12.574+02:00"},"s":"I",  "c":"SHARDING", "id":4784902, "ctx":"thread32","msg":"Shutting down the WaitForMajorityService"}
2024-05-26T13:11:12.575+02:00  INFO 35525 --- [      Thread-11] d.f.e.m.s.autoconfigure.EmbeddedMongo    : {"t":{"$date":"2024-05-26T13:11:12.574+02:00"},"s":"I",  "c":"CONTROL",  "id":4784903, "ctx":"thread32","msg":"Shutting down the LogicalSessionCache"}
2024-05-26T13:11:12.575+02:00  INFO 35525 --- [      Thread-11] d.f.e.m.s.autoconfigure.EmbeddedMongo    : {"t":{"$date":"2024-05-26T13:11:12.574+02:00"},"s":"I",  "c":"NETWORK",  "id":20562,   "ctx":"thread32","msg":"Shutdown: going to close listening sockets"}
2024-05-26T13:11:12.575+02:00  INFO 35525 --- [      Thread-11] d.f.e.m.s.autoconfigure.EmbeddedMongo    : {"t":{"$date":"2024-05-26T13:11:12.574+02:00"},"s":"I",  "c":"NETWORK",  "id":23017,   "ctx":"listener","msg":"removing socket file","attr":{"path":"/tmp/mongodb-58903.sock"}}
2024-05-26T13:11:12.575+02:00  INFO 35525 --- [      Thread-11] d.f.e.m.s.autoconfigure.EmbeddedMongo    : {"t":{"$date":"2024-05-26T13:11:12.574+02:00"},"s":"I",  "c":"NETWORK",  "id":4784905, "ctx":"thread32","msg":"Shutting down the global connection pool"}
2024-05-26T13:11:12.575+02:00  INFO 35525 --- [      Thread-11] d.f.e.m.s.autoconfigure.EmbeddedMongo    : {"t":{"$date":"2024-05-26T13:11:12.574+02:00"},"s":"I",  "c":"CONTROL",  "id":4784906, "ctx":"thread32","msg":"Shutting down the FlowControlTicketholder"}
2024-05-26T13:11:12.575+02:00  INFO 35525 --- [      Thread-11] d.f.e.m.s.autoconfigure.EmbeddedMongo    : {"t":{"$date":"2024-05-26T13:11:12.574+02:00"},"s":"I",  "c":"-",        "id":20520,   "ctx":"thread32","msg":"Stopping further Flow Control ticket acquisitions."}
2024-05-26T13:11:12.575+02:00  INFO 35525 --- [      Thread-11] d.f.e.m.s.autoconfigure.EmbeddedMongo    : {"t":{"$date":"2024-05-26T13:11:12.574+02:00"},"s":"I",  "c":"CONTROL",  "id":4784908, "ctx":"thread32","msg":"Shutting down the PeriodicThreadToAbortExpiredTransactions"}
2024-05-26T13:11:12.575+02:00  INFO 35525 --- [      Thread-11] d.f.e.m.s.autoconfigure.EmbeddedMongo    : {"t":{"$date":"2024-05-26T13:11:12.575+02:00"},"s":"I",  "c":"REPL",     "id":4784909, "ctx":"thread32","msg":"Shutting down the ReplicationCoordinator"}
2024-05-26T13:11:12.575+02:00  INFO 35525 --- [      Thread-11] d.f.e.m.s.autoconfigure.EmbeddedMongo    : {"t":{"$date":"2024-05-26T13:11:12.575+02:00"},"s":"I",  "c":"SHARDING", "id":4784910, "ctx":"thread32","msg":"Shutting down the ShardingInitializationMongoD"}
2024-05-26T13:11:12.575+02:00  INFO 35525 --- [      Thread-11] d.f.e.m.s.autoconfigure.EmbeddedMongo    : {"t":{"$date":"2024-05-26T13:11:12.575+02:00"},"s":"I",  "c":"REPL",     "id":4784911, "ctx":"thread32","msg":"Enqueuing the ReplicationStateTransitionLock for shutdown"}
2024-05-26T13:11:12.575+02:00  INFO 35525 --- [      Thread-11] d.f.e.m.s.autoconfigure.EmbeddedMongo    : {"t":{"$date":"2024-05-26T13:11:12.575+02:00"},"s":"I",  "c":"-",        "id":4784912, "ctx":"thread32","msg":"Killing all operations for shutdown"}
2024-05-26T13:11:12.575+02:00  INFO 35525 --- [      Thread-11] d.f.e.m.s.autoconfigure.EmbeddedMongo    : {"t":{"$date":"2024-05-26T13:11:12.575+02:00"},"s":"I",  "c":"-",        "id":4695300, "ctx":"thread32","msg":"Interrupted all currently running operations","attr":{"opsKilled":4}}
2024-05-26T13:11:12.575+02:00  INFO 35525 --- [      Thread-11] d.f.e.m.s.autoconfigure.EmbeddedMongo    : {"t":{"$date":"2024-05-26T13:11:12.575+02:00"},"s":"I",  "c":"TENANT_M", "id":5093807, "ctx":"thread32","msg":"Shutting down all TenantMigrationAccessBlockers on global shutdown"}
2024-05-26T13:11:12.575+02:00  INFO 35525 --- [      Thread-11] d.f.e.m.s.autoconfigure.EmbeddedMongo    : {"t":{"$date":"2024-05-26T13:11:12.575+02:00"},"s":"I",  "c":"COMMAND",  "id":4784913, "ctx":"thread32","msg":"Shutting down all open transactions"}
2024-05-26T13:11:12.575+02:00  INFO 35525 --- [      Thread-11] d.f.e.m.s.autoconfigure.EmbeddedMongo    : {"t":{"$date":"2024-05-26T13:11:12.575+02:00"},"s":"I",  "c":"REPL",     "id":4784914, "ctx":"thread32","msg":"Acquiring the ReplicationStateTransitionLock for shutdown"}
2024-05-26T13:11:12.575+02:00  INFO 35525 --- [      Thread-11] d.f.e.m.s.autoconfigure.EmbeddedMongo    : {"t":{"$date":"2024-05-26T13:11:12.575+02:00"},"s":"I",  "c":"INDEX",    "id":4784915, "ctx":"thread32","msg":"Shutting down the IndexBuildsCoordinator"}
2024-05-26T13:11:12.575+02:00  INFO 35525 --- [      Thread-11] d.f.e.m.s.autoconfigure.EmbeddedMongo    : {"t":{"$date":"2024-05-26T13:11:12.575+02:00"},"s":"I",  "c":"NETWORK",  "id":4784918, "ctx":"thread32","msg":"Shutting down the ReplicaSetMonitor"}
2024-05-26T13:11:12.575+02:00  INFO 35525 --- [      Thread-11] d.f.e.m.s.autoconfigure.EmbeddedMongo    : {"t":{"$date":"2024-05-26T13:11:12.575+02:00"},"s":"I",  "c":"SHARDING", "id":4784921, "ctx":"thread32","msg":"Shutting down the MigrationUtilExecutor"}
2024-05-26T13:11:12.576+02:00  INFO 35525 --- [      Thread-11] d.f.e.m.s.autoconfigure.EmbeddedMongo    : {"t":{"$date":"2024-05-26T13:11:12.575+02:00"},"s":"I",  "c":"ASIO",     "id":22582,   "ctx":"MigrationUtil-TaskExecutor","msg":"Killing all outstanding egress activity."}
2024-05-26T13:11:12.576+02:00  INFO 35525 --- [      Thread-11] d.f.e.m.s.autoconfigure.EmbeddedMongo    : {"t":{"$date":"2024-05-26T13:11:12.575+02:00"},"s":"I",  "c":"COMMAND",  "id":4784923, "ctx":"thread32","msg":"Shutting down the ServiceEntryPoint"}
2024-05-26T13:11:12.576+02:00  INFO 35525 --- [      Thread-11] d.f.e.m.s.autoconfigure.EmbeddedMongo    : {"t":{"$date":"2024-05-26T13:11:12.575+02:00"},"s":"I",  "c":"CONTROL",  "id":4784925, "ctx":"thread32","msg":"Shutting down free monitoring"}
2024-05-26T13:11:12.576+02:00  INFO 35525 --- [      Thread-11] d.f.e.m.s.autoconfigure.EmbeddedMongo    : {"t":{"$date":"2024-05-26T13:11:12.575+02:00"},"s":"I",  "c":"CONTROL",  "id":20609,   "ctx":"thread32","msg":"Shutting down free monitoring"}
2024-05-26T13:11:12.576+02:00  INFO 35525 --- [      Thread-11] d.f.e.m.s.autoconfigure.EmbeddedMongo    : {"t":{"$date":"2024-05-26T13:11:12.575+02:00"},"s":"I",  "c":"CONTROL",  "id":4784927, "ctx":"thread32","msg":"Shutting down the HealthLog"}
2024-05-26T13:11:12.576+02:00  INFO 35525 --- [      Thread-11] d.f.e.m.s.autoconfigure.EmbeddedMongo    : {"t":{"$date":"2024-05-26T13:11:12.575+02:00"},"s":"I",  "c":"CONTROL",  "id":4784928, "ctx":"thread32","msg":"Shutting down the TTL monitor"}
2024-05-26T13:11:12.576+02:00  INFO 35525 --- [      Thread-11] d.f.e.m.s.autoconfigure.EmbeddedMongo    : {"t":{"$date":"2024-05-26T13:11:12.575+02:00"},"s":"I",  "c":"INDEX",    "id":3684100, "ctx":"thread32","msg":"Shutting down TTL collection monitor thread"}
2024-05-26T13:11:12.576+02:00  INFO 35525 --- [      Thread-11] d.f.e.m.s.autoconfigure.EmbeddedMongo    : {"t":{"$date":"2024-05-26T13:11:12.575+02:00"},"s":"I",  "c":"INDEX",    "id":3684101, "ctx":"thread32","msg":"Finished shutting down TTL collection monitor thread"}
2024-05-26T13:11:12.576+02:00  INFO 35525 --- [      Thread-11] d.f.e.m.s.autoconfigure.EmbeddedMongo    : {"t":{"$date":"2024-05-26T13:11:12.575+02:00"},"s":"I",  "c":"CONTROL",  "id":6278511, "ctx":"thread32","msg":"Shutting down the Change Stream Expired Pre-images Remover"}
2024-05-26T13:11:12.576+02:00  INFO 35525 --- [      Thread-11] d.f.e.m.s.autoconfigure.EmbeddedMongo    : {"t":{"$date":"2024-05-26T13:11:12.575+02:00"},"s":"I",  "c":"CONTROL",  "id":4784929, "ctx":"thread32","msg":"Acquiring the global lock for shutdown"}
2024-05-26T13:11:12.576+02:00  INFO 35525 --- [      Thread-11] d.f.e.m.s.autoconfigure.EmbeddedMongo    : {"t":{"$date":"2024-05-26T13:11:12.575+02:00"},"s":"I",  "c":"CONTROL",  "id":4784930, "ctx":"thread32","msg":"Shutting down the storage engine"}
2024-05-26T13:11:12.576+02:00  INFO 35525 --- [      Thread-11] d.f.e.m.s.autoconfigure.EmbeddedMongo    : {"t":{"$date":"2024-05-26T13:11:12.575+02:00"},"s":"I",  "c":"STORAGE",  "id":22320,   "ctx":"thread32","msg":"Shutting down journal flusher thread"}
2024-05-26T13:11:12.576+02:00  INFO 35525 --- [      Thread-11] d.f.e.m.s.autoconfigure.EmbeddedMongo    : {"t":{"$date":"2024-05-26T13:11:12.575+02:00"},"s":"I",  "c":"NETWORK",  "id":22944,   "ctx":"conn1","msg":"Connection ended","attr":{"remote":"127.0.0.1:58904","uuid":"00625ef4-c1eb-48e6-bee4-6dbaf90e2ff9","connectionId":1,"connectionCount":1}}
2024-05-26T13:11:12.614+02:00  INFO 35525 --- [      Thread-11] d.f.e.m.s.autoconfigure.EmbeddedMongo    : {"t":{"$date":"2024-05-26T13:11:12.614+02:00"},"s":"I",  "c":"STORAGE",  "id":22321,   "ctx":"thread32","msg":"Finished shutting down journal flusher thread"}
2024-05-26T13:11:12.614+02:00  INFO 35525 --- [      Thread-11] d.f.e.m.s.autoconfigure.EmbeddedMongo    : {"t":{"$date":"2024-05-26T13:11:12.614+02:00"},"s":"I",  "c":"STORAGE",  "id":22322,   "ctx":"thread32","msg":"Shutting down checkpoint thread"}
2024-05-26T13:11:12.614+02:00  INFO 35525 --- [      Thread-11] d.f.e.m.s.autoconfigure.EmbeddedMongo    : {"t":{"$date":"2024-05-26T13:11:12.614+02:00"},"s":"I",  "c":"STORAGE",  "id":22323,   "ctx":"thread32","msg":"Finished shutting down checkpoint thread"}
2024-05-26T13:11:12.614+02:00  INFO 35525 --- [      Thread-11] d.f.e.m.s.autoconfigure.EmbeddedMongo    : {"t":{"$date":"2024-05-26T13:11:12.614+02:00"},"s":"I",  "c":"STORAGE",  "id":20282,   "ctx":"thread32","msg":"Deregistering all the collections"}
2024-05-26T13:11:12.615+02:00  INFO 35525 --- [      Thread-11] d.f.e.m.s.autoconfigure.EmbeddedMongo    : {"t":{"$date":"2024-05-26T13:11:12.614+02:00"},"s":"I",  "c":"STORAGE",  "id":22261,   "ctx":"thread32","msg":"Timestamp monitor shutting down"}
2024-05-26T13:11:12.615+02:00  INFO 35525 --- [      Thread-11] d.f.e.m.s.autoconfigure.EmbeddedMongo    : {"t":{"$date":"2024-05-26T13:11:12.614+02:00"},"s":"I",  "c":"STORAGE",  "id":22317,   "ctx":"thread32","msg":"WiredTigerKVEngine shutting down"}
2024-05-26T13:11:12.615+02:00  INFO 35525 --- [      Thread-11] d.f.e.m.s.autoconfigure.EmbeddedMongo    : {"t":{"$date":"2024-05-26T13:11:12.614+02:00"},"s":"I",  "c":"STORAGE",  "id":22318,   "ctx":"thread32","msg":"Shutting down session sweeper thread"}
2024-05-26T13:11:12.615+02:00  INFO 35525 --- [      Thread-11] d.f.e.m.s.autoconfigure.EmbeddedMongo    : {"t":{"$date":"2024-05-26T13:11:12.614+02:00"},"s":"I",  "c":"STORAGE",  "id":22319,   "ctx":"thread32","msg":"Finished shutting down session sweeper thread"}
2024-05-26T13:11:12.615+02:00  INFO 35525 --- [      Thread-11] d.f.e.m.s.autoconfigure.EmbeddedMongo    : {"t":{"$date":"2024-05-26T13:11:12.615+02:00"},"s":"I",  "c":"STORAGE",  "id":4795902, "ctx":"thread32","msg":"Closing WiredTiger","attr":{"closeConfig":"leak_memory=true,"}}
2024-05-26T13:11:12.643+02:00  INFO 35525 --- [      Thread-11] d.f.e.m.s.autoconfigure.EmbeddedMongo    : {"t":{"$date":"2024-05-26T13:11:12.643+02:00"},"s":"I",  "c":"STORAGE",  "id":4795901, "ctx":"thread32","msg":"WiredTiger closed","attr":{"durationMillis":28}}
2024-05-26T13:11:12.643+02:00  INFO 35525 --- [      Thread-11] d.f.e.m.s.autoconfigure.EmbeddedMongo    : {"t":{"$date":"2024-05-26T13:11:12.643+02:00"},"s":"I",  "c":"STORAGE",  "id":22279,   "ctx":"thread32","msg":"shutdown: removing fs lock..."}
2024-05-26T13:11:12.643+02:00  INFO 35525 --- [      Thread-11] d.f.e.m.s.autoconfigure.EmbeddedMongo    : {"t":{"$date":"2024-05-26T13:11:12.643+02:00"},"s":"I",  "c":"-",        "id":4784931, "ctx":"thread32","msg":"Dropping the scope cache for shutdown"}
2024-05-26T13:11:12.643+02:00  INFO 35525 --- [      Thread-11] d.f.e.m.s.autoconfigure.EmbeddedMongo    : {"t":{"$date":"2024-05-26T13:11:12.643+02:00"},"s":"I",  "c":"FTDC",     "id":20626,   "ctx":"thread32","msg":"Shutting down full-time diagnostic data capture"}
2024-05-26T13:11:12.645+02:00  INFO 35525 --- [      Thread-11] d.f.e.m.s.autoconfigure.EmbeddedMongo    : {"t":{"$date":"2024-05-26T13:11:12.645+02:00"},"s":"I",  "c":"CONTROL",  "id":20565,   "ctx":"thread32","msg":"Now exiting"}
2024-05-26T13:11:12.645+02:00  INFO 35525 --- [      Thread-11] d.f.e.m.s.autoconfigure.EmbeddedMongo    : {"t":{"$date":"2024-05-26T13:11:12.645+02:00"},"s":"I",  "c":"CONTROL",  "id":23138,   "ctx":"thread32","msg":"Shutting down","attr":{"exitCode":0}}
2024-05-26T13:11:12.752+02:00  INFO 35525 --- [           main] j.LocalContainerEntityManagerFactoryBean : Closing JPA EntityManagerFactory for persistence unit 'default'
2024-05-26T13:11:12.753+02:00  INFO 35525 --- [           main] com.zaxxer.hikari.HikariDataSource       : HikariPool-3 - Shutdown initiated...
2024-05-26T13:11:12.753+02:00  INFO 35525 --- [           main] com.zaxxer.hikari.HikariDataSource       : HikariPool-3 - Shutdown completed.
]]></system-out>
  </testcase>
  <testcase name="loginUser_thenReturnStatus200" classname="de.neuefische.backend.controllers.UserControllerIntegrationTest" time="0.29">
    <system-out><![CDATA[
  .   ____          _            __ _ _
 /\\ / ___'_ __ _ _(_)_ __  __ _ \ \ \ \
( ( )\___ | '_ | '_| | '_ \/ _` | \ \ \ \
 \\/  ___)| |_)| | | | | || (_| |  ) ) ) )
  '  |____| .__|_| |_|_| |_\__, | / / / /
 =========|_|==============|___/=/_/_/_/
 :: Spring Boot ::                (v3.1.0)

2024-05-26T13:11:12.768+02:00  INFO 35525 --- [           main] d.n.b.c.UserControllerIntegrationTest    : Starting UserControllerIntegrationTest using Java 20.0.2 with PID 35525 (started by paffen in /Users/paffen/IdeaProjects/capstone-foodspot/backend)
2024-05-26T13:11:12.768+02:00  INFO 35525 --- [           main] d.n.b.c.UserControllerIntegrationTest    : No active profile set, falling back to 1 default profile: "default"
2024-05-26T13:11:12.916+02:00  INFO 35525 --- [           main] .s.d.r.c.RepositoryConfigurationDelegate : Multiple Spring Data modules found, entering strict repository configuration mode
2024-05-26T13:11:12.916+02:00  INFO 35525 --- [           main] .s.d.r.c.RepositoryConfigurationDelegate : Bootstrapping Spring Data JPA repositories in DEFAULT mode.
2024-05-26T13:11:12.919+02:00  INFO 35525 --- [           main] .RepositoryConfigurationExtensionSupport : Spring Data JPA - Could not safely identify store assignment for repository candidate interface de.neuefische.backend.repos.FoodSpotRepo; If you want this repository to be a JPA repository, consider annotating your entities with one of these annotations: jakarta.persistence.Entity, jakarta.persistence.MappedSuperclass (preferred), or consider extending one of the following types with your repository: org.springframework.data.jpa.repository.JpaRepository
2024-05-26T13:11:12.920+02:00  INFO 35525 --- [           main] .RepositoryConfigurationExtensionSupport : Spring Data JPA - Could not safely identify store assignment for repository candidate interface de.neuefische.backend.repos.UserRepo; If you want this repository to be a JPA repository, consider annotating your entities with one of these annotations: jakarta.persistence.Entity, jakarta.persistence.MappedSuperclass (preferred), or consider extending one of the following types with your repository: org.springframework.data.jpa.repository.JpaRepository
2024-05-26T13:11:12.920+02:00  INFO 35525 --- [           main] .s.d.r.c.RepositoryConfigurationDelegate : Finished Spring Data repository scanning in 3 ms. Found 0 JPA repository interfaces.
2024-05-26T13:11:12.925+02:00  INFO 35525 --- [           main] .s.d.r.c.RepositoryConfigurationDelegate : Multiple Spring Data modules found, entering strict repository configuration mode
2024-05-26T13:11:12.925+02:00  INFO 35525 --- [           main] .s.d.r.c.RepositoryConfigurationDelegate : Bootstrapping Spring Data MongoDB repositories in DEFAULT mode.
2024-05-26T13:11:12.928+02:00  INFO 35525 --- [           main] .s.d.r.c.RepositoryConfigurationDelegate : Finished Spring Data repository scanning in 3 ms. Found 2 MongoDB repository interfaces.
2024-05-26T13:11:12.967+02:00  INFO 35525 --- [           main] trationDelegate$BeanPostProcessorChecker : Bean 'de.flapdoodle.embed.mongo.spring.autoconfigure.EmbeddedMongoAutoConfiguration' of type [de.flapdoodle.embed.mongo.spring.autoconfigure.EmbeddedMongoAutoConfiguration] is not eligible for getting processed by all BeanPostProcessors (for example: not eligible for auto-proxying)
2024-05-26T13:11:12.970+02:00  INFO 35525 --- [           main] trationDelegate$BeanPostProcessorChecker : Bean 'de.flapdoodle.mongodb.embedded-de.flapdoodle.embed.mongo.spring.autoconfigure.EmbeddedMongoProperties' of type [de.flapdoodle.embed.mongo.spring.autoconfigure.EmbeddedMongoProperties] is not eligible for getting processed by all BeanPostProcessors (for example: not eligible for auto-proxying)
2024-05-26T13:11:12.972+02:00  INFO 35525 --- [           main] trationDelegate$BeanPostProcessorChecker : Bean 'spring.data.mongodb-org.springframework.boot.autoconfigure.mongo.MongoProperties' of type [org.springframework.boot.autoconfigure.mongo.MongoProperties] is not eligible for getting processed by all BeanPostProcessors (for example: not eligible for auto-proxying)
2024-05-26T13:11:12.991+02:00  INFO 35525 --- [           main] com.zaxxer.hikari.HikariDataSource       : HikariPool-4 - Starting...
2024-05-26T13:11:12.993+02:00  INFO 35525 --- [           main] com.zaxxer.hikari.pool.HikariPool        : HikariPool-4 - Added connection conn30: url=jdbc:h2:mem:cf35da5b-599b-4be9-896c-9f0911cdcb8c user=SA
2024-05-26T13:11:12.993+02:00  INFO 35525 --- [           main] com.zaxxer.hikari.HikariDataSource       : HikariPool-4 - Start completed.
2024-05-26T13:11:12.994+02:00  INFO 35525 --- [           main] o.hibernate.jpa.internal.util.LogHelper  : HHH000204: Processing PersistenceUnitInfo [name: default]
2024-05-26T13:11:12.997+02:00  INFO 35525 --- [           main] o.h.b.i.BytecodeProviderInitiator        : HHH000021: Bytecode provider name : bytebuddy
2024-05-26T13:11:12.997+02:00  INFO 35525 --- [           main] o.s.o.j.p.SpringPersistenceUnitInfo      : No LoadTimeWeaver setup: ignoring JPA class transformer
2024-05-26T13:11:12.998+02:00  INFO 35525 --- [           main] org.hibernate.orm.dialect                : HHH035001: Using dialect: org.hibernate.dialect.H2Dialect, version: 1.4.200
2024-05-26T13:11:13.001+02:00  INFO 35525 --- [           main] o.h.b.i.BytecodeProviderInitiator        : HHH000021: Bytecode provider name : bytebuddy
2024-05-26T13:11:13.004+02:00  INFO 35525 --- [           main] o.h.e.t.j.p.i.JtaPlatformInitiator       : HHH000490: Using JtaPlatform implementation: [org.hibernate.engine.transaction.jta.platform.internal.NoJtaPlatform]
2024-05-26T13:11:13.004+02:00  INFO 35525 --- [           main] j.LocalContainerEntityManagerFactoryBean : Initialized JPA EntityManagerFactory for persistence unit 'default'
2024-05-26T13:11:13.033+02:00  INFO 35525 --- [           main] d.f.e.m.s.a.SyncClientServerFactory      : sync server factory
2024-05-26T13:11:13.150+02:00  INFO 35525 --- [      Thread-15] d.f.e.m.s.autoconfigure.EmbeddedMongo    : {"t":{"$date":"2024-05-26T13:11:13.149+02:00"},"s":"I",  "c":"CONTROL",  "id":23285,   "ctx":"-","msg":"Automatically disabling TLS 1.0, to force-enable TLS 1.0 specify --sslDisabledProtocols 'none'"}
2024-05-26T13:11:13.153+02:00  INFO 35525 --- [      Thread-15] d.f.e.m.s.autoconfigure.EmbeddedMongo    : {"t":{"$date":"2024-05-26T13:11:13.153+02:00"},"s":"I",  "c":"NETWORK",  "id":4915701, "ctx":"main","msg":"Initialized wire specification","attr":{"spec":{"incomingExternalClient":{"minWireVersion":0,"maxWireVersion":17},"incomingInternalClient":{"minWireVersion":0,"maxWireVersion":17},"outgoing":{"minWireVersion":6,"maxWireVersion":17},"isInternalClient":true}}}
2024-05-26T13:11:13.153+02:00  INFO 35525 --- [      Thread-15] d.f.e.m.s.autoconfigure.EmbeddedMongo    : {"t":{"$date":"2024-05-26T13:11:13.153+02:00"},"s":"I",  "c":"NETWORK",  "id":4648602, "ctx":"main","msg":"Implicit TCP FastOpen in use."}
2024-05-26T13:11:13.154+02:00  INFO 35525 --- [      Thread-15] d.f.e.m.s.autoconfigure.EmbeddedMongo    : {"t":{"$date":"2024-05-26T13:11:13.154+02:00"},"s":"I",  "c":"REPL",     "id":5123008, "ctx":"main","msg":"Successfully registered PrimaryOnlyService","attr":{"service":"TenantMigrationDonorService","namespace":"config.tenantMigrationDonors"}}
2024-05-26T13:11:13.154+02:00  INFO 35525 --- [      Thread-15] d.f.e.m.s.autoconfigure.EmbeddedMongo    : {"t":{"$date":"2024-05-26T13:11:13.154+02:00"},"s":"I",  "c":"REPL",     "id":5123008, "ctx":"main","msg":"Successfully registered PrimaryOnlyService","attr":{"service":"TenantMigrationRecipientService","namespace":"config.tenantMigrationRecipients"}}
2024-05-26T13:11:13.154+02:00  INFO 35525 --- [      Thread-15] d.f.e.m.s.autoconfigure.EmbeddedMongo    : {"t":{"$date":"2024-05-26T13:11:13.154+02:00"},"s":"I",  "c":"REPL",     "id":5123008, "ctx":"main","msg":"Successfully registered PrimaryOnlyService","attr":{"service":"ShardSplitDonorService","namespace":"config.tenantSplitDonors"}}
2024-05-26T13:11:13.154+02:00  INFO 35525 --- [      Thread-15] d.f.e.m.s.autoconfigure.EmbeddedMongo    : {"t":{"$date":"2024-05-26T13:11:13.154+02:00"},"s":"I",  "c":"CONTROL",  "id":5945603, "ctx":"main","msg":"Multi threading initialized"}
2024-05-26T13:11:13.155+02:00  INFO 35525 --- [      Thread-15] d.f.e.m.s.autoconfigure.EmbeddedMongo    : {"t":{"$date":"2024-05-26T13:11:13.154+02:00"},"s":"I",  "c":"CONTROL",  "id":4615611, "ctx":"initandlisten","msg":"MongoDB starting","attr":{"pid":35541,"port":58909,"dbPath":"/var/folders/dr/fk5c4mdx63g076r3v55pvq740000gn/T/temp--d1e20e5c-2021-4c02-b6f3-be15ac9eb72c/mongod-database14209979673174622859","architecture":"64-bit","host":"Pavel-laptop.fritz.box"}}
2024-05-26T13:11:13.155+02:00  INFO 35525 --- [      Thread-15] d.f.e.m.s.autoconfigure.EmbeddedMongo    : {"t":{"$date":"2024-05-26T13:11:13.154+02:00"},"s":"I",  "c":"CONTROL",  "id":23352,   "ctx":"initandlisten","msg":"Unable to resolve sysctl {sysctlName} (number) ","attr":{"sysctlName":"hw.cpufrequency"}}
2024-05-26T13:11:13.155+02:00  INFO 35525 --- [      Thread-15] d.f.e.m.s.autoconfigure.EmbeddedMongo    : {"t":{"$date":"2024-05-26T13:11:13.154+02:00"},"s":"I",  "c":"CONTROL",  "id":23351,   "ctx":"initandlisten","msg":"{sysctlName} unavailable","attr":{"sysctlName":"machdep.cpu.features"}}
2024-05-26T13:11:13.155+02:00  INFO 35525 --- [      Thread-15] d.f.e.m.s.autoconfigure.EmbeddedMongo    : {"t":{"$date":"2024-05-26T13:11:13.154+02:00"},"s":"I",  "c":"CONTROL",  "id":23403,   "ctx":"initandlisten","msg":"Build Info","attr":{"buildInfo":{"version":"6.0.1","gitVersion":"32f0f9c88dc44a2c8073a5bd47cf779d4bfdee6b","modules":[],"allocator":"system","environment":{"distarch":"aarch64","target_arch":"aarch64"}}}}
2024-05-26T13:11:13.155+02:00  INFO 35525 --- [      Thread-15] d.f.e.m.s.autoconfigure.EmbeddedMongo    : {"t":{"$date":"2024-05-26T13:11:13.154+02:00"},"s":"I",  "c":"CONTROL",  "id":51765,   "ctx":"initandlisten","msg":"Operating System","attr":{"os":{"name":"Mac OS X","version":"23.5.0"}}}
2024-05-26T13:11:13.155+02:00  INFO 35525 --- [      Thread-15] d.f.e.m.s.autoconfigure.EmbeddedMongo    : {"t":{"$date":"2024-05-26T13:11:13.154+02:00"},"s":"I",  "c":"CONTROL",  "id":21951,   "ctx":"initandlisten","msg":"Options set by command line","attr":{"options":{"net":{"bindIp":"127.0.0.1","port":58909},"security":{"authorization":"disabled"},"storage":{"dbPath":"/var/folders/dr/fk5c4mdx63g076r3v55pvq740000gn/T/temp--d1e20e5c-2021-4c02-b6f3-be15ac9eb72c/mongod-database14209979673174622859","journal":{"enabled":false},"syncPeriodSecs":0}}}}
2024-05-26T13:11:13.155+02:00  INFO 35525 --- [      Thread-15] d.f.e.m.s.autoconfigure.EmbeddedMongo    : {"t":{"$date":"2024-05-26T13:11:13.155+02:00"},"s":"I",  "c":"NETWORK",  "id":5693100, "ctx":"initandlisten","msg":"Asio socket.set_option failed with std::system_error","attr":{"note":"acceptor TCP fast open","option":{"level":6,"name":261,"data":"00 04 00 00"},"error":{"what":"set_option: Invalid argument","message":"Invalid argument","category":"asio.system","value":22}}}
2024-05-26T13:11:13.156+02:00  INFO 35525 --- [      Thread-15] d.f.e.m.s.autoconfigure.EmbeddedMongo    : {"t":{"$date":"2024-05-26T13:11:13.155+02:00"},"s":"I",  "c":"STORAGE",  "id":22315,   "ctx":"initandlisten","msg":"Opening WiredTiger","attr":{"config":"create,cache_size=3584M,session_max=33000,eviction=(threads_min=4,threads_max=4),config_base=false,statistics=(fast),log=(enabled=true,remove=true,path=journal,compressor=snappy),builtin_extension_config=(zstd=(compression_level=6)),file_manager=(close_idle_time=600,close_scan_interval=10,close_handle_minimum=2000),statistics_log=(wait=0),json_output=(error,message),verbose=[recovery_progress:1,checkpoint_progress:1,compact_progress:1,backup:0,checkpoint:0,compact:0,evict:0,history_store:0,recovery:0,rts:0,salvage:0,tiered:0,timestamp:0,transaction:0,verify:0,log:0],,log=(enabled=false),"}}
2024-05-26T13:11:14.345+02:00  INFO 35525 --- [      Thread-15] d.f.e.m.s.autoconfigure.EmbeddedMongo    : {"t":{"$date":"2024-05-26T13:11:14.345+02:00"},"s":"I",  "c":"STORAGE",  "id":4795906, "ctx":"initandlisten","msg":"WiredTiger opened","attr":{"durationMillis":1190}}
2024-05-26T13:11:14.345+02:00  INFO 35525 --- [      Thread-15] d.f.e.m.s.autoconfigure.EmbeddedMongo    : {"t":{"$date":"2024-05-26T13:11:14.345+02:00"},"s":"I",  "c":"RECOVERY", "id":23987,   "ctx":"initandlisten","msg":"WiredTiger recoveryTimestamp","attr":{"recoveryTimestamp":{"$timestamp":{"t":0,"i":0}}}}
2024-05-26T13:11:14.388+02:00  INFO 35525 --- [      Thread-15] d.f.e.m.s.autoconfigure.EmbeddedMongo    : {"t":{"$date":"2024-05-26T13:11:14.388+02:00"},"s":"I",  "c":"WT",       "id":4366408, "ctx":"initandlisten","msg":"No table logging settings modifications are required for existing WiredTiger tables","attr":{"loggingEnabled":true}}
2024-05-26T13:11:14.389+02:00  INFO 35525 --- [      Thread-15] d.f.e.m.s.autoconfigure.EmbeddedMongo    : {"t":{"$date":"2024-05-26T13:11:14.389+02:00"},"s":"W",  "c":"CONTROL",  "id":22184,   "ctx":"initandlisten","msg":"Soft rlimits for open file descriptors too low","attr":{"currentValue":10240,"recommendedMinimum":64000},"tags":["startupWarnings"]}
2024-05-26T13:11:14.389+02:00  INFO 35525 --- [      Thread-15] d.f.e.m.s.autoconfigure.EmbeddedMongo    : {"t":{"$date":"2024-05-26T13:11:14.389+02:00"},"s":"I",  "c":"STORAGE",  "id":20320,   "ctx":"initandlisten","msg":"createCollection","attr":{"namespace":"admin.system.version","uuidDisposition":"provided","uuid":{"uuid":{"$uuid":"add2b1d2-a037-4add-be83-d0427629fd32"}},"options":{"uuid":{"$uuid":"add2b1d2-a037-4add-be83-d0427629fd32"}}}}
2024-05-26T13:11:14.424+02:00  INFO 35525 --- [      Thread-15] d.f.e.m.s.autoconfigure.EmbeddedMongo    : {"t":{"$date":"2024-05-26T13:11:14.423+02:00"},"s":"I",  "c":"INDEX",    "id":20345,   "ctx":"initandlisten","msg":"Index build: done building","attr":{"buildUUID":null,"collectionUUID":{"uuid":{"$uuid":"add2b1d2-a037-4add-be83-d0427629fd32"}},"namespace":"admin.system.version","index":"_id_","ident":"index-1-1086220718083543743","collectionIdent":"collection-0-1086220718083543743","commitTimestamp":null}}
2024-05-26T13:11:14.424+02:00  INFO 35525 --- [      Thread-15] d.f.e.m.s.autoconfigure.EmbeddedMongo    : {"t":{"$date":"2024-05-26T13:11:14.424+02:00"},"s":"I",  "c":"REPL",     "id":20459,   "ctx":"initandlisten","msg":"Setting featureCompatibilityVersion","attr":{"newVersion":"6.0"}}
2024-05-26T13:11:14.424+02:00  INFO 35525 --- [      Thread-15] d.f.e.m.s.autoconfigure.EmbeddedMongo    : {"t":{"$date":"2024-05-26T13:11:14.424+02:00"},"s":"I",  "c":"REPL",     "id":5853300, "ctx":"initandlisten","msg":"current featureCompatibilityVersion value","attr":{"featureCompatibilityVersion":"6.0","context":"setFCV"}}
2024-05-26T13:11:14.424+02:00  INFO 35525 --- [      Thread-15] d.f.e.m.s.autoconfigure.EmbeddedMongo    : {"t":{"$date":"2024-05-26T13:11:14.424+02:00"},"s":"I",  "c":"NETWORK",  "id":4915702, "ctx":"initandlisten","msg":"Updated wire specification","attr":{"oldSpec":{"incomingExternalClient":{"minWireVersion":0,"maxWireVersion":17},"incomingInternalClient":{"minWireVersion":0,"maxWireVersion":17},"outgoing":{"minWireVersion":6,"maxWireVersion":17},"isInternalClient":true},"newSpec":{"incomingExternalClient":{"minWireVersion":0,"maxWireVersion":17},"incomingInternalClient":{"minWireVersion":17,"maxWireVersion":17},"outgoing":{"minWireVersion":17,"maxWireVersion":17},"isInternalClient":true}}}
2024-05-26T13:11:14.424+02:00  INFO 35525 --- [      Thread-15] d.f.e.m.s.autoconfigure.EmbeddedMongo    : {"t":{"$date":"2024-05-26T13:11:14.424+02:00"},"s":"I",  "c":"NETWORK",  "id":4915702, "ctx":"initandlisten","msg":"Updated wire specification","attr":{"oldSpec":{"incomingExternalClient":{"minWireVersion":0,"maxWireVersion":17},"incomingInternalClient":{"minWireVersion":17,"maxWireVersion":17},"outgoing":{"minWireVersion":17,"maxWireVersion":17},"isInternalClient":true},"newSpec":{"incomingExternalClient":{"minWireVersion":0,"maxWireVersion":17},"incomingInternalClient":{"minWireVersion":17,"maxWireVersion":17},"outgoing":{"minWireVersion":17,"maxWireVersion":17},"isInternalClient":true}}}
2024-05-26T13:11:14.425+02:00  INFO 35525 --- [      Thread-15] d.f.e.m.s.autoconfigure.EmbeddedMongo    : {"t":{"$date":"2024-05-26T13:11:14.424+02:00"},"s":"I",  "c":"REPL",     "id":5853300, "ctx":"initandlisten","msg":"current featureCompatibilityVersion value","attr":{"featureCompatibilityVersion":"6.0","context":"startup"}}
2024-05-26T13:11:14.425+02:00  INFO 35525 --- [      Thread-15] d.f.e.m.s.autoconfigure.EmbeddedMongo    : {"t":{"$date":"2024-05-26T13:11:14.424+02:00"},"s":"I",  "c":"STORAGE",  "id":5071100, "ctx":"initandlisten","msg":"Clearing temp directory"}
2024-05-26T13:11:14.425+02:00  INFO 35525 --- [      Thread-15] d.f.e.m.s.autoconfigure.EmbeddedMongo    : {"t":{"$date":"2024-05-26T13:11:14.424+02:00"},"s":"I",  "c":"CONTROL",  "id":20536,   "ctx":"initandlisten","msg":"Flow Control is enabled on this deployment"}
2024-05-26T13:11:14.425+02:00  INFO 35525 --- [      Thread-15] d.f.e.m.s.autoconfigure.EmbeddedMongo    : {"t":{"$date":"2024-05-26T13:11:14.424+02:00"},"s":"I",  "c":"FTDC",     "id":20625,   "ctx":"initandlisten","msg":"Initializing full-time diagnostic data capture","attr":{"dataDirectory":"/var/folders/dr/fk5c4mdx63g076r3v55pvq740000gn/T/temp--d1e20e5c-2021-4c02-b6f3-be15ac9eb72c/mongod-database14209979673174622859/diagnostic.data"}}
2024-05-26T13:11:14.425+02:00  INFO 35525 --- [      Thread-15] d.f.e.m.s.autoconfigure.EmbeddedMongo    : {"t":{"$date":"2024-05-26T13:11:14.424+02:00"},"s":"I",  "c":"STORAGE",  "id":20320,   "ctx":"initandlisten","msg":"createCollection","attr":{"namespace":"local.startup_log","uuidDisposition":"generated","uuid":{"uuid":{"$uuid":"8dbbda3e-39fd-4b77-9ddb-c60672ef145a"}},"options":{"capped":true,"size":10485760}}}
2024-05-26T13:11:14.461+02:00  INFO 35525 --- [      Thread-15] d.f.e.m.s.autoconfigure.EmbeddedMongo    : {"t":{"$date":"2024-05-26T13:11:14.461+02:00"},"s":"I",  "c":"INDEX",    "id":20345,   "ctx":"initandlisten","msg":"Index build: done building","attr":{"buildUUID":null,"collectionUUID":{"uuid":{"$uuid":"8dbbda3e-39fd-4b77-9ddb-c60672ef145a"}},"namespace":"local.startup_log","index":"_id_","ident":"index-3-1086220718083543743","collectionIdent":"collection-2-1086220718083543743","commitTimestamp":null}}
2024-05-26T13:11:14.461+02:00  INFO 35525 --- [      Thread-15] d.f.e.m.s.autoconfigure.EmbeddedMongo    : {"t":{"$date":"2024-05-26T13:11:14.461+02:00"},"s":"I",  "c":"REPL",     "id":6015317, "ctx":"initandlisten","msg":"Setting new configuration state","attr":{"newState":"ConfigReplicationDisabled","oldState":"ConfigPreStart"}}
2024-05-26T13:11:14.461+02:00  INFO 35525 --- [      Thread-15] d.f.e.m.s.autoconfigure.EmbeddedMongo    : {"t":{"$date":"2024-05-26T13:11:14.461+02:00"},"s":"I",  "c":"STORAGE",  "id":22262,   "ctx":"initandlisten","msg":"Timestamp monitor starting"}
2024-05-26T13:11:14.462+02:00  INFO 35525 --- [      Thread-15] d.f.e.m.s.autoconfigure.EmbeddedMongo    : {"t":{"$date":"2024-05-26T13:11:14.461+02:00"},"s":"I",  "c":"NETWORK",  "id":23015,   "ctx":"listener","msg":"Listening on","attr":{"address":"/tmp/mongodb-58909.sock"}}
2024-05-26T13:11:14.462+02:00  INFO 35525 --- [      Thread-15] d.f.e.m.s.autoconfigure.EmbeddedMongo    : {"t":{"$date":"2024-05-26T13:11:14.462+02:00"},"s":"I",  "c":"STORAGE",  "id":20320,   "ctx":"LogicalSessionCacheRefresh","msg":"createCollection","attr":{"namespace":"config.system.sessions","uuidDisposition":"generated","uuid":{"uuid":{"$uuid":"7de5609d-4959-4b8f-a73e-b1059c084598"}},"options":{}}}
2024-05-26T13:11:14.462+02:00  INFO 35525 --- [      Thread-15] d.f.e.m.s.autoconfigure.EmbeddedMongo    : {"t":{"$date":"2024-05-26T13:11:14.462+02:00"},"s":"I",  "c":"CONTROL",  "id":20712,   "ctx":"LogicalSessionCacheReap","msg":"Sessions collection is not set up; waiting until next sessions reap interval","attr":{"error":"NamespaceNotFound: config.system.sessions does not exist"}}
2024-05-26T13:11:14.462+02:00  INFO 35525 --- [      Thread-15] d.f.e.m.s.autoconfigure.EmbeddedMongo    : {"t":{"$date":"2024-05-26T13:11:14.462+02:00"},"s":"I",  "c":"NETWORK",  "id":23015,   "ctx":"listener","msg":"Listening on","attr":{"address":"127.0.0.1"}}
2024-05-26T13:11:14.462+02:00  INFO 35525 --- [      Thread-15] d.f.e.m.s.autoconfigure.EmbeddedMongo    : {"t":{"$date":"2024-05-26T13:11:14.462+02:00"},"s":"I",  "c":"NETWORK",  "id":23016,   "ctx":"listener","msg":"Waiting for connections","attr":{"port":58909,"ssl":"off"}}
2024-05-26T13:11:14.468+02:00  INFO 35525 --- [      Thread-15] d.f.e.m.s.autoconfigure.EmbeddedMongo    : {"t":{"$date":"2024-05-26T13:11:14.468+02:00"},"s":"I",  "c":"NETWORK",  "id":22943,   "ctx":"listener","msg":"Connection accepted","attr":{"remote":"127.0.0.1:58910","uuid":"af4e27f7-08ad-45bf-9478-0fa54760dd90","connectionId":1,"connectionCount":1}}
2024-05-26T13:11:14.468+02:00  INFO 35525 --- [           main] org.mongodb.driver.client                : MongoClient with metadata {"driver": {"name": "mongo-java-driver|sync|spring-boot", "version": "4.9.1"}, "os": {"type": "Darwin", "name": "Mac OS X", "architecture": "aarch64", "version": "14.5"}, "platform": "Java/Amazon.com Inc./20.0.2+9-FR"} created with settings MongoClientSettings{readPreference=primary, writeConcern=WriteConcern{w=null, wTimeout=null ms, journal=null}, retryWrites=true, retryReads=true, readConcern=ReadConcern{level=null}, credential=null, streamFactoryFactory=null, commandListeners=[], codecRegistry=ProvidersCodecRegistry{codecProviders=[ValueCodecProvider{}, BsonValueCodecProvider{}, DBRefCodecProvider{}, DBObjectCodecProvider{}, DocumentCodecProvider{}, CollectionCodecProvider{}, IterableCodecProvider{}, MapCodecProvider{}, GeoJsonCodecProvider{}, GridFSFileCodecProvider{}, Jsr310CodecProvider{}, JsonObjectCodecProvider{}, BsonCodecProvider{}, EnumCodecProvider{}, com.mongodb.client.model.mql.ExpressionCodecProvider@1ae73d9e, com.mongodb.Jep395RecordCodecProvider@51aafde5]}, loggerSettings=LoggerSettings{maxDocumentLength=1000}, clusterSettings={hosts=[localhost:58909], srvServiceName=mongodb, mode=SINGLE, requiredClusterType=UNKNOWN, requiredReplicaSetName='null', serverSelector='null', clusterListeners='[]', serverSelectionTimeout='30000 ms', localThreshold='30000 ms'}, socketSettings=SocketSettings{connectTimeoutMS=10000, readTimeoutMS=0, receiveBufferSize=0, sendBufferSize=0}, heartbeatSocketSettings=SocketSettings{connectTimeoutMS=10000, readTimeoutMS=10000, receiveBufferSize=0, sendBufferSize=0}, connectionPoolSettings=ConnectionPoolSettings{maxSize=100, minSize=0, maxWaitTimeMS=120000, maxConnectionLifeTimeMS=0, maxConnectionIdleTimeMS=0, maintenanceInitialDelayMS=0, maintenanceFrequencyMS=60000, connectionPoolListeners=[], maxConnecting=2}, serverSettings=ServerSettings{heartbeatFrequencyMS=10000, minHeartbeatFrequencyMS=500, serverListeners='[]', serverMonitorListeners='[]'}, sslSettings=SslSettings{enabled=false, invalidHostNameAllowed=false, context=null}, applicationName='null', compressorList=[], uuidRepresentation=JAVA_LEGACY, serverApi=null, autoEncryptionSettings=null, contextProvider=null}
2024-05-26T13:11:14.469+02:00  INFO 35525 --- [      Thread-15] d.f.e.m.s.autoconfigure.EmbeddedMongo    : {"t":{"$date":"2024-05-26T13:11:14.468+02:00"},"s":"I",  "c":"NETWORK",  "id":22943,   "ctx":"listener","msg":"Connection accepted","attr":{"remote":"127.0.0.1:58911","uuid":"e5e5a9bb-4fd7-4281-813d-e1fcd1271077","connectionId":2,"connectionCount":2}}
2024-05-26T13:11:14.469+02:00  INFO 35525 --- [      Thread-15] d.f.e.m.s.autoconfigure.EmbeddedMongo    : {"t":{"$date":"2024-05-26T13:11:14.469+02:00"},"s":"I",  "c":"NETWORK",  "id":51800,   "ctx":"conn1","msg":"client metadata","attr":{"remote":"127.0.0.1:58910","client":"conn1","doc":{"driver":{"name":"mongo-java-driver|sync|spring-boot","version":"4.9.1"},"os":{"type":"Darwin","name":"Mac OS X","architecture":"aarch64","version":"14.5"},"platform":"Java/Amazon.com Inc./20.0.2+9-FR"}}}
2024-05-26T13:11:14.469+02:00  INFO 35525 --- [      Thread-15] d.f.e.m.s.autoconfigure.EmbeddedMongo    : {"t":{"$date":"2024-05-26T13:11:14.469+02:00"},"s":"I",  "c":"NETWORK",  "id":51800,   "ctx":"conn2","msg":"client metadata","attr":{"remote":"127.0.0.1:58911","client":"conn2","doc":{"driver":{"name":"mongo-java-driver|sync|spring-boot","version":"4.9.1"},"os":{"type":"Darwin","name":"Mac OS X","architecture":"aarch64","version":"14.5"},"platform":"Java/Amazon.com Inc./20.0.2+9-FR"}}}
2024-05-26T13:11:14.470+02:00  INFO 35525 --- [localhost:58909] org.mongodb.driver.cluster               : Monitor thread successfully connected to server with description ServerDescription{address=localhost:58909, type=STANDALONE, state=CONNECTED, ok=true, minWireVersion=0, maxWireVersion=17, maxDocumentSize=16777216, logicalSessionTimeoutMinutes=30, roundTripTimeNanos=1783667}
2024-05-26T13:11:14.505+02:00  WARN 35525 --- [           main] JpaBaseConfiguration$JpaWebConfiguration : spring.jpa.open-in-view is enabled by default. Therefore, database queries may be performed during view rendering. Explicitly configure spring.jpa.open-in-view to disable this warning
2024-05-26T13:11:14.512+02:00  INFO 35525 --- [      Thread-15] d.f.e.m.s.autoconfigure.EmbeddedMongo    : {"t":{"$date":"2024-05-26T13:11:14.512+02:00"},"s":"I",  "c":"INDEX",    "id":20345,   "ctx":"LogicalSessionCacheRefresh","msg":"Index build: done building","attr":{"buildUUID":null,"collectionUUID":{"uuid":{"$uuid":"7de5609d-4959-4b8f-a73e-b1059c084598"}},"namespace":"config.system.sessions","index":"_id_","ident":"index-5-1086220718083543743","collectionIdent":"collection-4-1086220718083543743","commitTimestamp":null}}
2024-05-26T13:11:14.512+02:00  INFO 35525 --- [      Thread-15] d.f.e.m.s.autoconfigure.EmbeddedMongo    : {"t":{"$date":"2024-05-26T13:11:14.512+02:00"},"s":"I",  "c":"INDEX",    "id":20345,   "ctx":"LogicalSessionCacheRefresh","msg":"Index build: done building","attr":{"buildUUID":null,"collectionUUID":{"uuid":{"$uuid":"7de5609d-4959-4b8f-a73e-b1059c084598"}},"namespace":"config.system.sessions","index":"lsidTTLIndex","ident":"index-6-1086220718083543743","collectionIdent":"collection-4-1086220718083543743","commitTimestamp":null}}
2024-05-26T13:11:14.513+02:00  INFO 35525 --- [           main] o.s.b.a.w.s.WelcomePageHandlerMapping    : Adding welcome page: class path resource [static/index.html]
2024-05-26T13:11:14.896+02:00  INFO 35525 --- [           main] o.s.s.web.DefaultSecurityFilterChain     : Will secure any request with [org.springframework.security.web.session.DisableEncodeUrlFilter@22b012bb, org.springframework.security.web.session.ForceEagerSessionCreationFilter@981379d, org.springframework.security.web.context.request.async.WebAsyncManagerIntegrationFilter@7da91d88, org.springframework.security.web.context.SecurityContextHolderFilter@1c411579, org.springframework.security.web.header.HeaderWriterFilter@44a03f34, org.springframework.security.web.csrf.CsrfFilter@152eed97, org.springframework.security.web.authentication.logout.LogoutFilter@642fa23c, org.springframework.security.web.authentication.www.BasicAuthenticationFilter@2c80f35b, org.springframework.security.web.savedrequest.RequestCacheAwareFilter@43316ac8, org.springframework.security.web.servletapi.SecurityContextHolderAwareRequestFilter@62da405, org.springframework.security.web.authentication.AnonymousAuthenticationFilter@7d7309cb, org.springframework.security.web.session.SessionManagementFilter@7ee11d67, org.springframework.security.web.access.ExceptionTranslationFilter@7f34036a, org.springframework.security.web.access.intercept.AuthorizationFilter@3b1769a7]
2024-05-26T13:11:14.965+02:00  INFO 35525 --- [           main] o.s.b.t.m.w.SpringBootMockServletContext : Initializing Spring TestDispatcherServlet ''
2024-05-26T13:11:14.965+02:00  INFO 35525 --- [           main] o.s.t.web.servlet.TestDispatcherServlet  : Initializing Servlet ''
2024-05-26T13:11:14.966+02:00  INFO 35525 --- [           main] o.s.t.web.servlet.TestDispatcherServlet  : Completed initialization in 1 ms
2024-05-26T13:11:14.975+02:00  INFO 35525 --- [           main] d.n.b.c.UserControllerIntegrationTest    : Started UserControllerIntegrationTest in 2.219 seconds (process running for 23.774)
2024-05-26T13:11:14.990+02:00  INFO 35525 --- [      Thread-15] d.f.e.m.s.autoconfigure.EmbeddedMongo    : {"t":{"$date":"2024-05-26T13:11:14.989+02:00"},"s":"I",  "c":"NETWORK",  "id":22944,   "ctx":"conn1","msg":"Connection ended","attr":{"remote":"127.0.0.1:58910","uuid":"af4e27f7-08ad-45bf-9478-0fa54760dd90","connectionId":1,"connectionCount":1}}
2024-05-26T13:11:14.990+02:00  INFO 35525 --- [      Thread-15] d.f.e.m.s.autoconfigure.EmbeddedMongo    : {"t":{"$date":"2024-05-26T13:11:14.990+02:00"},"s":"I",  "c":"NETWORK",  "id":22943,   "ctx":"listener","msg":"Connection accepted","attr":{"remote":"127.0.0.1:58912","uuid":"9d2187cd-533c-4ab9-9fe4-055efc608c3b","connectionId":3,"connectionCount":2}}
2024-05-26T13:11:14.990+02:00  INFO 35525 --- [      Thread-15] d.f.e.m.s.autoconfigure.EmbeddedMongo    : {"t":{"$date":"2024-05-26T13:11:14.990+02:00"},"s":"W",  "c":"COMMAND",  "id":5578800, "ctx":"conn3","msg":"Received wire protocol op code or command that is no longer supported. The client driver may require an upgrade. For more details see https://dochub.mongodb.org/core/legacy-opcode-removal","attr":{"op":"query","clientInfo":{"address":"127.0.0.1:58912"}}}
2024-05-26T13:11:14.990+02:00 ERROR 35525 --- [           main] d.flapdoodle.embed.mongo.runtime.Mongod  : Got some response, should be an error message
2024-05-26T13:11:14.990+02:00  INFO 35525 --- [      Thread-15] d.f.e.m.s.autoconfigure.EmbeddedMongo    : {"t":{"$date":"2024-05-26T13:11:14.990+02:00"},"s":"I",  "c":"NETWORK",  "id":22944,   "ctx":"conn3","msg":"Connection ended","attr":{"remote":"127.0.0.1:58912","uuid":"9d2187cd-533c-4ab9-9fe4-055efc608c3b","connectionId":3,"connectionCount":1}}
2024-05-26T13:11:15.094+02:00  INFO 35525 --- [      Thread-15] d.f.e.m.s.autoconfigure.EmbeddedMongo    : {"t":{"$date":"2024-05-26T13:11:15.094+02:00"},"s":"I",  "c":"NETWORK",  "id":22943,   "ctx":"listener","msg":"Connection accepted","attr":{"remote":"127.0.0.1:58913","uuid":"32e0308e-4faa-4014-ad99-081098e5ab82","connectionId":4,"connectionCount":2}}
2024-05-26T13:11:15.094+02:00  INFO 35525 --- [      Thread-15] d.f.e.m.s.autoconfigure.EmbeddedMongo    : {"t":{"$date":"2024-05-26T13:11:15.094+02:00"},"s":"I",  "c":"COMMAND",  "id":4695400, "ctx":"conn4","msg":"Terminating via shutdown command","attr":{"force":false,"timeoutMillis":15000}}
2024-05-26T13:11:15.094+02:00  INFO 35525 --- [      Thread-15] d.f.e.m.s.autoconfigure.EmbeddedMongo    : {"t":{"$date":"2024-05-26T13:11:15.094+02:00"},"s":"I",  "c":"REPL",     "id":4794602, "ctx":"thread30","msg":"Attempting to enter quiesce mode"}
2024-05-26T13:11:15.094+02:00  INFO 35525 --- [      Thread-15] d.f.e.m.s.autoconfigure.EmbeddedMongo    : {"t":{"$date":"2024-05-26T13:11:15.094+02:00"},"s":"I",  "c":"-",        "id":6371601, "ctx":"thread30","msg":"Shutting down the FLE Crud thread pool"}
2024-05-26T13:11:15.094+02:00  INFO 35525 --- [      Thread-15] d.f.e.m.s.autoconfigure.EmbeddedMongo    : {"t":{"$date":"2024-05-26T13:11:15.094+02:00"},"s":"I",  "c":"COMMAND",  "id":4784901, "ctx":"thread30","msg":"Shutting down the MirrorMaestro"}
2024-05-26T13:11:15.094+02:00  INFO 35525 --- [      Thread-15] d.f.e.m.s.autoconfigure.EmbeddedMongo    : {"t":{"$date":"2024-05-26T13:11:15.094+02:00"},"s":"I",  "c":"SHARDING", "id":4784902, "ctx":"thread30","msg":"Shutting down the WaitForMajorityService"}
2024-05-26T13:11:15.094+02:00  INFO 35525 --- [      Thread-15] d.f.e.m.s.autoconfigure.EmbeddedMongo    : {"t":{"$date":"2024-05-26T13:11:15.094+02:00"},"s":"I",  "c":"CONTROL",  "id":4784903, "ctx":"thread30","msg":"Shutting down the LogicalSessionCache"}
2024-05-26T13:11:15.095+02:00  INFO 35525 --- [      Thread-15] d.f.e.m.s.autoconfigure.EmbeddedMongo    : {"t":{"$date":"2024-05-26T13:11:15.094+02:00"},"s":"I",  "c":"NETWORK",  "id":20562,   "ctx":"thread30","msg":"Shutdown: going to close listening sockets"}
2024-05-26T13:11:15.095+02:00  INFO 35525 --- [      Thread-15] d.f.e.m.s.autoconfigure.EmbeddedMongo    : {"t":{"$date":"2024-05-26T13:11:15.095+02:00"},"s":"I",  "c":"NETWORK",  "id":23017,   "ctx":"listener","msg":"removing socket file","attr":{"path":"/tmp/mongodb-58909.sock"}}
2024-05-26T13:11:15.095+02:00  INFO 35525 --- [      Thread-15] d.f.e.m.s.autoconfigure.EmbeddedMongo    : {"t":{"$date":"2024-05-26T13:11:15.095+02:00"},"s":"I",  "c":"NETWORK",  "id":4784905, "ctx":"thread30","msg":"Shutting down the global connection pool"}
2024-05-26T13:11:15.095+02:00  INFO 35525 --- [      Thread-15] d.f.e.m.s.autoconfigure.EmbeddedMongo    : {"t":{"$date":"2024-05-26T13:11:15.095+02:00"},"s":"I",  "c":"CONTROL",  "id":4784906, "ctx":"thread30","msg":"Shutting down the FlowControlTicketholder"}
2024-05-26T13:11:15.095+02:00  INFO 35525 --- [      Thread-15] d.f.e.m.s.autoconfigure.EmbeddedMongo    : {"t":{"$date":"2024-05-26T13:11:15.095+02:00"},"s":"I",  "c":"-",        "id":20520,   "ctx":"thread30","msg":"Stopping further Flow Control ticket acquisitions."}
2024-05-26T13:11:15.095+02:00  INFO 35525 --- [      Thread-15] d.f.e.m.s.autoconfigure.EmbeddedMongo    : {"t":{"$date":"2024-05-26T13:11:15.095+02:00"},"s":"I",  "c":"CONTROL",  "id":4784908, "ctx":"thread30","msg":"Shutting down the PeriodicThreadToAbortExpiredTransactions"}
2024-05-26T13:11:15.095+02:00  INFO 35525 --- [      Thread-15] d.f.e.m.s.autoconfigure.EmbeddedMongo    : {"t":{"$date":"2024-05-26T13:11:15.095+02:00"},"s":"I",  "c":"REPL",     "id":4784909, "ctx":"thread30","msg":"Shutting down the ReplicationCoordinator"}
2024-05-26T13:11:15.095+02:00  INFO 35525 --- [      Thread-15] d.f.e.m.s.autoconfigure.EmbeddedMongo    : {"t":{"$date":"2024-05-26T13:11:15.095+02:00"},"s":"I",  "c":"SHARDING", "id":4784910, "ctx":"thread30","msg":"Shutting down the ShardingInitializationMongoD"}
2024-05-26T13:11:15.095+02:00  INFO 35525 --- [      Thread-15] d.f.e.m.s.autoconfigure.EmbeddedMongo    : {"t":{"$date":"2024-05-26T13:11:15.095+02:00"},"s":"I",  "c":"REPL",     "id":4784911, "ctx":"thread30","msg":"Enqueuing the ReplicationStateTransitionLock for shutdown"}
2024-05-26T13:11:15.095+02:00  INFO 35525 --- [      Thread-15] d.f.e.m.s.autoconfigure.EmbeddedMongo    : {"t":{"$date":"2024-05-26T13:11:15.095+02:00"},"s":"I",  "c":"-",        "id":4784912, "ctx":"thread30","msg":"Killing all operations for shutdown"}
2024-05-26T13:11:15.095+02:00  INFO 35525 --- [      Thread-15] d.f.e.m.s.autoconfigure.EmbeddedMongo    : {"t":{"$date":"2024-05-26T13:11:15.095+02:00"},"s":"I",  "c":"-",        "id":4695300, "ctx":"thread30","msg":"Interrupted all currently running operations","attr":{"opsKilled":4}}
2024-05-26T13:11:15.095+02:00  INFO 35525 --- [      Thread-15] d.f.e.m.s.autoconfigure.EmbeddedMongo    : {"t":{"$date":"2024-05-26T13:11:15.095+02:00"},"s":"I",  "c":"TENANT_M", "id":5093807, "ctx":"thread30","msg":"Shutting down all TenantMigrationAccessBlockers on global shutdown"}
2024-05-26T13:11:15.095+02:00  INFO 35525 --- [      Thread-15] d.f.e.m.s.autoconfigure.EmbeddedMongo    : {"t":{"$date":"2024-05-26T13:11:15.095+02:00"},"s":"I",  "c":"COMMAND",  "id":4784913, "ctx":"thread30","msg":"Shutting down all open transactions"}
2024-05-26T13:11:15.095+02:00  INFO 35525 --- [      Thread-15] d.f.e.m.s.autoconfigure.EmbeddedMongo    : {"t":{"$date":"2024-05-26T13:11:15.095+02:00"},"s":"I",  "c":"REPL",     "id":4784914, "ctx":"thread30","msg":"Acquiring the ReplicationStateTransitionLock for shutdown"}
2024-05-26T13:11:15.095+02:00  INFO 35525 --- [      Thread-15] d.f.e.m.s.autoconfigure.EmbeddedMongo    : {"t":{"$date":"2024-05-26T13:11:15.095+02:00"},"s":"I",  "c":"INDEX",    "id":4784915, "ctx":"thread30","msg":"Shutting down the IndexBuildsCoordinator"}
2024-05-26T13:11:15.095+02:00  INFO 35525 --- [      Thread-15] d.f.e.m.s.autoconfigure.EmbeddedMongo    : {"t":{"$date":"2024-05-26T13:11:15.095+02:00"},"s":"I",  "c":"NETWORK",  "id":4784918, "ctx":"thread30","msg":"Shutting down the ReplicaSetMonitor"}
2024-05-26T13:11:15.095+02:00  INFO 35525 --- [      Thread-15] d.f.e.m.s.autoconfigure.EmbeddedMongo    : {"t":{"$date":"2024-05-26T13:11:15.095+02:00"},"s":"I",  "c":"SHARDING", "id":4784921, "ctx":"thread30","msg":"Shutting down the MigrationUtilExecutor"}
2024-05-26T13:11:15.095+02:00  INFO 35525 --- [      Thread-15] d.f.e.m.s.autoconfigure.EmbeddedMongo    : {"t":{"$date":"2024-05-26T13:11:15.095+02:00"},"s":"I",  "c":"ASIO",     "id":22582,   "ctx":"MigrationUtil-TaskExecutor","msg":"Killing all outstanding egress activity."}
2024-05-26T13:11:15.095+02:00  INFO 35525 --- [      Thread-15] d.f.e.m.s.autoconfigure.EmbeddedMongo    : {"t":{"$date":"2024-05-26T13:11:15.095+02:00"},"s":"I",  "c":"COMMAND",  "id":4784923, "ctx":"thread30","msg":"Shutting down the ServiceEntryPoint"}
2024-05-26T13:11:15.095+02:00  INFO 35525 --- [      Thread-15] d.f.e.m.s.autoconfigure.EmbeddedMongo    : {"t":{"$date":"2024-05-26T13:11:15.095+02:00"},"s":"I",  "c":"CONTROL",  "id":4784925, "ctx":"thread30","msg":"Shutting down free monitoring"}
2024-05-26T13:11:15.095+02:00  INFO 35525 --- [      Thread-15] d.f.e.m.s.autoconfigure.EmbeddedMongo    : {"t":{"$date":"2024-05-26T13:11:15.095+02:00"},"s":"I",  "c":"CONTROL",  "id":20609,   "ctx":"thread30","msg":"Shutting down free monitoring"}
2024-05-26T13:11:15.095+02:00  INFO 35525 --- [      Thread-15] d.f.e.m.s.autoconfigure.EmbeddedMongo    : {"t":{"$date":"2024-05-26T13:11:15.095+02:00"},"s":"I",  "c":"CONTROL",  "id":4784927, "ctx":"thread30","msg":"Shutting down the HealthLog"}
2024-05-26T13:11:15.095+02:00  INFO 35525 --- [      Thread-15] d.f.e.m.s.autoconfigure.EmbeddedMongo    : {"t":{"$date":"2024-05-26T13:11:15.095+02:00"},"s":"I",  "c":"CONTROL",  "id":4784928, "ctx":"thread30","msg":"Shutting down the TTL monitor"}
2024-05-26T13:11:15.095+02:00  INFO 35525 --- [      Thread-15] d.f.e.m.s.autoconfigure.EmbeddedMongo    : {"t":{"$date":"2024-05-26T13:11:15.095+02:00"},"s":"I",  "c":"INDEX",    "id":3684100, "ctx":"thread30","msg":"Shutting down TTL collection monitor thread"}
2024-05-26T13:11:15.095+02:00  INFO 35525 --- [      Thread-15] d.f.e.m.s.autoconfigure.EmbeddedMongo    : {"t":{"$date":"2024-05-26T13:11:15.095+02:00"},"s":"I",  "c":"INDEX",    "id":3684101, "ctx":"thread30","msg":"Finished shutting down TTL collection monitor thread"}
2024-05-26T13:11:15.095+02:00  INFO 35525 --- [      Thread-15] d.f.e.m.s.autoconfigure.EmbeddedMongo    : {"t":{"$date":"2024-05-26T13:11:15.095+02:00"},"s":"I",  "c":"CONTROL",  "id":6278511, "ctx":"thread30","msg":"Shutting down the Change Stream Expired Pre-images Remover"}
2024-05-26T13:11:15.095+02:00  INFO 35525 --- [      Thread-15] d.f.e.m.s.autoconfigure.EmbeddedMongo    : {"t":{"$date":"2024-05-26T13:11:15.095+02:00"},"s":"I",  "c":"CONTROL",  "id":4784929, "ctx":"thread30","msg":"Acquiring the global lock for shutdown"}
2024-05-26T13:11:15.095+02:00  INFO 35525 --- [      Thread-15] d.f.e.m.s.autoconfigure.EmbeddedMongo    : {"t":{"$date":"2024-05-26T13:11:15.095+02:00"},"s":"I",  "c":"CONTROL",  "id":4784930, "ctx":"thread30","msg":"Shutting down the storage engine"}
2024-05-26T13:11:15.096+02:00  INFO 35525 --- [      Thread-15] d.f.e.m.s.autoconfigure.EmbeddedMongo    : {"t":{"$date":"2024-05-26T13:11:15.095+02:00"},"s":"I",  "c":"STORAGE",  "id":22320,   "ctx":"thread30","msg":"Shutting down journal flusher thread"}
2024-05-26T13:11:15.096+02:00  INFO 35525 --- [      Thread-15] d.f.e.m.s.autoconfigure.EmbeddedMongo    : {"t":{"$date":"2024-05-26T13:11:15.095+02:00"},"s":"I",  "c":"NETWORK",  "id":22944,   "ctx":"conn2","msg":"Connection ended","attr":{"remote":"127.0.0.1:58911","uuid":"e5e5a9bb-4fd7-4281-813d-e1fcd1271077","connectionId":2,"connectionCount":1}}
2024-05-26T13:11:15.129+02:00  INFO 35525 --- [      Thread-15] d.f.e.m.s.autoconfigure.EmbeddedMongo    : {"t":{"$date":"2024-05-26T13:11:15.129+02:00"},"s":"I",  "c":"STORAGE",  "id":22321,   "ctx":"thread30","msg":"Finished shutting down journal flusher thread"}
2024-05-26T13:11:15.129+02:00  INFO 35525 --- [      Thread-15] d.f.e.m.s.autoconfigure.EmbeddedMongo    : {"t":{"$date":"2024-05-26T13:11:15.129+02:00"},"s":"I",  "c":"STORAGE",  "id":22322,   "ctx":"thread30","msg":"Shutting down checkpoint thread"}
2024-05-26T13:11:15.129+02:00  INFO 35525 --- [      Thread-15] d.f.e.m.s.autoconfigure.EmbeddedMongo    : {"t":{"$date":"2024-05-26T13:11:15.129+02:00"},"s":"I",  "c":"STORAGE",  "id":22323,   "ctx":"thread30","msg":"Finished shutting down checkpoint thread"}
2024-05-26T13:11:15.129+02:00  INFO 35525 --- [      Thread-15] d.f.e.m.s.autoconfigure.EmbeddedMongo    : {"t":{"$date":"2024-05-26T13:11:15.129+02:00"},"s":"I",  "c":"STORAGE",  "id":20282,   "ctx":"thread30","msg":"Deregistering all the collections"}
2024-05-26T13:11:15.129+02:00  INFO 35525 --- [      Thread-15] d.f.e.m.s.autoconfigure.EmbeddedMongo    : {"t":{"$date":"2024-05-26T13:11:15.129+02:00"},"s":"I",  "c":"STORAGE",  "id":22261,   "ctx":"thread30","msg":"Timestamp monitor shutting down"}
2024-05-26T13:11:15.129+02:00  INFO 35525 --- [      Thread-15] d.f.e.m.s.autoconfigure.EmbeddedMongo    : {"t":{"$date":"2024-05-26T13:11:15.129+02:00"},"s":"I",  "c":"STORAGE",  "id":22317,   "ctx":"thread30","msg":"WiredTigerKVEngine shutting down"}
2024-05-26T13:11:15.129+02:00  INFO 35525 --- [      Thread-15] d.f.e.m.s.autoconfigure.EmbeddedMongo    : {"t":{"$date":"2024-05-26T13:11:15.129+02:00"},"s":"I",  "c":"STORAGE",  "id":22318,   "ctx":"thread30","msg":"Shutting down session sweeper thread"}
2024-05-26T13:11:15.129+02:00  INFO 35525 --- [      Thread-15] d.f.e.m.s.autoconfigure.EmbeddedMongo    : {"t":{"$date":"2024-05-26T13:11:15.129+02:00"},"s":"I",  "c":"STORAGE",  "id":22319,   "ctx":"thread30","msg":"Finished shutting down session sweeper thread"}
2024-05-26T13:11:15.129+02:00  INFO 35525 --- [      Thread-15] d.f.e.m.s.autoconfigure.EmbeddedMongo    : {"t":{"$date":"2024-05-26T13:11:15.129+02:00"},"s":"I",  "c":"STORAGE",  "id":4795902, "ctx":"thread30","msg":"Closing WiredTiger","attr":{"closeConfig":"leak_memory=true,"}}
2024-05-26T13:11:15.156+02:00  INFO 35525 --- [      Thread-15] d.f.e.m.s.autoconfigure.EmbeddedMongo    : {"t":{"$date":"2024-05-26T13:11:15.156+02:00"},"s":"I",  "c":"STORAGE",  "id":4795901, "ctx":"thread30","msg":"WiredTiger closed","attr":{"durationMillis":27}}
2024-05-26T13:11:15.156+02:00  INFO 35525 --- [      Thread-15] d.f.e.m.s.autoconfigure.EmbeddedMongo    : {"t":{"$date":"2024-05-26T13:11:15.156+02:00"},"s":"I",  "c":"STORAGE",  "id":22279,   "ctx":"thread30","msg":"shutdown: removing fs lock..."}
2024-05-26T13:11:15.156+02:00  INFO 35525 --- [      Thread-15] d.f.e.m.s.autoconfigure.EmbeddedMongo    : {"t":{"$date":"2024-05-26T13:11:15.156+02:00"},"s":"I",  "c":"-",        "id":4784931, "ctx":"thread30","msg":"Dropping the scope cache for shutdown"}
2024-05-26T13:11:15.156+02:00  INFO 35525 --- [      Thread-15] d.f.e.m.s.autoconfigure.EmbeddedMongo    : {"t":{"$date":"2024-05-26T13:11:15.156+02:00"},"s":"I",  "c":"FTDC",     "id":20626,   "ctx":"thread30","msg":"Shutting down full-time diagnostic data capture"}
2024-05-26T13:11:15.158+02:00  INFO 35525 --- [      Thread-15] d.f.e.m.s.autoconfigure.EmbeddedMongo    : {"t":{"$date":"2024-05-26T13:11:15.158+02:00"},"s":"I",  "c":"CONTROL",  "id":20565,   "ctx":"thread30","msg":"Now exiting"}
2024-05-26T13:11:15.158+02:00  INFO 35525 --- [      Thread-15] d.f.e.m.s.autoconfigure.EmbeddedMongo    : {"t":{"$date":"2024-05-26T13:11:15.158+02:00"},"s":"I",  "c":"CONTROL",  "id":23138,   "ctx":"thread30","msg":"Shutting down","attr":{"exitCode":0}}
2024-05-26T13:11:15.267+02:00  INFO 35525 --- [           main] j.LocalContainerEntityManagerFactoryBean : Closing JPA EntityManagerFactory for persistence unit 'default'
2024-05-26T13:11:15.268+02:00  INFO 35525 --- [           main] com.zaxxer.hikari.HikariDataSource       : HikariPool-4 - Shutdown initiated...
2024-05-26T13:11:15.268+02:00  INFO 35525 --- [           main] com.zaxxer.hikari.HikariDataSource       : HikariPool-4 - Shutdown completed.
]]></system-out>
  </testcase>
  <testcase name="userLogin_returnStatus200" classname="de.neuefische.backend.controllers.UserControllerIntegrationTest" time="0.56">
    <system-out><![CDATA[
  .   ____          _            __ _ _
 /\\ / ___'_ __ _ _(_)_ __  __ _ \ \ \ \
( ( )\___ | '_ | '_| | '_ \/ _` | \ \ \ \
 \\/  ___)| |_)| | | | | || (_| |  ) ) ) )
  '  |____| .__|_| |_|_| |_\__, | / / / /
 =========|_|==============|___/=/_/_/_/
 :: Spring Boot ::                (v3.1.0)

2024-05-26T13:11:15.282+02:00  INFO 35525 --- [           main] d.n.b.c.UserControllerIntegrationTest    : Starting UserControllerIntegrationTest using Java 20.0.2 with PID 35525 (started by paffen in /Users/paffen/IdeaProjects/capstone-foodspot/backend)
2024-05-26T13:11:15.282+02:00  INFO 35525 --- [           main] d.n.b.c.UserControllerIntegrationTest    : No active profile set, falling back to 1 default profile: "default"
2024-05-26T13:11:15.415+02:00  INFO 35525 --- [           main] .s.d.r.c.RepositoryConfigurationDelegate : Multiple Spring Data modules found, entering strict repository configuration mode
2024-05-26T13:11:15.415+02:00  INFO 35525 --- [           main] .s.d.r.c.RepositoryConfigurationDelegate : Bootstrapping Spring Data JPA repositories in DEFAULT mode.
2024-05-26T13:11:15.418+02:00  INFO 35525 --- [           main] .RepositoryConfigurationExtensionSupport : Spring Data JPA - Could not safely identify store assignment for repository candidate interface de.neuefische.backend.repos.FoodSpotRepo; If you want this repository to be a JPA repository, consider annotating your entities with one of these annotations: jakarta.persistence.Entity, jakarta.persistence.MappedSuperclass (preferred), or consider extending one of the following types with your repository: org.springframework.data.jpa.repository.JpaRepository
2024-05-26T13:11:15.418+02:00  INFO 35525 --- [           main] .RepositoryConfigurationExtensionSupport : Spring Data JPA - Could not safely identify store assignment for repository candidate interface de.neuefische.backend.repos.UserRepo; If you want this repository to be a JPA repository, consider annotating your entities with one of these annotations: jakarta.persistence.Entity, jakarta.persistence.MappedSuperclass (preferred), or consider extending one of the following types with your repository: org.springframework.data.jpa.repository.JpaRepository
2024-05-26T13:11:15.418+02:00  INFO 35525 --- [           main] .s.d.r.c.RepositoryConfigurationDelegate : Finished Spring Data repository scanning in 3 ms. Found 0 JPA repository interfaces.
2024-05-26T13:11:15.422+02:00  INFO 35525 --- [           main] .s.d.r.c.RepositoryConfigurationDelegate : Multiple Spring Data modules found, entering strict repository configuration mode
2024-05-26T13:11:15.422+02:00  INFO 35525 --- [           main] .s.d.r.c.RepositoryConfigurationDelegate : Bootstrapping Spring Data MongoDB repositories in DEFAULT mode.
2024-05-26T13:11:15.425+02:00  INFO 35525 --- [           main] .s.d.r.c.RepositoryConfigurationDelegate : Finished Spring Data repository scanning in 3 ms. Found 2 MongoDB repository interfaces.
2024-05-26T13:11:15.455+02:00  INFO 35525 --- [           main] trationDelegate$BeanPostProcessorChecker : Bean 'de.flapdoodle.embed.mongo.spring.autoconfigure.EmbeddedMongoAutoConfiguration' of type [de.flapdoodle.embed.mongo.spring.autoconfigure.EmbeddedMongoAutoConfiguration] is not eligible for getting processed by all BeanPostProcessors (for example: not eligible for auto-proxying)
2024-05-26T13:11:15.458+02:00  INFO 35525 --- [           main] trationDelegate$BeanPostProcessorChecker : Bean 'de.flapdoodle.mongodb.embedded-de.flapdoodle.embed.mongo.spring.autoconfigure.EmbeddedMongoProperties' of type [de.flapdoodle.embed.mongo.spring.autoconfigure.EmbeddedMongoProperties] is not eligible for getting processed by all BeanPostProcessors (for example: not eligible for auto-proxying)
2024-05-26T13:11:15.459+02:00  INFO 35525 --- [           main] trationDelegate$BeanPostProcessorChecker : Bean 'spring.data.mongodb-org.springframework.boot.autoconfigure.mongo.MongoProperties' of type [org.springframework.boot.autoconfigure.mongo.MongoProperties] is not eligible for getting processed by all BeanPostProcessors (for example: not eligible for auto-proxying)
2024-05-26T13:11:15.473+02:00  INFO 35525 --- [           main] com.zaxxer.hikari.HikariDataSource       : HikariPool-5 - Starting...
2024-05-26T13:11:15.475+02:00  INFO 35525 --- [           main] com.zaxxer.hikari.pool.HikariPool        : HikariPool-5 - Added connection conn40: url=jdbc:h2:mem:8a8ed1b1-fce9-4681-af20-3082be9f5d97 user=SA
2024-05-26T13:11:15.476+02:00  INFO 35525 --- [           main] com.zaxxer.hikari.HikariDataSource       : HikariPool-5 - Start completed.
2024-05-26T13:11:15.477+02:00  INFO 35525 --- [           main] o.hibernate.jpa.internal.util.LogHelper  : HHH000204: Processing PersistenceUnitInfo [name: default]
2024-05-26T13:11:15.480+02:00  INFO 35525 --- [           main] o.h.b.i.BytecodeProviderInitiator        : HHH000021: Bytecode provider name : bytebuddy
2024-05-26T13:11:15.481+02:00  INFO 35525 --- [           main] o.s.o.j.p.SpringPersistenceUnitInfo      : No LoadTimeWeaver setup: ignoring JPA class transformer
2024-05-26T13:11:15.482+02:00  INFO 35525 --- [           main] org.hibernate.orm.dialect                : HHH035001: Using dialect: org.hibernate.dialect.H2Dialect, version: 1.4.200
2024-05-26T13:11:15.485+02:00  INFO 35525 --- [           main] o.h.b.i.BytecodeProviderInitiator        : HHH000021: Bytecode provider name : bytebuddy
2024-05-26T13:11:15.489+02:00  INFO 35525 --- [           main] o.h.e.t.j.p.i.JtaPlatformInitiator       : HHH000490: Using JtaPlatform implementation: [org.hibernate.engine.transaction.jta.platform.internal.NoJtaPlatform]
2024-05-26T13:11:15.489+02:00  INFO 35525 --- [           main] j.LocalContainerEntityManagerFactoryBean : Initialized JPA EntityManagerFactory for persistence unit 'default'
2024-05-26T13:11:15.500+02:00  INFO 35525 --- [           main] d.f.e.m.s.a.SyncClientServerFactory      : sync server factory
2024-05-26T13:11:15.619+02:00  INFO 35525 --- [      Thread-19] d.f.e.m.s.autoconfigure.EmbeddedMongo    : {"t":{"$date":"2024-05-26T13:11:15.618+02:00"},"s":"I",  "c":"CONTROL",  "id":23285,   "ctx":"-","msg":"Automatically disabling TLS 1.0, to force-enable TLS 1.0 specify --sslDisabledProtocols 'none'"}
2024-05-26T13:11:15.620+02:00  INFO 35525 --- [      Thread-19] d.f.e.m.s.autoconfigure.EmbeddedMongo    : {"t":{"$date":"2024-05-26T13:11:15.620+02:00"},"s":"I",  "c":"NETWORK",  "id":4915701, "ctx":"main","msg":"Initialized wire specification","attr":{"spec":{"incomingExternalClient":{"minWireVersion":0,"maxWireVersion":17},"incomingInternalClient":{"minWireVersion":0,"maxWireVersion":17},"outgoing":{"minWireVersion":6,"maxWireVersion":17},"isInternalClient":true}}}
2024-05-26T13:11:15.620+02:00  INFO 35525 --- [      Thread-19] d.f.e.m.s.autoconfigure.EmbeddedMongo    : {"t":{"$date":"2024-05-26T13:11:15.620+02:00"},"s":"I",  "c":"NETWORK",  "id":4648602, "ctx":"main","msg":"Implicit TCP FastOpen in use."}
2024-05-26T13:11:15.621+02:00  INFO 35525 --- [      Thread-19] d.f.e.m.s.autoconfigure.EmbeddedMongo    : {"t":{"$date":"2024-05-26T13:11:15.621+02:00"},"s":"I",  "c":"REPL",     "id":5123008, "ctx":"main","msg":"Successfully registered PrimaryOnlyService","attr":{"service":"TenantMigrationDonorService","namespace":"config.tenantMigrationDonors"}}
2024-05-26T13:11:15.621+02:00  INFO 35525 --- [      Thread-19] d.f.e.m.s.autoconfigure.EmbeddedMongo    : {"t":{"$date":"2024-05-26T13:11:15.621+02:00"},"s":"I",  "c":"REPL",     "id":5123008, "ctx":"main","msg":"Successfully registered PrimaryOnlyService","attr":{"service":"TenantMigrationRecipientService","namespace":"config.tenantMigrationRecipients"}}
2024-05-26T13:11:15.622+02:00  INFO 35525 --- [      Thread-19] d.f.e.m.s.autoconfigure.EmbeddedMongo    : {"t":{"$date":"2024-05-26T13:11:15.621+02:00"},"s":"I",  "c":"REPL",     "id":5123008, "ctx":"main","msg":"Successfully registered PrimaryOnlyService","attr":{"service":"ShardSplitDonorService","namespace":"config.tenantSplitDonors"}}
2024-05-26T13:11:15.622+02:00  INFO 35525 --- [      Thread-19] d.f.e.m.s.autoconfigure.EmbeddedMongo    : {"t":{"$date":"2024-05-26T13:11:15.621+02:00"},"s":"I",  "c":"CONTROL",  "id":5945603, "ctx":"main","msg":"Multi threading initialized"}
2024-05-26T13:11:15.622+02:00  INFO 35525 --- [      Thread-19] d.f.e.m.s.autoconfigure.EmbeddedMongo    : {"t":{"$date":"2024-05-26T13:11:15.621+02:00"},"s":"I",  "c":"CONTROL",  "id":4615611, "ctx":"initandlisten","msg":"MongoDB starting","attr":{"pid":35542,"port":58914,"dbPath":"/var/folders/dr/fk5c4mdx63g076r3v55pvq740000gn/T/temp--751eff1d-8db4-42bf-bfa3-cdb8f2899d2f/mongod-database14214588288013179179","architecture":"64-bit","host":"Pavel-laptop.fritz.box"}}
2024-05-26T13:11:15.622+02:00  INFO 35525 --- [      Thread-19] d.f.e.m.s.autoconfigure.EmbeddedMongo    : {"t":{"$date":"2024-05-26T13:11:15.621+02:00"},"s":"I",  "c":"CONTROL",  "id":23352,   "ctx":"initandlisten","msg":"Unable to resolve sysctl {sysctlName} (number) ","attr":{"sysctlName":"hw.cpufrequency"}}
2024-05-26T13:11:15.622+02:00  INFO 35525 --- [      Thread-19] d.f.e.m.s.autoconfigure.EmbeddedMongo    : {"t":{"$date":"2024-05-26T13:11:15.621+02:00"},"s":"I",  "c":"CONTROL",  "id":23351,   "ctx":"initandlisten","msg":"{sysctlName} unavailable","attr":{"sysctlName":"machdep.cpu.features"}}
2024-05-26T13:11:15.622+02:00  INFO 35525 --- [      Thread-19] d.f.e.m.s.autoconfigure.EmbeddedMongo    : {"t":{"$date":"2024-05-26T13:11:15.621+02:00"},"s":"I",  "c":"CONTROL",  "id":23403,   "ctx":"initandlisten","msg":"Build Info","attr":{"buildInfo":{"version":"6.0.1","gitVersion":"32f0f9c88dc44a2c8073a5bd47cf779d4bfdee6b","modules":[],"allocator":"system","environment":{"distarch":"aarch64","target_arch":"aarch64"}}}}
2024-05-26T13:11:15.622+02:00  INFO 35525 --- [      Thread-19] d.f.e.m.s.autoconfigure.EmbeddedMongo    : {"t":{"$date":"2024-05-26T13:11:15.621+02:00"},"s":"I",  "c":"CONTROL",  "id":51765,   "ctx":"initandlisten","msg":"Operating System","attr":{"os":{"name":"Mac OS X","version":"23.5.0"}}}
2024-05-26T13:11:15.622+02:00  INFO 35525 --- [      Thread-19] d.f.e.m.s.autoconfigure.EmbeddedMongo    : {"t":{"$date":"2024-05-26T13:11:15.621+02:00"},"s":"I",  "c":"CONTROL",  "id":21951,   "ctx":"initandlisten","msg":"Options set by command line","attr":{"options":{"net":{"bindIp":"127.0.0.1","port":58914},"security":{"authorization":"disabled"},"storage":{"dbPath":"/var/folders/dr/fk5c4mdx63g076r3v55pvq740000gn/T/temp--751eff1d-8db4-42bf-bfa3-cdb8f2899d2f/mongod-database14214588288013179179","journal":{"enabled":false},"syncPeriodSecs":0}}}}
2024-05-26T13:11:15.622+02:00  INFO 35525 --- [      Thread-19] d.f.e.m.s.autoconfigure.EmbeddedMongo    : {"t":{"$date":"2024-05-26T13:11:15.622+02:00"},"s":"I",  "c":"NETWORK",  "id":5693100, "ctx":"initandlisten","msg":"Asio socket.set_option failed with std::system_error","attr":{"note":"acceptor TCP fast open","option":{"level":6,"name":261,"data":"00 04 00 00"},"error":{"what":"set_option: Invalid argument","message":"Invalid argument","category":"asio.system","value":22}}}
2024-05-26T13:11:15.623+02:00  INFO 35525 --- [      Thread-19] d.f.e.m.s.autoconfigure.EmbeddedMongo    : {"t":{"$date":"2024-05-26T13:11:15.623+02:00"},"s":"I",  "c":"STORAGE",  "id":22315,   "ctx":"initandlisten","msg":"Opening WiredTiger","attr":{"config":"create,cache_size=3584M,session_max=33000,eviction=(threads_min=4,threads_max=4),config_base=false,statistics=(fast),log=(enabled=true,remove=true,path=journal,compressor=snappy),builtin_extension_config=(zstd=(compression_level=6)),file_manager=(close_idle_time=600,close_scan_interval=10,close_handle_minimum=2000),statistics_log=(wait=0),json_output=(error,message),verbose=[recovery_progress:1,checkpoint_progress:1,compact_progress:1,backup:0,checkpoint:0,compact:0,evict:0,history_store:0,recovery:0,rts:0,salvage:0,tiered:0,timestamp:0,transaction:0,verify:0,log:0],,log=(enabled=false),"}}
2024-05-26T13:11:16.795+02:00  INFO 35525 --- [      Thread-19] d.f.e.m.s.autoconfigure.EmbeddedMongo    : {"t":{"$date":"2024-05-26T13:11:16.795+02:00"},"s":"I",  "c":"STORAGE",  "id":4795906, "ctx":"initandlisten","msg":"WiredTiger opened","attr":{"durationMillis":1172}}
2024-05-26T13:11:16.795+02:00  INFO 35525 --- [      Thread-19] d.f.e.m.s.autoconfigure.EmbeddedMongo    : {"t":{"$date":"2024-05-26T13:11:16.795+02:00"},"s":"I",  "c":"RECOVERY", "id":23987,   "ctx":"initandlisten","msg":"WiredTiger recoveryTimestamp","attr":{"recoveryTimestamp":{"$timestamp":{"t":0,"i":0}}}}
2024-05-26T13:11:16.836+02:00  INFO 35525 --- [      Thread-19] d.f.e.m.s.autoconfigure.EmbeddedMongo    : {"t":{"$date":"2024-05-26T13:11:16.836+02:00"},"s":"I",  "c":"WT",       "id":4366408, "ctx":"initandlisten","msg":"No table logging settings modifications are required for existing WiredTiger tables","attr":{"loggingEnabled":true}}
2024-05-26T13:11:16.836+02:00  INFO 35525 --- [      Thread-19] d.f.e.m.s.autoconfigure.EmbeddedMongo    : {"t":{"$date":"2024-05-26T13:11:16.836+02:00"},"s":"W",  "c":"CONTROL",  "id":22184,   "ctx":"initandlisten","msg":"Soft rlimits for open file descriptors too low","attr":{"currentValue":10240,"recommendedMinimum":64000},"tags":["startupWarnings"]}
2024-05-26T13:11:16.836+02:00  INFO 35525 --- [      Thread-19] d.f.e.m.s.autoconfigure.EmbeddedMongo    : {"t":{"$date":"2024-05-26T13:11:16.836+02:00"},"s":"I",  "c":"STORAGE",  "id":20320,   "ctx":"initandlisten","msg":"createCollection","attr":{"namespace":"admin.system.version","uuidDisposition":"provided","uuid":{"uuid":{"$uuid":"6c81fbd9-a2d0-41f4-835d-b3ef40387586"}},"options":{"uuid":{"$uuid":"6c81fbd9-a2d0-41f4-835d-b3ef40387586"}}}}
2024-05-26T13:11:16.872+02:00  INFO 35525 --- [      Thread-19] d.f.e.m.s.autoconfigure.EmbeddedMongo    : {"t":{"$date":"2024-05-26T13:11:16.871+02:00"},"s":"I",  "c":"INDEX",    "id":20345,   "ctx":"initandlisten","msg":"Index build: done building","attr":{"buildUUID":null,"collectionUUID":{"uuid":{"$uuid":"6c81fbd9-a2d0-41f4-835d-b3ef40387586"}},"namespace":"admin.system.version","index":"_id_","ident":"index-1-3389482769317034771","collectionIdent":"collection-0-3389482769317034771","commitTimestamp":null}}
2024-05-26T13:11:16.872+02:00  INFO 35525 --- [      Thread-19] d.f.e.m.s.autoconfigure.EmbeddedMongo    : {"t":{"$date":"2024-05-26T13:11:16.872+02:00"},"s":"I",  "c":"REPL",     "id":20459,   "ctx":"initandlisten","msg":"Setting featureCompatibilityVersion","attr":{"newVersion":"6.0"}}
2024-05-26T13:11:16.872+02:00  INFO 35525 --- [      Thread-19] d.f.e.m.s.autoconfigure.EmbeddedMongo    : {"t":{"$date":"2024-05-26T13:11:16.872+02:00"},"s":"I",  "c":"REPL",     "id":5853300, "ctx":"initandlisten","msg":"current featureCompatibilityVersion value","attr":{"featureCompatibilityVersion":"6.0","context":"setFCV"}}
2024-05-26T13:11:16.872+02:00  INFO 35525 --- [      Thread-19] d.f.e.m.s.autoconfigure.EmbeddedMongo    : {"t":{"$date":"2024-05-26T13:11:16.872+02:00"},"s":"I",  "c":"NETWORK",  "id":4915702, "ctx":"initandlisten","msg":"Updated wire specification","attr":{"oldSpec":{"incomingExternalClient":{"minWireVersion":0,"maxWireVersion":17},"incomingInternalClient":{"minWireVersion":0,"maxWireVersion":17},"outgoing":{"minWireVersion":6,"maxWireVersion":17},"isInternalClient":true},"newSpec":{"incomingExternalClient":{"minWireVersion":0,"maxWireVersion":17},"incomingInternalClient":{"minWireVersion":17,"maxWireVersion":17},"outgoing":{"minWireVersion":17,"maxWireVersion":17},"isInternalClient":true}}}
[...]
2024-05-26T13:11:19.703+02:00  INFO 35525 --- [           main] o.s.b.t.m.w.SpringBootMockServletContext : Initializing Spring TestDispatcherServlet ''
2024-05-26T13:11:19.703+02:00  INFO 35525 --- [           main] o.s.t.web.servlet.TestDispatcherServlet  : Initializing Servlet ''
2024-05-26T13:11:19.703+02:00  INFO 35525 --- [           main] o.s.t.web.servlet.TestDispatcherServlet  : Completed initialization in 0 ms
2024-05-26T13:11:19.709+02:00  INFO 35525 --- [           main] d.n.b.c.UserControllerIntegrationTest    : Started UserControllerIntegrationTest in 1.834 seconds (process running for 28.508)
]]></system-out>
  </testcase>
  <testcase name="registerUser_thenReturnStatus200" classname="de.neuefische.backend.controllers.UserControllerIntegrationTest" time="0.552">
    <system-out><![CDATA[2024-05-26T13:11:19.932+02:00  INFO 35525 --- [      Thread-23] d.f.e.m.s.autoconfigure.EmbeddedMongo    : {"t":{"$date":"2024-05-26T13:11:19.932+02:00"},"s":"I",  "c":"NETWORK",  "id":22943,   "ctx":"listener","msg":"Connection accepted","attr":{"remote":"127.0.0.1:58923","uuid":"a1c18a1e-2e01-48b3-9022-eebd524fe488","connectionId":3,"connectionCount":3}}
2024-05-26T13:11:19.933+02:00  INFO 35525 --- [      Thread-23] d.f.e.m.s.autoconfigure.EmbeddedMongo    : {"t":{"$date":"2024-05-26T13:11:19.933+02:00"},"s":"I",  "c":"NETWORK",  "id":51800,   "ctx":"conn3","msg":"client metadata","attr":{"remote":"127.0.0.1:58923","client":"conn3","doc":{"driver":{"name":"mongo-java-driver|sync|spring-boot","version":"4.9.1"},"os":{"type":"Darwin","name":"Mac OS X","architecture":"aarch64","version":"14.5"},"platform":"Java/Amazon.com Inc./20.0.2+9-FR"}}}
2024-05-26T13:11:19.940+02:00  INFO 35525 --- [      Thread-23] d.f.e.m.s.autoconfigure.EmbeddedMongo    : {"t":{"$date":"2024-05-26T13:11:19.940+02:00"},"s":"I",  "c":"STORAGE",  "id":20320,   "ctx":"conn3","msg":"createCollection","attr":{"namespace":"test.users","uuidDisposition":"generated","uuid":{"uuid":{"$uuid":"470d2dda-e241-4e52-8580-8831013741ae"}},"options":{}}}
2024-05-26T13:11:19.973+02:00  INFO 35525 --- [      Thread-23] d.f.e.m.s.autoconfigure.EmbeddedMongo    : {"t":{"$date":"2024-05-26T13:11:19.973+02:00"},"s":"I",  "c":"INDEX",    "id":20345,   "ctx":"conn3","msg":"Index build: done building","attr":{"buildUUID":null,"collectionUUID":{"uuid":{"$uuid":"470d2dda-e241-4e52-8580-8831013741ae"}},"namespace":"test.users","index":"_id_","ident":"index-8-8529316281169505559","collectionIdent":"collection-7-8529316281169505559","commitTimestamp":null}}
2024-05-26T13:11:19.979+02:00  INFO 35525 --- [      Thread-23] d.f.e.m.s.autoconfigure.EmbeddedMongo    : {"t":{"$date":"2024-05-26T13:11:19.979+02:00"},"s":"I",  "c":"NETWORK",  "id":22944,   "ctx":"conn3","msg":"Connection ended","attr":{"remote":"127.0.0.1:58923","uuid":"a1c18a1e-2e01-48b3-9022-eebd524fe488","connectionId":3,"connectionCount":2}}
2024-05-26T13:11:19.979+02:00  INFO 35525 --- [      Thread-23] d.f.e.m.s.autoconfigure.EmbeddedMongo    : {"t":{"$date":"2024-05-26T13:11:19.979+02:00"},"s":"I",  "c":"NETWORK",  "id":22944,   "ctx":"conn2","msg":"Connection ended","attr":{"remote":"127.0.0.1:58922","uuid":"274a4175-8d12-42e8-a012-1302bbfd1dfc","connectionId":2,"connectionCount":1}}
2024-05-26T13:11:19.979+02:00  INFO 35525 --- [      Thread-23] d.f.e.m.s.autoconfigure.EmbeddedMongo    : {"t":{"$date":"2024-05-26T13:11:19.979+02:00"},"s":"I",  "c":"NETWORK",  "id":22943,   "ctx":"listener","msg":"Connection accepted","attr":{"remote":"127.0.0.1:58924","uuid":"33dd0aa5-9ef6-45fe-8dc4-8c84e187bb10","connectionId":4,"connectionCount":2}}
2024-05-26T13:11:19.979+02:00  INFO 35525 --- [      Thread-23] d.f.e.m.s.autoconfigure.EmbeddedMongo    : {"t":{"$date":"2024-05-26T13:11:19.979+02:00"},"s":"W",  "c":"COMMAND",  "id":5578800, "ctx":"conn4","msg":"Received wire protocol op code or command that is no longer supported. The client driver may require an upgrade. For more details see https://dochub.mongodb.org/core/legacy-opcode-removal","attr":{"op":"query","clientInfo":{"address":"127.0.0.1:58924"}}}
2024-05-26T13:11:19.980+02:00 ERROR 35525 --- [           main] d.flapdoodle.embed.mongo.runtime.Mongod  : Got some response, should be an error message
2024-05-26T13:11:19.980+02:00  INFO 35525 --- [      Thread-23] d.f.e.m.s.autoconfigure.EmbeddedMongo    : {"t":{"$date":"2024-05-26T13:11:19.980+02:00"},"s":"I",  "c":"NETWORK",  "id":22944,   "ctx":"conn4","msg":"Connection ended","attr":{"remote":"127.0.0.1:58924","uuid":"33dd0aa5-9ef6-45fe-8dc4-8c84e187bb10","connectionId":4,"connectionCount":1}}
2024-05-26T13:11:20.085+02:00  INFO 35525 --- [      Thread-23] d.f.e.m.s.autoconfigure.EmbeddedMongo    : {"t":{"$date":"2024-05-26T13:11:20.085+02:00"},"s":"I",  "c":"NETWORK",  "id":22943,   "ctx":"listener","msg":"Connection accepted","attr":{"remote":"127.0.0.1:58925","uuid":"612bb865-91af-452e-afe9-d1a6ce364877","connectionId":5,"connectionCount":2}}
2024-05-26T13:11:20.086+02:00  INFO 35525 --- [      Thread-23] d.f.e.m.s.autoconfigure.EmbeddedMongo    : {"t":{"$date":"2024-05-26T13:11:20.085+02:00"},"s":"I",  "c":"COMMAND",  "id":4695400, "ctx":"conn5","msg":"Terminating via shutdown command","attr":{"force":false,"timeoutMillis":15000}}
2024-05-26T13:11:20.086+02:00  INFO 35525 --- [      Thread-23] d.f.e.m.s.autoconfigure.EmbeddedMongo    : {"t":{"$date":"2024-05-26T13:11:20.086+02:00"},"s":"I",  "c":"REPL",     "id":4794602, "ctx":"thread31","msg":"Attempting to enter quiesce mode"}
2024-05-26T13:11:20.086+02:00  INFO 35525 --- [      Thread-23] d.f.e.m.s.autoconfigure.EmbeddedMongo    : {"t":{"$date":"2024-05-26T13:11:20.086+02:00"},"s":"I",  "c":"-",        "id":6371601, "ctx":"thread31","msg":"Shutting down the FLE Crud thread pool"}
2024-05-26T13:11:20.086+02:00  INFO 35525 --- [      Thread-23] d.f.e.m.s.autoconfigure.EmbeddedMongo    : {"t":{"$date":"2024-05-26T13:11:20.086+02:00"},"s":"I",  "c":"COMMAND",  "id":4784901, "ctx":"thread31","msg":"Shutting down the MirrorMaestro"}
2024-05-26T13:11:20.086+02:00  INFO 35525 --- [      Thread-23] d.f.e.m.s.autoconfigure.EmbeddedMongo    : {"t":{"$date":"2024-05-26T13:11:20.086+02:00"},"s":"I",  "c":"SHARDING", "id":4784902, "ctx":"thread31","msg":"Shutting down the WaitForMajorityService"}
2024-05-26T13:11:20.086+02:00  INFO 35525 --- [      Thread-23] d.f.e.m.s.autoconfigure.EmbeddedMongo    : {"t":{"$date":"2024-05-26T13:11:20.086+02:00"},"s":"I",  "c":"CONTROL",  "id":4784903, "ctx":"thread31","msg":"Shutting down the LogicalSessionCache"}
2024-05-26T13:11:20.086+02:00  INFO 35525 --- [      Thread-23] d.f.e.m.s.autoconfigure.EmbeddedMongo    : {"t":{"$date":"2024-05-26T13:11:20.086+02:00"},"s":"I",  "c":"NETWORK",  "id":20562,   "ctx":"thread31","msg":"Shutdown: going to close listening sockets"}
2024-05-26T13:11:20.086+02:00  INFO 35525 --- [      Thread-23] d.f.e.m.s.autoconfigure.EmbeddedMongo    : {"t":{"$date":"2024-05-26T13:11:20.086+02:00"},"s":"I",  "c":"NETWORK",  "id":23017,   "ctx":"listener","msg":"removing socket file","attr":{"path":"/tmp/mongodb-58920.sock"}}
2024-05-26T13:11:20.086+02:00  INFO 35525 --- [      Thread-23] d.f.e.m.s.autoconfigure.EmbeddedMongo    : {"t":{"$date":"2024-05-26T13:11:20.086+02:00"},"s":"I",  "c":"NETWORK",  "id":4784905, "ctx":"thread31","msg":"Shutting down the global connection pool"}
2024-05-26T13:11:20.086+02:00  INFO 35525 --- [      Thread-23] d.f.e.m.s.autoconfigure.EmbeddedMongo    : {"t":{"$date":"2024-05-26T13:11:20.086+02:00"},"s":"I",  "c":"CONTROL",  "id":4784906, "ctx":"thread31","msg":"Shutting down the FlowControlTicketholder"}
2024-05-26T13:11:20.086+02:00  INFO 35525 --- [      Thread-23] d.f.e.m.s.autoconfigure.EmbeddedMongo    : {"t":{"$date":"2024-05-26T13:11:20.086+02:00"},"s":"I",  "c":"-",        "id":20520,   "ctx":"thread31","msg":"Stopping further Flow Control ticket acquisitions."}
2024-05-26T13:11:20.086+02:00  INFO 35525 --- [      Thread-23] d.f.e.m.s.autoconfigure.EmbeddedMongo    : {"t":{"$date":"2024-05-26T13:11:20.086+02:00"},"s":"I",  "c":"CONTROL",  "id":4784908, "ctx":"thread31","msg":"Shutting down the PeriodicThreadToAbortExpiredTransactions"}
2024-05-26T13:11:20.086+02:00  INFO 35525 --- [      Thread-23] d.f.e.m.s.autoconfigure.EmbeddedMongo    : {"t":{"$date":"2024-05-26T13:11:20.086+02:00"},"s":"I",  "c":"REPL",     "id":4784909, "ctx":"thread31","msg":"Shutting down the ReplicationCoordinator"}
2024-05-26T13:11:20.086+02:00  INFO 35525 --- [      Thread-23] d.f.e.m.s.autoconfigure.EmbeddedMongo    : {"t":{"$date":"2024-05-26T13:11:20.086+02:00"},"s":"I",  "c":"SHARDING", "id":4784910, "ctx":"thread31","msg":"Shutting down the ShardingInitializationMongoD"}
2024-05-26T13:11:20.086+02:00  INFO 35525 --- [      Thread-23] d.f.e.m.s.autoconfigure.EmbeddedMongo    : {"t":{"$date":"2024-05-26T13:11:20.086+02:00"},"s":"I",  "c":"REPL",     "id":4784911, "ctx":"thread31","msg":"Enqueuing the ReplicationStateTransitionLock for shutdown"}
2024-05-26T13:11:20.086+02:00  INFO 35525 --- [      Thread-23] d.f.e.m.s.autoconfigure.EmbeddedMongo    : {"t":{"$date":"2024-05-26T13:11:20.086+02:00"},"s":"I",  "c":"-",        "id":4784912, "ctx":"thread31","msg":"Killing all operations for shutdown"}
2024-05-26T13:11:20.086+02:00  INFO 35525 --- [      Thread-23] d.f.e.m.s.autoconfigure.EmbeddedMongo    : {"t":{"$date":"2024-05-26T13:11:20.086+02:00"},"s":"I",  "c":"-",        "id":4695300, "ctx":"thread31","msg":"Interrupted all currently running operations","attr":{"opsKilled":4}}
2024-05-26T13:11:20.086+02:00  INFO 35525 --- [      Thread-23] d.f.e.m.s.autoconfigure.EmbeddedMongo    : {"t":{"$date":"2024-05-26T13:11:20.086+02:00"},"s":"I",  "c":"TENANT_M", "id":5093807, "ctx":"thread31","msg":"Shutting down all TenantMigrationAccessBlockers on global shutdown"}
2024-05-26T13:11:20.086+02:00  INFO 35525 --- [      Thread-23] d.f.e.m.s.autoconfigure.EmbeddedMongo    : {"t":{"$date":"2024-05-26T13:11:20.086+02:00"},"s":"I",  "c":"COMMAND",  "id":4784913, "ctx":"thread31","msg":"Shutting down all open transactions"}
2024-05-26T13:11:20.086+02:00  INFO 35525 --- [      Thread-23] d.f.e.m.s.autoconfigure.EmbeddedMongo    : {"t":{"$date":"2024-05-26T13:11:20.086+02:00"},"s":"I",  "c":"REPL",     "id":4784914, "ctx":"thread31","msg":"Acquiring the ReplicationStateTransitionLock for shutdown"}
2024-05-26T13:11:20.086+02:00  INFO 35525 --- [      Thread-23] d.f.e.m.s.autoconfigure.EmbeddedMongo    : {"t":{"$date":"2024-05-26T13:11:20.086+02:00"},"s":"I",  "c":"INDEX",    "id":4784915, "ctx":"thread31","msg":"Shutting down the IndexBuildsCoordinator"}
2024-05-26T13:11:20.086+02:00  INFO 35525 --- [      Thread-23] d.f.e.m.s.autoconfigure.EmbeddedMongo    : {"t":{"$date":"2024-05-26T13:11:20.086+02:00"},"s":"I",  "c":"NETWORK",  "id":4784918, "ctx":"thread31","msg":"Shutting down the ReplicaSetMonitor"}
2024-05-26T13:11:20.086+02:00  INFO 35525 --- [      Thread-23] d.f.e.m.s.autoconfigure.EmbeddedMongo    : {"t":{"$date":"2024-05-26T13:11:20.086+02:00"},"s":"I",  "c":"SHARDING", "id":4784921, "ctx":"thread31","msg":"Shutting down the MigrationUtilExecutor"}
2024-05-26T13:11:20.086+02:00  INFO 35525 --- [      Thread-23] d.f.e.m.s.autoconfigure.EmbeddedMongo    : {"t":{"$date":"2024-05-26T13:11:20.086+02:00"},"s":"I",  "c":"ASIO",     "id":22582,   "ctx":"MigrationUtil-TaskExecutor","msg":"Killing all outstanding egress activity."}
2024-05-26T13:11:20.086+02:00  INFO 35525 --- [      Thread-23] d.f.e.m.s.autoconfigure.EmbeddedMongo    : {"t":{"$date":"2024-05-26T13:11:20.086+02:00"},"s":"I",  "c":"COMMAND",  "id":4784923, "ctx":"thread31","msg":"Shutting down the ServiceEntryPoint"}
2024-05-26T13:11:20.086+02:00  INFO 35525 --- [      Thread-23] d.f.e.m.s.autoconfigure.EmbeddedMongo    : {"t":{"$date":"2024-05-26T13:11:20.086+02:00"},"s":"I",  "c":"CONTROL",  "id":4784925, "ctx":"thread31","msg":"Shutting down free monitoring"}
2024-05-26T13:11:20.086+02:00  INFO 35525 --- [      Thread-23] d.f.e.m.s.autoconfigure.EmbeddedMongo    : {"t":{"$date":"2024-05-26T13:11:20.086+02:00"},"s":"I",  "c":"CONTROL",  "id":20609,   "ctx":"thread31","msg":"Shutting down free monitoring"}
2024-05-26T13:11:20.086+02:00  INFO 35525 --- [      Thread-23] d.f.e.m.s.autoconfigure.EmbeddedMongo    : {"t":{"$date":"2024-05-26T13:11:20.086+02:00"},"s":"I",  "c":"CONTROL",  "id":4784927, "ctx":"thread31","msg":"Shutting down the HealthLog"}
2024-05-26T13:11:20.087+02:00  INFO 35525 --- [      Thread-23] d.f.e.m.s.autoconfigure.EmbeddedMongo    : {"t":{"$date":"2024-05-26T13:11:20.086+02:00"},"s":"I",  "c":"CONTROL",  "id":4784928, "ctx":"thread31","msg":"Shutting down the TTL monitor"}
2024-05-26T13:11:20.087+02:00  INFO 35525 --- [      Thread-23] d.f.e.m.s.autoconfigure.EmbeddedMongo    : {"t":{"$date":"2024-05-26T13:11:20.086+02:00"},"s":"I",  "c":"INDEX",    "id":3684100, "ctx":"thread31","msg":"Shutting down TTL collection monitor thread"}
2024-05-26T13:11:20.087+02:00  INFO 35525 --- [      Thread-23] d.f.e.m.s.autoconfigure.EmbeddedMongo    : {"t":{"$date":"2024-05-26T13:11:20.086+02:00"},"s":"I",  "c":"INDEX",    "id":3684101, "ctx":"thread31","msg":"Finished shutting down TTL collection monitor thread"}
2024-05-26T13:11:20.087+02:00  INFO 35525 --- [      Thread-23] d.f.e.m.s.autoconfigure.EmbeddedMongo    : {"t":{"$date":"2024-05-26T13:11:20.086+02:00"},"s":"I",  "c":"CONTROL",  "id":6278511, "ctx":"thread31","msg":"Shutting down the Change Stream Expired Pre-images Remover"}
2024-05-26T13:11:20.087+02:00  INFO 35525 --- [      Thread-23] d.f.e.m.s.autoconfigure.EmbeddedMongo    : {"t":{"$date":"2024-05-26T13:11:20.086+02:00"},"s":"I",  "c":"CONTROL",  "id":4784929, "ctx":"thread31","msg":"Acquiring the global lock for shutdown"}
2024-05-26T13:11:20.087+02:00  INFO 35525 --- [      Thread-23] d.f.e.m.s.autoconfigure.EmbeddedMongo    : {"t":{"$date":"2024-05-26T13:11:20.087+02:00"},"s":"I",  "c":"CONTROL",  "id":4784930, "ctx":"thread31","msg":"Shutting down the storage engine"}
2024-05-26T13:11:20.087+02:00  INFO 35525 --- [      Thread-23] d.f.e.m.s.autoconfigure.EmbeddedMongo    : {"t":{"$date":"2024-05-26T13:11:20.087+02:00"},"s":"I",  "c":"STORAGE",  "id":22320,   "ctx":"thread31","msg":"Shutting down journal flusher thread"}
2024-05-26T13:11:20.087+02:00  INFO 35525 --- [      Thread-23] d.f.e.m.s.autoconfigure.EmbeddedMongo    : {"t":{"$date":"2024-05-26T13:11:20.087+02:00"},"s":"I",  "c":"NETWORK",  "id":22944,   "ctx":"conn1","msg":"Connection ended","attr":{"remote":"127.0.0.1:58921","uuid":"02dc9c1b-f28f-4c53-a028-d58d061cb322","connectionId":1,"connectionCount":1}}
2024-05-26T13:11:20.126+02:00  INFO 35525 --- [      Thread-23] d.f.e.m.s.autoconfigure.EmbeddedMongo    : {"t":{"$date":"2024-05-26T13:11:20.126+02:00"},"s":"I",  "c":"STORAGE",  "id":22321,   "ctx":"thread31","msg":"Finished shutting down journal flusher thread"}
2024-05-26T13:11:20.126+02:00  INFO 35525 --- [      Thread-23] d.f.e.m.s.autoconfigure.EmbeddedMongo    : {"t":{"$date":"2024-05-26T13:11:20.126+02:00"},"s":"I",  "c":"STORAGE",  "id":22322,   "ctx":"thread31","msg":"Shutting down checkpoint thread"}
2024-05-26T13:11:20.126+02:00  INFO 35525 --- [      Thread-23] d.f.e.m.s.autoconfigure.EmbeddedMongo    : {"t":{"$date":"2024-05-26T13:11:20.126+02:00"},"s":"I",  "c":"STORAGE",  "id":22323,   "ctx":"thread31","msg":"Finished shutting down checkpoint thread"}
2024-05-26T13:11:20.126+02:00  INFO 35525 --- [      Thread-23] d.f.e.m.s.autoconfigure.EmbeddedMongo    : {"t":{"$date":"2024-05-26T13:11:20.126+02:00"},"s":"I",  "c":"STORAGE",  "id":20282,   "ctx":"thread31","msg":"Deregistering all the collections"}
2024-05-26T13:11:20.126+02:00  INFO 35525 --- [      Thread-23] d.f.e.m.s.autoconfigure.EmbeddedMongo    : {"t":{"$date":"2024-05-26T13:11:20.126+02:00"},"s":"I",  "c":"STORAGE",  "id":22261,   "ctx":"thread31","msg":"Timestamp monitor shutting down"}
2024-05-26T13:11:20.126+02:00  INFO 35525 --- [      Thread-23] d.f.e.m.s.autoconfigure.EmbeddedMongo    : {"t":{"$date":"2024-05-26T13:11:20.126+02:00"},"s":"I",  "c":"STORAGE",  "id":22317,   "ctx":"thread31","msg":"WiredTigerKVEngine shutting down"}
2024-05-26T13:11:20.126+02:00  INFO 35525 --- [      Thread-23] d.f.e.m.s.autoconfigure.EmbeddedMongo    : {"t":{"$date":"2024-05-26T13:11:20.126+02:00"},"s":"I",  "c":"STORAGE",  "id":22318,   "ctx":"thread31","msg":"Shutting down session sweeper thread"}
2024-05-26T13:11:20.126+02:00  INFO 35525 --- [      Thread-23] d.f.e.m.s.autoconfigure.EmbeddedMongo    : {"t":{"$date":"2024-05-26T13:11:20.126+02:00"},"s":"I",  "c":"STORAGE",  "id":22319,   "ctx":"thread31","msg":"Finished shutting down session sweeper thread"}
2024-05-26T13:11:20.126+02:00  INFO 35525 --- [      Thread-23] d.f.e.m.s.autoconfigure.EmbeddedMongo    : {"t":{"$date":"2024-05-26T13:11:20.126+02:00"},"s":"I",  "c":"STORAGE",  "id":4795902, "ctx":"thread31","msg":"Closing WiredTiger","attr":{"closeConfig":"leak_memory=true,"}}
2024-05-26T13:11:20.157+02:00  INFO 35525 --- [      Thread-23] d.f.e.m.s.autoconfigure.EmbeddedMongo    : {"t":{"$date":"2024-05-26T13:11:20.157+02:00"},"s":"I",  "c":"STORAGE",  "id":4795901, "ctx":"thread31","msg":"WiredTiger closed","attr":{"durationMillis":31}}
2024-05-26T13:11:20.157+02:00  INFO 35525 --- [      Thread-23] d.f.e.m.s.autoconfigure.EmbeddedMongo    : {"t":{"$date":"2024-05-26T13:11:20.157+02:00"},"s":"I",  "c":"STORAGE",  "id":22279,   "ctx":"thread31","msg":"shutdown: removing fs lock..."}
2024-05-26T13:11:20.157+02:00  INFO 35525 --- [      Thread-23] d.f.e.m.s.autoconfigure.EmbeddedMongo    : {"t":{"$date":"2024-05-26T13:11:20.157+02:00"},"s":"I",  "c":"-",        "id":4784931, "ctx":"thread31","msg":"Dropping the scope cache for shutdown"}
2024-05-26T13:11:20.157+02:00  INFO 35525 --- [      Thread-23] d.f.e.m.s.autoconfigure.EmbeddedMongo    : {"t":{"$date":"2024-05-26T13:11:20.157+02:00"},"s":"I",  "c":"FTDC",     "id":20626,   "ctx":"thread31","msg":"Shutting down full-time diagnostic data capture"}
2024-05-26T13:11:20.159+02:00  INFO 35525 --- [      Thread-23] d.f.e.m.s.autoconfigure.EmbeddedMongo    : {"t":{"$date":"2024-05-26T13:11:20.159+02:00"},"s":"I",  "c":"CONTROL",  "id":20565,   "ctx":"thread31","msg":"Now exiting"}
2024-05-26T13:11:20.159+02:00  INFO 35525 --- [      Thread-23] d.f.e.m.s.autoconfigure.EmbeddedMongo    : {"t":{"$date":"2024-05-26T13:11:20.159+02:00"},"s":"I",  "c":"CONTROL",  "id":23138,   "ctx":"thread31","msg":"Shutting down","attr":{"exitCode":0}}
2024-05-26T13:11:20.268+02:00  INFO 35525 --- [           main] j.LocalContainerEntityManagerFactoryBean : Closing JPA EntityManagerFactory for persistence unit 'default'
2024-05-26T13:11:20.268+02:00  INFO 35525 --- [           main] com.zaxxer.hikari.HikariDataSource       : HikariPool-6 - Shutdown initiated...
2024-05-26T13:11:20.269+02:00  INFO 35525 --- [           main] com.zaxxer.hikari.HikariDataSource       : HikariPool-6 - Shutdown completed.
]]></system-out>
  </testcase>
</testsuite>